#
# A fatal error has been detected by the Java Runtime Environment:
#
#  SIGSEGV (0xb) at pc=0x000000012df24ea2, pid=22483, tid=259
#
# JRE version: OpenJDK Runtime Environment (19.0+36) (build 19+36-2238)
# Java VM: OpenJDK 64-Bit Server VM (19+36-2238, mixed mode, sharing, tiered, compressed oops, compressed class ptrs, g1 gc, bsd-amd64)
# Problematic frame:
# C  [libglass.dylib+0x5ea2]  getImage+0x942
#
# No core dump will be written. Core dumps have been disabled. To enable core dumping, try "ulimit -c unlimited" before starting Java again
#
# If you would like to submit a bug report, please visit:
#   https://bugreport.java.com/bugreport/crash.jsp
#

---------------  S U M M A R Y ------------

Command Line: MyShelfie-1.0-SNAPSHOT-jar-with-dependencies.jar -i 10.130.254.244

Host: "MacBookAir9,1" x86_64 1100 MHz, 8 cores, 8G, Darwin 21.6.0, macOS 12.5 (21G72)
Time: Mon Jun 26 17:48:09 2023 CEST elapsed time: 190.702603 seconds (0d 0h 3m 10s)

---------------  T H R E A D  ---------------

Current thread is native thread

Stack: [0x00007ff7b148a000,0x00007ff7b1c8a000],  sp=0x00007ff7b1c86370,  free space=8176k
Native frames: (J=compiled Java code, j=interpreted, Vv=VM code, C=native code)
C  [libglass.dylib+0x5ea2]  getImage+0x942
C  [libglass.dylib+0x4ca4]
C  [CoreFoundation+0x7576c]  __CFNOTIFICATIONCENTER_IS_CALLING_OUT_TO_AN_OBSERVER__+0xc
C  [CoreFoundation+0x112b62]  ___CFXRegistrationPost_block_invoke+0x31
C  [CoreFoundation+0x112ae0]  _CFXRegistrationPost+0x1f0
C  [CoreFoundation+0x473a8]  _CFXNotificationPost+0x2df
C  [Foundation+0x97ae]  -[NSNotificationCenter postNotificationName:object:userInfo:]+0x52
C  [AppKit+0x8fad1]  -[NSWindow _setFrameCommon:display:fromServer:]+0xc01
C  [AppKit+0x96565f]  -[_NSExitFullScreenTransitionController setupWindowForAfterFullScreenExit]+0x23d
C  [AppKit+0x969054]  __46-[_NSExitFullScreenTransitionController start]_block_invoke.336+0x39
C  [libdispatch.dylib+0x20cc]  _dispatch_call_block_and_release+0xc
C  [libdispatch.dylib+0x3317]  _dispatch_client_callout+0x8
C  [libdispatch.dylib+0xfc78]  _dispatch_main_queue_drain+0x3af
C  [libdispatch.dylib+0xf8bb]  _dispatch_main_queue_callback_4CF+0x1f
C  [CoreFoundation+0xbdf17]  __CFRUNLOOP_IS_SERVICING_THE_MAIN_DISPATCH_QUEUE__+0x9
C  [CoreFoundation+0x7efff]  __CFRunLoopRun+0xad3
C  [CoreFoundation+0x7de6c]  CFRunLoopRunSpecific+0x232
C  [libjli.dylib+0x6ef2]  CreateExecutionEnvironment+0x182
C  [libjli.dylib+0x2c6c]  JLI_Launch+0x59c
C  [java+0x3c0f]  main+0x18f
C  0x000000010ed7952e


siginfo: si_signo: 11 (SIGSEGV), si_code: 1 (SEGV_MAPERR), si_addr: 0x0000000000000000

Registers:
RAX=0x0000000000000103, RBX=0x0000000000000000, RCX=0x0000000000000000, RDX=0x000000000070be00
RSP=0x00007ff7b1c86370, RBP=0x00007ff7b1c867c0, RSI=0x00007ff7b1c867d0, RDI=0x000000010e38e380
R8 =0x00007ff5ac218e00, R9 =0x0000000000000600, R10=0x0000000000008003, R11=0x0000000000003fff
R12=0x000000012df604e8, R13=0x00007ff5ac218400, R14=0x00006000016426d0, R15=0x0000000000000015
RIP=0x000000012df24ea2, EFLAGS=0x0000000000010202, ERR=0x0000000000000004
  TRAPNO=0x000000000000000e


Top of Stack: (sp=0x00007ff7b1c86370)
0x00007ff7b1c86370:   00007ff80d45e400 00007ff5b1f04d30
0x00007ff7b1c86380:   0000000000000000 00007ff80d61bb71
0x00007ff7b1c86390:   000000012df24e5b 000000012df23ca4
0x00007ff7b1c863a0:   00007ff80d68776c 00007ff80d724b62
0x00007ff7b1c863b0:   00007ff80d724ae0 00007ff80d6593a8
0x00007ff7b1c863c0:   00007ff80e4977ae 00007ff81011aad1
0x00007ff7b1c863d0:   00007ff8109f065f 00007ff8109f4054
0x00007ff7b1c863e0:   00007ff80d4130cc 00007ff80d414317
0x00007ff7b1c863f0:   00007ff80d420c78 00007ff80d4208bb
0x00007ff7b1c86400:   00007ff80d6cff17 00007ff80d690fff
0x00007ff7b1c86410:   00007ff80d68fe6c 000000010e3a5ef2
0x00007ff7b1c86420:   000000010e3a1c6c 000000010e279c0f
0x00007ff7b1c86430:   000000010ed7952e 0000000000000000
0x00007ff7b1c86440:   000000000000002c 00007ff7b1c865c0
0x00007ff7b1c86450:   000060000134a9f0 00007ff7b1c864b8
0x00007ff7b1c86460:   00007ff7b1c86580 00007ff8100f04c6
0x00007ff7b1c86470:   00007ff7b1c864c8 00007ff7b1c864c0
0x00007ff7b1c86480:   00007ff7b1c864cf 00007ff8100f04f7
0x00007ff7b1c86490:   0000000000000000 000060000134aa00
0x00007ff7b1c864a0:   00007ff84d4ef268 00007ff7b1c865c0
0x00007ff7b1c864b0:   d8d5eb0d8736b620 00007ff7b1c864d0
0x00007ff7b1c864c0:   0000000000000020 0000600000000000
0x00007ff7b1c864d0:   0000000000000000 0000000000000000
0x00007ff7b1c864e0:   00007ff5ab813501 00007ff5ab813580
0x00007ff7b1c864f0:   00007ff7b1c86520 00007ff8100e1b52
0x00007ff7b1c86500:   00007ff5ab813580 00007ff5ab813580
0x00007ff7b1c86510:   00007ff5ab813b90 00007ff7b1c86590
0x00007ff7b1c86520:   00007ff7b1c86540 00007ff8100e5c24
0x00007ff7b1c86530:   c6c77dc3f35e0061 00007ff7b1c865d8
0x00007ff7b1c86540:   0000000000000001 000060000257cac0
0x00007ff7b1c86550:   0000000000000000 00007ff7b1c86590
0x00007ff7b1c86560:   00007ff7b1c86580 00007ff8100ff6ec 

Instructions: (pc=0x000000012df24ea2)
0x000000012df24da2:   5d 41 5e 41 5f 5d c3 e8 9e 75 02 00 66 90 55 48
0x000000012df24db2:   89 e5 41 57 41 56 41 55 41 54 53 48 81 ec 28 04
0x000000012df24dc2:   00 00 48 8b 05 4d 23 03 00 48 8b 00 48 89 45 d0
0x000000012df24dd2:   48 8d 05 3f ac 03 00 48 8b 00 80 3c 07 00 0f 85
0x000000012df24de2:   4b 01 00 00 49 89 fe 48 8d 75 10 48 8d 05 34 ac
0x000000012df24df2:   03 00 48 8b 00 48 8b 0e 48 8b 56 08 48 89 54 07
0x000000012df24e02:   08 48 89 0c 07 4c 8d 25 da b6 03 00 49 8b 1c 24
0x000000012df24e12:   48 85 db 0f 85 87 00 00 00 48 8b 05 fe 22 03 00
0x000000012df24e22:   48 8b 38 48 8d 35 84 c9 02 00 48 8d 15 e2 cc 02
0x000000012df24e32:   00 48 8d 0d 2c cc 02 00 41 b8 54 00 00 00 31 c0
0x000000012df24e42:   e8 4d 75 02 00 48 8d 9d d0 fb ff ff 48 89 df be
0x000000012df24e52:   80 00 00 00 e8 09 75 02 00 41 89 c7 48 89 df 89
0x000000012df24e62:   c6 e8 02 75 02 00 49 89 c5 45 85 ff 7e 22 45 89
0x000000012df24e72:   ff 31 db 66 2e 0f 1f 84 00 00 00 00 00 90 49 8b
0x000000012df24e82:   7c dd 00 e8 ae 76 02 00 48 ff c3 49 39 df 75 ee
0x000000012df24e92:   4c 89 ef e8 06 75 02 00 49 8b 1c 24 48 8d 75 10
0x000000012df24ea2:   48 8b 03 48 8b 80 e8 01 00 00 48 89 85 b8 fb ff
0x000000012df24eb2:   ff 48 8d 05 f6 aa 03 00 48 8b 00 49 8b 04 06 48
0x000000012df24ec2:   89 85 c0 fb ff ff 48 8d 05 71 b6 03 00 f2 44 0f
0x000000012df24ed2:   2c 26 4c 8b 28 f2 0f 2c 46 08 89 85 cc fb ff ff
0x000000012df24ee2:   48 8d 05 cf aa 03 00 48 8b 00 49 8b 3c 06 48 8b
0x000000012df24ef2:   35 71 95 03 00 4c 8b 3d 6a 22 03 00 41 ff d7 44
0x000000012df24f02:   0f be c8 48 89 df 48 8b b5 c0 fb ff ff 4c 89 ea
0x000000012df24f12:   44 89 e1 44 8b 85 cc fb ff ff 31 c0 ff 95 b8 fb
0x000000012df24f22:   ff ff 48 8b 35 45 95 03 00 4c 89 f7 41 ff d7 48
0x000000012df24f32:   8b 05 e0 21 03 00 48 8b 00 48 3b 45 d0 75 12 48
0x000000012df24f42:   81 c4 28 04 00 00 5b 41 5c 41 5d 41 5e 41 5f 5d
0x000000012df24f52:   c3 e8 f4 73 02 00 0f 1f 84 00 00 00 00 00 55 48
0x000000012df24f62:   89 e5 41 57 41 56 41 55 41 54 53 48 81 ec 08 04
0x000000012df24f72:   00 00 48 8b 05 9d 21 03 00 48 8b 00 48 89 45 d0
0x000000012df24f82:   48 8d 05 97 aa 03 00 48 8b 00 80 3c 07 00 0f 85
0x000000012df24f92:   27 01 00 00 41 89 d6 49 89 ff 48 8d 05 45 b5 03 



---------------  P R O C E S S  ---------------

VM state: not at safepoint (normal execution)

VM Mutex/Monitor currently owned by a thread: None

Heap address: 0x0000000780000000, size: 2048 MB, Compressed Oops mode: Zero based, Oop shift amount: 3

CDS archive(s) mapped at: [0x0000000800000000-0x0000000800c44000-0x0000000800c44000), size 12861440, SharedBaseAddress: 0x0000000800000000, ArchiveRelocationMode: 0.
Compressed class space mapped at: 0x0000000801000000-0x0000000841000000, reserved size: 1073741824
Narrow klass base: 0x0000000800000000, Narrow klass shift: 0, Narrow klass range: 0x100000000

GC Precious Log:
<Skipped>

Heap:
 garbage-first heap   total 133120K, used 82638K [0x0000000780000000, 0x0000000800000000)
  region size 1024K, 37 young (37888K), 3 survivors (3072K)
 Metaspace       used 17664K, committed 18048K, reserved 1114112K
  class space    used 2435K, committed 2624K, reserved 1048576K

Heap Regions: E=young(eden), S=young(survivor), O=old, HS=humongous(starts), HC=humongous(continues), CS=collection set, F=free, OA=open archive, CA=closed archive, TAMS=top-at-mark-start (previous, next)
|   0|0x0000000780000000, 0x0000000780000000, 0x0000000780100000|  0%| F|  |TAMS 0x0000000780000000, 0x0000000780000000| Untracked 
|   1|0x0000000780100000, 0x0000000780200000, 0x0000000780200000|100%|HS|  |TAMS 0x0000000780100000, 0x0000000780100000| Complete 
|   2|0x0000000780200000, 0x0000000780300000, 0x0000000780300000|100%|HS|  |TAMS 0x0000000780200000, 0x0000000780200000| Complete 
|   3|0x0000000780300000, 0x0000000780400000, 0x0000000780400000|100%|HC|  |TAMS 0x0000000780300000, 0x0000000780300000| Complete 
|   4|0x0000000780400000, 0x0000000780500000, 0x0000000780500000|100%|HC|  |TAMS 0x0000000780400000, 0x0000000780400000| Complete 
|   5|0x0000000780500000, 0x00000007805bf800, 0x0000000780600000| 74%| O|  |TAMS 0x0000000780500000, 0x0000000780500000| Untracked 
|   6|0x0000000780600000, 0x0000000780700000, 0x0000000780700000|100%|HS|  |TAMS 0x0000000780600000, 0x0000000780600000| Complete 
|   7|0x0000000780700000, 0x0000000780800000, 0x0000000780800000|100%|HC|  |TAMS 0x0000000780700000, 0x0000000780700000| Complete 
|   8|0x0000000780800000, 0x0000000780900000, 0x0000000780900000|100%|HC|  |TAMS 0x0000000780800000, 0x0000000780800000| Complete 
|   9|0x0000000780900000, 0x0000000780a00000, 0x0000000780a00000|100%|HS|  |TAMS 0x0000000780900000, 0x0000000780900000| Complete 
|  10|0x0000000780a00000, 0x0000000780b00000, 0x0000000780b00000|100%|HC|  |TAMS 0x0000000780a00000, 0x0000000780a00000| Complete 
|  11|0x0000000780b00000, 0x0000000780c00000, 0x0000000780c00000|100%|HS|  |TAMS 0x0000000780b00000, 0x0000000780b00000| Complete 
|  12|0x0000000780c00000, 0x0000000780d00000, 0x0000000780d00000|100%|HC|  |TAMS 0x0000000780c00000, 0x0000000780c00000| Complete 
|  13|0x0000000780d00000, 0x0000000780e00000, 0x0000000780e00000|100%|HC|  |TAMS 0x0000000780d00000, 0x0000000780d00000| Complete 
|  14|0x0000000780e00000, 0x0000000780f00000, 0x0000000780f00000|100%|HS|  |TAMS 0x0000000780e00000, 0x0000000780e00000| Complete 
|  15|0x0000000780f00000, 0x0000000781000000, 0x0000000781000000|100%|HC|  |TAMS 0x0000000780f00000, 0x0000000780f00000| Complete 
|  16|0x0000000781000000, 0x0000000781100000, 0x0000000781100000|100%|HC|  |TAMS 0x0000000781000000, 0x0000000781000000| Complete 
|  17|0x0000000781100000, 0x0000000781200000, 0x0000000781200000|100%|HS|  |TAMS 0x0000000781100000, 0x0000000781100000| Complete 
|  18|0x0000000781200000, 0x0000000781300000, 0x0000000781300000|100%|HC|  |TAMS 0x0000000781200000, 0x0000000781200000| Complete 
|  19|0x0000000781300000, 0x0000000781400000, 0x0000000781400000|100%|HC|  |TAMS 0x0000000781300000, 0x0000000781300000| Complete 
|  20|0x0000000781400000, 0x0000000781500000, 0x0000000781500000|100%|HS|  |TAMS 0x0000000781400000, 0x0000000781400000| Complete 
|  21|0x0000000781500000, 0x0000000781600000, 0x0000000781600000|100%|HC|  |TAMS 0x0000000781500000, 0x0000000781500000| Complete 
|  22|0x0000000781600000, 0x0000000781700000, 0x0000000781700000|100%|HC|  |TAMS 0x0000000781600000, 0x0000000781600000| Complete 
|  23|0x0000000781700000, 0x0000000781800000, 0x0000000781800000|100%|HS|  |TAMS 0x0000000781700000, 0x0000000781700000| Complete 
|  24|0x0000000781800000, 0x0000000781900000, 0x0000000781900000|100%|HC|  |TAMS 0x0000000781800000, 0x0000000781800000| Complete 
|  25|0x0000000781900000, 0x0000000781a00000, 0x0000000781a00000|100%|HC|  |TAMS 0x0000000781900000, 0x0000000781900000| Complete 
|  26|0x0000000781a00000, 0x0000000781b00000, 0x0000000781b00000|100%|HS|  |TAMS 0x0000000781a00000, 0x0000000781a00000| Complete 
|  27|0x0000000781b00000, 0x0000000781c00000, 0x0000000781c00000|100%|HC|  |TAMS 0x0000000781b00000, 0x0000000781b00000| Complete 
|  28|0x0000000781c00000, 0x0000000781d00000, 0x0000000781d00000|100%|HC|  |TAMS 0x0000000781c00000, 0x0000000781c00000| Complete 
|  29|0x0000000781d00000, 0x0000000781e00000, 0x0000000781e00000|100%|HS|  |TAMS 0x0000000781d00000, 0x0000000781d00000| Complete 
|  30|0x0000000781e00000, 0x0000000781f00000, 0x0000000781f00000|100%|HC|  |TAMS 0x0000000781e00000, 0x0000000781e00000| Complete 
|  31|0x0000000781f00000, 0x0000000782000000, 0x0000000782000000|100%|HC|  |TAMS 0x0000000781f00000, 0x0000000781f00000| Complete 
|  32|0x0000000782000000, 0x0000000782100000, 0x0000000782100000|100%|HS|  |TAMS 0x0000000782000000, 0x0000000782000000| Complete 
|  33|0x0000000782100000, 0x0000000782200000, 0x0000000782200000|100%|HC|  |TAMS 0x0000000782100000, 0x0000000782100000| Complete 
|  34|0x0000000782200000, 0x0000000782300000, 0x0000000782300000|100%|HC|  |TAMS 0x0000000782200000, 0x0000000782200000| Complete 
|  35|0x0000000782300000, 0x0000000782400000, 0x0000000782400000|100%|HS|  |TAMS 0x0000000782300000, 0x0000000782300000| Complete 
|  36|0x0000000782400000, 0x0000000782500000, 0x0000000782500000|100%|HC|  |TAMS 0x0000000782400000, 0x0000000782400000| Complete 
|  37|0x0000000782500000, 0x0000000782600000, 0x0000000782600000|100%|HC|  |TAMS 0x0000000782500000, 0x0000000782500000| Complete 
|  38|0x0000000782600000, 0x0000000782700000, 0x0000000782700000|100%|HS|  |TAMS 0x0000000782600000, 0x0000000782600000| Complete 
|  39|0x0000000782700000, 0x0000000782800000, 0x0000000782800000|100%|HC|  |TAMS 0x0000000782700000, 0x0000000782700000| Complete 
|  40|0x0000000782800000, 0x0000000782900000, 0x0000000782900000|100%|HC|  |TAMS 0x0000000782800000, 0x0000000782800000| Complete 
|  41|0x0000000782900000, 0x0000000782a00000, 0x0000000782a00000|100%|HS|  |TAMS 0x0000000782900000, 0x0000000782900000| Complete 
|  42|0x0000000782a00000, 0x0000000782b00000, 0x0000000782b00000|100%|HC|  |TAMS 0x0000000782a00000, 0x0000000782a00000| Complete 
|  43|0x0000000782b00000, 0x0000000782c00000, 0x0000000782c00000|100%|HC|  |TAMS 0x0000000782b00000, 0x0000000782b00000| Complete 
|  44|0x0000000782c00000, 0x0000000782c00000, 0x0000000782d00000|  0%| F|  |TAMS 0x0000000782c00000, 0x0000000782c00000| Untracked 
|  45|0x0000000782d00000, 0x0000000782d00000, 0x0000000782e00000|  0%| F|  |TAMS 0x0000000782d00000, 0x0000000782d00000| Untracked 
|  46|0x0000000782e00000, 0x0000000782e00000, 0x0000000782f00000|  0%| F|  |TAMS 0x0000000782e00000, 0x0000000782e00000| Untracked 
|  47|0x0000000782f00000, 0x0000000782f00000, 0x0000000783000000|  0%| F|  |TAMS 0x0000000782f00000, 0x0000000782f00000| Untracked 
|  48|0x0000000783000000, 0x0000000783000000, 0x0000000783100000|  0%| F|  |TAMS 0x0000000783000000, 0x0000000783000000| Untracked 
|  49|0x0000000783100000, 0x0000000783100000, 0x0000000783200000|  0%| F|  |TAMS 0x0000000783100000, 0x0000000783100000| Untracked 
|  50|0x0000000783200000, 0x0000000783200000, 0x0000000783300000|  0%| F|  |TAMS 0x0000000783200000, 0x0000000783200000| Untracked 
|  51|0x0000000783300000, 0x0000000783300000, 0x0000000783400000|  0%| F|  |TAMS 0x0000000783300000, 0x0000000783300000| Untracked 
|  52|0x0000000783400000, 0x0000000783400000, 0x0000000783500000|  0%| F|  |TAMS 0x0000000783400000, 0x0000000783400000| Untracked 
|  53|0x0000000783500000, 0x0000000783500000, 0x0000000783600000|  0%| F|  |TAMS 0x0000000783500000, 0x0000000783500000| Untracked 
|  54|0x0000000783600000, 0x0000000783600000, 0x0000000783700000|  0%| F|  |TAMS 0x0000000783600000, 0x0000000783600000| Untracked 
|  55|0x0000000783700000, 0x0000000783700000, 0x0000000783800000|  0%| F|  |TAMS 0x0000000783700000, 0x0000000783700000| Untracked 
|  56|0x0000000783800000, 0x0000000783800000, 0x0000000783900000|  0%| F|  |TAMS 0x0000000783800000, 0x0000000783800000| Untracked 
|  57|0x0000000783900000, 0x0000000783900000, 0x0000000783a00000|  0%| F|  |TAMS 0x0000000783900000, 0x0000000783900000| Untracked 
|  58|0x0000000783a00000, 0x0000000783a00000, 0x0000000783b00000|  0%| F|  |TAMS 0x0000000783a00000, 0x0000000783a00000| Untracked 
|  59|0x0000000783b00000, 0x0000000783b00000, 0x0000000783c00000|  0%| F|  |TAMS 0x0000000783b00000, 0x0000000783b00000| Untracked 
|  60|0x0000000783c00000, 0x0000000783c00000, 0x0000000783d00000|  0%| F|  |TAMS 0x0000000783c00000, 0x0000000783c00000| Untracked 
|  61|0x0000000783d00000, 0x0000000783d00000, 0x0000000783e00000|  0%| F|  |TAMS 0x0000000783d00000, 0x0000000783d00000| Untracked 
|  62|0x0000000783e00000, 0x0000000783e00000, 0x0000000783f00000|  0%| F|  |TAMS 0x0000000783e00000, 0x0000000783e00000| Untracked 
|  63|0x0000000783f00000, 0x0000000783f00000, 0x0000000784000000|  0%| F|  |TAMS 0x0000000783f00000, 0x0000000783f00000| Untracked 
|  64|0x0000000784000000, 0x0000000784000000, 0x0000000784100000|  0%| F|  |TAMS 0x0000000784000000, 0x0000000784000000| Untracked 
|  65|0x0000000784100000, 0x0000000784100000, 0x0000000784200000|  0%| F|  |TAMS 0x0000000784100000, 0x0000000784100000| Untracked 
|  66|0x0000000784200000, 0x0000000784200000, 0x0000000784300000|  0%| F|  |TAMS 0x0000000784200000, 0x0000000784200000| Untracked 
|  67|0x0000000784300000, 0x0000000784300000, 0x0000000784400000|  0%| F|  |TAMS 0x0000000784300000, 0x0000000784300000| Untracked 
|  68|0x0000000784400000, 0x0000000784400000, 0x0000000784500000|  0%| F|  |TAMS 0x0000000784400000, 0x0000000784400000| Untracked 
|  69|0x0000000784500000, 0x0000000784500000, 0x0000000784600000|  0%| F|  |TAMS 0x0000000784500000, 0x0000000784500000| Untracked 
|  70|0x0000000784600000, 0x0000000784600000, 0x0000000784700000|  0%| F|  |TAMS 0x0000000784600000, 0x0000000784600000| Untracked 
|  71|0x0000000784700000, 0x0000000784700000, 0x0000000784800000|  0%| F|  |TAMS 0x0000000784700000, 0x0000000784700000| Untracked 
|  72|0x0000000784800000, 0x0000000784800000, 0x0000000784900000|  0%| F|  |TAMS 0x0000000784800000, 0x0000000784800000| Untracked 
|  73|0x0000000784900000, 0x0000000784900000, 0x0000000784a00000|  0%| F|  |TAMS 0x0000000784900000, 0x0000000784900000| Untracked 
|  74|0x0000000784a00000, 0x0000000784a00000, 0x0000000784b00000|  0%| F|  |TAMS 0x0000000784a00000, 0x0000000784a00000| Untracked 
|  75|0x0000000784b00000, 0x0000000784b00000, 0x0000000784c00000|  0%| F|  |TAMS 0x0000000784b00000, 0x0000000784b00000| Untracked 
|  76|0x0000000784c00000, 0x0000000784c00000, 0x0000000784d00000|  0%| F|  |TAMS 0x0000000784c00000, 0x0000000784c00000| Untracked 
|  77|0x0000000784d00000, 0x0000000784d00000, 0x0000000784e00000|  0%| F|  |TAMS 0x0000000784d00000, 0x0000000784d00000| Untracked 
|  78|0x0000000784e00000, 0x0000000784e00000, 0x0000000784f00000|  0%| F|  |TAMS 0x0000000784e00000, 0x0000000784e00000| Untracked 
|  79|0x0000000784f00000, 0x0000000784f00000, 0x0000000785000000|  0%| F|  |TAMS 0x0000000784f00000, 0x0000000784f00000| Untracked 
|  80|0x0000000785000000, 0x0000000785000000, 0x0000000785100000|  0%| F|  |TAMS 0x0000000785000000, 0x0000000785000000| Untracked 
|  81|0x0000000785100000, 0x0000000785100000, 0x0000000785200000|  0%| F|  |TAMS 0x0000000785100000, 0x0000000785100000| Untracked 
|  82|0x0000000785200000, 0x0000000785200000, 0x0000000785300000|  0%| F|  |TAMS 0x0000000785200000, 0x0000000785200000| Untracked 
|  83|0x0000000785300000, 0x0000000785300000, 0x0000000785400000|  0%| F|  |TAMS 0x0000000785300000, 0x0000000785300000| Untracked 
|  84|0x0000000785400000, 0x0000000785400000, 0x0000000785500000|  0%| F|  |TAMS 0x0000000785400000, 0x0000000785400000| Untracked 
|  85|0x0000000785500000, 0x0000000785500000, 0x0000000785600000|  0%| F|  |TAMS 0x0000000785500000, 0x0000000785500000| Untracked 
|  86|0x0000000785600000, 0x0000000785600000, 0x0000000785700000|  0%| F|  |TAMS 0x0000000785600000, 0x0000000785600000| Untracked 
|  87|0x0000000785700000, 0x0000000785700000, 0x0000000785800000|  0%| F|  |TAMS 0x0000000785700000, 0x0000000785700000| Untracked 
|  88|0x0000000785800000, 0x0000000785800000, 0x0000000785900000|  0%| F|  |TAMS 0x0000000785800000, 0x0000000785800000| Untracked 
|  89|0x0000000785900000, 0x0000000785900000, 0x0000000785a00000|  0%| F|  |TAMS 0x0000000785900000, 0x0000000785900000| Untracked 
|  90|0x0000000785a00000, 0x0000000785a00000, 0x0000000785b00000|  0%| F|  |TAMS 0x0000000785a00000, 0x0000000785a00000| Untracked 
|  91|0x0000000785b00000, 0x0000000785c00000, 0x0000000785c00000|100%| E|  |TAMS 0x0000000785b00000, 0x0000000785b00000| Complete 
|  92|0x0000000785c00000, 0x0000000785d00000, 0x0000000785d00000|100%| E|CS|TAMS 0x0000000785c00000, 0x0000000785c00000| Complete 
|  93|0x0000000785d00000, 0x0000000785e00000, 0x0000000785e00000|100%| E|CS|TAMS 0x0000000785d00000, 0x0000000785d00000| Complete 
|  94|0x0000000785e00000, 0x0000000785f00000, 0x0000000785f00000|100%| E|CS|TAMS 0x0000000785e00000, 0x0000000785e00000| Complete 
|  95|0x0000000785f00000, 0x0000000786000000, 0x0000000786000000|100%| E|CS|TAMS 0x0000000785f00000, 0x0000000785f00000| Complete 
|  96|0x0000000786000000, 0x0000000786100000, 0x0000000786100000|100%| E|CS|TAMS 0x0000000786000000, 0x0000000786000000| Complete 
|  97|0x0000000786100000, 0x0000000786200000, 0x0000000786200000|100%| E|CS|TAMS 0x0000000786100000, 0x0000000786100000| Complete 
|  98|0x0000000786200000, 0x0000000786300000, 0x0000000786300000|100%| E|CS|TAMS 0x0000000786200000, 0x0000000786200000| Complete 
|  99|0x0000000786300000, 0x0000000786400000, 0x0000000786400000|100%| E|CS|TAMS 0x0000000786300000, 0x0000000786300000| Complete 
| 100|0x0000000786400000, 0x0000000786500000, 0x0000000786500000|100%| E|CS|TAMS 0x0000000786400000, 0x0000000786400000| Complete 
| 101|0x0000000786500000, 0x0000000786600000, 0x0000000786600000|100%| E|CS|TAMS 0x0000000786500000, 0x0000000786500000| Complete 
| 102|0x0000000786600000, 0x0000000786700000, 0x0000000786700000|100%| S|CS|TAMS 0x0000000786600000, 0x0000000786600000| Complete 
| 103|0x0000000786700000, 0x0000000786800000, 0x0000000786800000|100%| S|CS|TAMS 0x0000000786700000, 0x0000000786700000| Complete 
| 104|0x0000000786800000, 0x0000000786900000, 0x0000000786900000|100%| S|CS|TAMS 0x0000000786800000, 0x0000000786800000| Complete 
| 105|0x0000000786900000, 0x0000000786a00000, 0x0000000786a00000|100%| E|CS|TAMS 0x0000000786900000, 0x0000000786900000| Complete 
| 106|0x0000000786a00000, 0x0000000786b00000, 0x0000000786b00000|100%| E|CS|TAMS 0x0000000786a00000, 0x0000000786a00000| Complete 
| 107|0x0000000786b00000, 0x0000000786c00000, 0x0000000786c00000|100%| E|CS|TAMS 0x0000000786b00000, 0x0000000786b00000| Complete 
| 108|0x0000000786c00000, 0x0000000786d00000, 0x0000000786d00000|100%| E|CS|TAMS 0x0000000786c00000, 0x0000000786c00000| Complete 
| 109|0x0000000786d00000, 0x0000000786e00000, 0x0000000786e00000|100%| E|CS|TAMS 0x0000000786d00000, 0x0000000786d00000| Complete 
| 110|0x0000000786e00000, 0x0000000786f00000, 0x0000000786f00000|100%| E|CS|TAMS 0x0000000786e00000, 0x0000000786e00000| Complete 
| 111|0x0000000786f00000, 0x0000000787000000, 0x0000000787000000|100%| E|CS|TAMS 0x0000000786f00000, 0x0000000786f00000| Complete 
| 112|0x0000000787000000, 0x0000000787100000, 0x0000000787100000|100%| E|CS|TAMS 0x0000000787000000, 0x0000000787000000| Complete 
| 113|0x0000000787100000, 0x0000000787200000, 0x0000000787200000|100%| E|CS|TAMS 0x0000000787100000, 0x0000000787100000| Complete 
| 114|0x0000000787200000, 0x0000000787300000, 0x0000000787300000|100%| E|CS|TAMS 0x0000000787200000, 0x0000000787200000| Complete 
| 115|0x0000000787300000, 0x0000000787400000, 0x0000000787400000|100%| E|CS|TAMS 0x0000000787300000, 0x0000000787300000| Complete 
| 116|0x0000000787400000, 0x0000000787500000, 0x0000000787500000|100%| E|CS|TAMS 0x0000000787400000, 0x0000000787400000| Complete 
| 117|0x0000000787500000, 0x0000000787600000, 0x0000000787600000|100%| E|CS|TAMS 0x0000000787500000, 0x0000000787500000| Complete 
| 118|0x0000000787600000, 0x0000000787700000, 0x0000000787700000|100%| E|CS|TAMS 0x0000000787600000, 0x0000000787600000| Complete 
| 119|0x0000000787700000, 0x0000000787800000, 0x0000000787800000|100%| E|CS|TAMS 0x0000000787700000, 0x0000000787700000| Complete 
| 120|0x0000000787800000, 0x0000000787900000, 0x0000000787900000|100%| E|  |TAMS 0x0000000787800000, 0x0000000787800000| Complete 
| 121|0x0000000787900000, 0x0000000787a00000, 0x0000000787a00000|100%| E|CS|TAMS 0x0000000787900000, 0x0000000787900000| Complete 
| 122|0x0000000787a00000, 0x0000000787b00000, 0x0000000787b00000|100%| E|CS|TAMS 0x0000000787a00000, 0x0000000787a00000| Complete 
| 123|0x0000000787b00000, 0x0000000787c00000, 0x0000000787c00000|100%| E|CS|TAMS 0x0000000787b00000, 0x0000000787b00000| Complete 
| 124|0x0000000787c00000, 0x0000000787d00000, 0x0000000787d00000|100%| E|CS|TAMS 0x0000000787c00000, 0x0000000787c00000| Complete 
| 125|0x0000000787d00000, 0x0000000787e00000, 0x0000000787e00000|100%| E|CS|TAMS 0x0000000787d00000, 0x0000000787d00000| Complete 
| 126|0x0000000787e00000, 0x0000000787f00000, 0x0000000787f00000|100%| E|CS|TAMS 0x0000000787e00000, 0x0000000787e00000| Complete 
| 127|0x0000000787f00000, 0x0000000788000000, 0x0000000788000000|100%| E|CS|TAMS 0x0000000787f00000, 0x0000000787f00000| Complete 
|2046|0x00000007ffe00000, 0x00000007ffe77000, 0x00000007fff00000| 46%|OA|  |TAMS 0x00000007ffe00000, 0x00000007ffe00000| Untracked 
|2047|0x00000007fff00000, 0x00000007fff7d000, 0x0000000800000000| 48%|CA|  |TAMS 0x00000007fff00000, 0x00000007fff00000| Untracked 

Card table byte_map: [0x000000010ee2c000,0x000000010f22c000] _byte_map_base: 0x000000010b22c000

Marking Bits (Prev, Next): (CMBitMap*) 0x00007ff5ac80bc10, (CMBitMap*) 0x00007ff5ac80bc50
 Prev Bits: [0x0000000127f1f000, 0x0000000129f1f000)
 Next Bits: [0x0000000129f1f000, 0x000000012bf1f000)

Polling page: 0x000000010e3c1000

Metaspace:

Usage:
  Non-class:     14,87 MB used.
      Class:      2,38 MB used.
       Both:     17,25 MB used.

Virtual space:
  Non-class space:       64,00 MB reserved,      15,06 MB ( 24%) committed,  1 nodes.
      Class space:        1,00 GB reserved,       2,56 MB ( <1%) committed,  1 nodes.
             Both:        1,06 GB reserved,      17,62 MB (  2%) committed. 

Chunk freelists:
   Non-Class:  48,00 KB
       Class:  1,48 MB
        Both:  1,53 MB

MaxMetaspaceSize: unlimited
CompressedClassSpaceSize: 1,00 GB
Initial GC threshold: 21,00 MB
Current GC threshold: 21,00 MB
CDS: on
MetaspaceReclaimPolicy: balanced
 - commit_granule_bytes: 65536.
 - commit_granule_words: 8192.
 - virtual_space_node_default_size: 8388608.
 - enlarge_chunks_in_place: 1.
 - new_chunks_are_fully_committed: 0.
 - uncommit_free_chunks: 1.
 - use_allocation_guard: 0.


Internal statistics:

num_allocs_failed_limit: 0.
num_arena_births: 364.
num_arena_deaths: 0.
num_vsnodes_births: 2.
num_vsnodes_deaths: 0.
num_space_committed: 282.
num_space_uncommitted: 0.
num_chunks_returned_to_freelist: 0.
num_chunks_taken_from_freelist: 918.
num_chunk_merges: 0.
num_chunk_splits: 642.
num_chunks_enlarged: 481.
num_inconsistent_stats: 0.

CodeHeap 'non-profiled nmethods': size=120028Kb used=1483Kb max_used=1483Kb free=118544Kb
 bounds [0x00000001209e8000, 0x0000000120c58000, 0x0000000127f1f000]
CodeHeap 'profiled nmethods': size=120028Kb used=7632Kb max_used=7632Kb free=112395Kb
 bounds [0x0000000118f1f000, 0x000000011969f000, 0x0000000120456000]
CodeHeap 'non-nmethods': size=5704Kb used=1532Kb max_used=1561Kb free=4171Kb
 bounds [0x0000000120456000, 0x00000001206c6000, 0x00000001209e8000]
 total_blobs=4606 nmethods=3783 adapters=732
 compilation: enabled
              stopped_count=0, restarted_count=0
 full_count=0

Compilation events (20 events):
Event: 177,779 Thread 0x00007ff5ad829a00 3773       4       javafx.event.Event::copyFor (45 bytes)
Event: 177,788 Thread 0x00007ff5ad829a00 nmethod 3773 0x0000000120b59610 code [0x0000000120b597a0, 0x0000000120b59b48]
Event: 177,790 Thread 0x00007ff5ad82a000 3774       3       java.io.BufferedOutputStream::flushBuffer (29 bytes)
Event: 177,791 Thread 0x00007ff5ad82a000 nmethod 3774 0x000000011968f790 code [0x000000011968f940, 0x000000011968fb60]
Event: 177,791 Thread 0x00007ff5ad82a000 3775       3       java.nio.Buffer::flip (20 bytes)
Event: 177,791 Thread 0x00007ff5ad82a000 nmethod 3775 0x000000011968fc10 code [0x000000011968fda0, 0x000000011968feb0]
Event: 177,791 Thread 0x00007ff5ad82a000 3776       3       java.io.OutputStream::flush (1 bytes)
Event: 177,791 Thread 0x00007ff5ad82a000 nmethod 3776 0x000000011968ff10 code [0x00000001196900a0, 0x00000001196901b0]
Event: 190,033 Thread 0x00007ff5ad82a000 3777       3       jdk.internal.org.objectweb.asm.FieldWriter::computeFieldInfoSize (86 bytes)
Event: 190,034 Thread 0x00007ff5ad82a000 nmethod 3777 0x0000000119690210 code [0x00000001196903e0, 0x00000001196906d0]
Event: 190,038 Thread 0x00007ff5ad82a000 3778       1       javafx.scene.Node$FocusPropertyBase::set (6 bytes)
Event: 190,038 Thread 0x00007ff5ad82a000 nmethod 3778 0x0000000120b59d10 code [0x0000000120b59ea0, 0x0000000120b59f70]
Event: 190,041 Thread 0x00007ff5ad82a000 3779       3       java.lang.invoke.MethodHandleImpl$IntrinsicMethodHandle::<init> (25 bytes)
Event: 190,042 Thread 0x00007ff5ad82a000 nmethod 3779 0x0000000119690810 code [0x0000000119690a00, 0x0000000119691070]
Event: 190,669 Thread 0x00007ff5ad82a000 3780       3       jdk.internal.org.objectweb.asm.FieldWriter::putFieldInfo (269 bytes)
Event: 190,670 Thread 0x00007ff5ad82a000 nmethod 3780 0x0000000119691210 code [0x00000001196914a0, 0x0000000119691e00]
Event: 190,677 Thread 0x00007ff5ad82a000 3782       3       java.lang.invoke.MethodHandles$Lookup::getDirectConstructorCommon (69 bytes)
Event: 190,679 Thread 0x00007ff5ad82a000 nmethod 3782 0x0000000119692190 code [0x0000000119692400, 0x0000000119692f10]
Event: 190,684 Thread 0x00007ff5ad829a00 3783   !   4       java.lang.invoke.MemberName::getMethodType (211 bytes)
Event: 190,687 Thread 0x00007ff5ad829a00 nmethod 3783 0x0000000120b5a590 code [0x0000000120b5a760, 0x0000000120b5ac48]

GC Heap History (2 events):
Event: 15,594 GC heap before
{Heap before GC invocations=0 (full 0):
 garbage-first heap   total 133120K, used 29648K [0x0000000780000000, 0x0000000800000000)
  region size 1024K, 23 young (23552K), 0 survivors (0K)
 Metaspace       used 9838K, committed 10048K, reserved 1114112K
  class space    used 1264K, committed 1344K, reserved 1048576K
}
Event: 15,599 GC heap after
{Heap after GC invocations=1 (full 0):
 garbage-first heap   total 133120K, used 8910K [0x0000000780000000, 0x0000000800000000)
  region size 1024K, 3 young (3072K), 3 survivors (3072K)
 Metaspace       used 9838K, committed 10048K, reserved 1114112K
  class space    used 1264K, committed 1344K, reserved 1048576K
}

Dll operation events (15 events):
Event: 0,012 Loaded shared library /Users/nicosolbia/Library/Java/JavaVirtualMachines/openjdk-19/Contents/Home/lib/libjava.dylib
Event: 0,072 Loaded shared library /Users/nicosolbia/Library/Java/JavaVirtualMachines/openjdk-19/Contents/Home/lib/libnio.dylib
Event: 0,094 Loaded shared library /Users/nicosolbia/Library/Java/JavaVirtualMachines/openjdk-19/Contents/Home/lib/libzip.dylib
Event: 0,144 Loaded shared library /Users/nicosolbia/Library/Java/JavaVirtualMachines/openjdk-19/Contents/Home/lib/libjimage.dylib
Event: 12,754 Loaded shared library /Users/nicosolbia/Library/Java/JavaVirtualMachines/openjdk-19/Contents/Home/lib/libnet.dylib
Event: 12,958 Loaded shared library /Users/nicosolbia/Library/Java/JavaVirtualMachines/openjdk-19/Contents/Home/lib/libextnet.dylib
Event: 12,982 Loaded shared library /Users/nicosolbia/Library/Java/JavaVirtualMachines/openjdk-19/Contents/Home/lib/librmi.dylib
Event: 13,227 Loading shared library /Users/nicosolbia/ing-sw-2023-spineto-solbiati-spezzi-romano/Executables/libprism_es2.dylib failed, dlopen(/Users/nicosolbia/ing-sw-2023-spineto-solbiati-spezzi-romano/Executables/libprism_es2.dylib, 0x0001): tried: '/Users/nicosolb
Event: 13,748 Loaded shared library /Users/nicosolbia/.openjfx/cache/20.0.1+2/x86_64/libprism_es2.dylib
Event: 14,158 Loading shared library /Users/nicosolbia/ing-sw-2023-spineto-solbiati-spezzi-romano/Executables/libglass.dylib failed, dlopen(/Users/nicosolbia/ing-sw-2023-spineto-solbiati-spezzi-romano/Executables/libglass.dylib, 0x0001): tried: '/Users/nicosolbia/ing-s
Event: 14,316 Loaded shared library /Users/nicosolbia/.openjfx/cache/20.0.1+2/x86_64/libglass.dylib
Event: 14,924 Loading shared library /Users/nicosolbia/ing-sw-2023-spineto-solbiati-spezzi-romano/Executables/libjavafx_iio.dylib failed, dlopen(/Users/nicosolbia/ing-sw-2023-spineto-solbiati-spezzi-romano/Executables/libjavafx_iio.dylib, 0x0001): tried: '/Users/nicoso
Event: 15,201 Loaded shared library /Users/nicosolbia/.openjfx/cache/20.0.1+2/x86_64/libjavafx_iio.dylib
Event: 15,388 Loading shared library /Users/nicosolbia/ing-sw-2023-spineto-solbiati-spezzi-romano/Executables/libjavafx_font.dylib failed, dlopen(/Users/nicosolbia/ing-sw-2023-spineto-solbiati-spezzi-romano/Executables/libjavafx_font.dylib, 0x0001): tried: '/Users/nico
Event: 15,532 Loaded shared library /Users/nicosolbia/.openjfx/cache/20.0.1+2/x86_64/libjavafx_font.dylib

Deoptimization events (20 events):
Event: 44,915 Thread 0x00007ff5ad956600 DEOPT PACKING pc=0x000000011942d46d sp=0x0000700002cd53f0
Event: 44,915 Thread 0x00007ff5ad956600 DEOPT UNPACKING pc=0x00000001204bca2f sp=0x0000700002cd4860 mode 0
Event: 44,917 Thread 0x00007ff5ad956600 DEOPT PACKING pc=0x000000011942d46d sp=0x0000700002cd53f0
Event: 44,917 Thread 0x00007ff5ad956600 DEOPT UNPACKING pc=0x00000001204bca2f sp=0x0000700002cd4860 mode 0
Event: 44,918 Thread 0x00007ff5ad956600 DEOPT PACKING pc=0x000000011942d46d sp=0x0000700002cd53f0
Event: 44,918 Thread 0x00007ff5ad956600 DEOPT UNPACKING pc=0x00000001204bca2f sp=0x0000700002cd4860 mode 0
Event: 44,919 Thread 0x00007ff5ad956600 DEOPT PACKING pc=0x000000011942d46d sp=0x0000700002cd53f0
Event: 44,919 Thread 0x00007ff5ad956600 DEOPT UNPACKING pc=0x00000001204bca2f sp=0x0000700002cd4860 mode 0
Event: 44,920 Thread 0x00007ff5ad956600 DEOPT PACKING pc=0x000000011942d46d sp=0x0000700002cd53f0
Event: 44,920 Thread 0x00007ff5ad956600 DEOPT UNPACKING pc=0x00000001204bca2f sp=0x0000700002cd4860 mode 0
Event: 46,013 Thread 0x00007ff5ac87f000 Uncommon trap: trap_request=0xffffff3d fr.pc=0x0000000120ac7f20 relative=0x0000000000002060
Event: 46,013 Thread 0x00007ff5ac87f000 Uncommon trap: reason=unstable_fused_if action=reinterpret pc=0x0000000120ac7f20 method=java.util.HashMap.tableSizeFor(I)I @ 10 c2
Event: 46,013 Thread 0x00007ff5ac87f000 DEOPT PACKING pc=0x0000000120ac7f20 sp=0x00007ff7b1c84720
Event: 46,013 Thread 0x00007ff5ac87f000 DEOPT UNPACKING pc=0x00000001204bc299 sp=0x00007ff7b1c845a8 mode 2
Event: 90,361 Thread 0x00007ff5ad956600 DEOPT PACKING pc=0x0000000119336d7d sp=0x0000700002cd5450
Event: 90,361 Thread 0x00007ff5ad956600 DEOPT UNPACKING pc=0x00000001204bca2f sp=0x0000700002cd4910 mode 0
Event: 175,428 Thread 0x00007ff5ac87f000 Uncommon trap: trap_request=0xffffff45 fr.pc=0x0000000120b33dc0 relative=0x0000000000000140
Event: 175,428 Thread 0x00007ff5ac87f000 Uncommon trap: reason=unstable_if action=reinterpret pc=0x0000000120b33dc0 method=javafx.scene.Scene$ClickCounter.stopTimeout()V @ 4 c2
Event: 175,428 Thread 0x00007ff5ac87f000 DEOPT PACKING pc=0x0000000120b33dc0 sp=0x00007ff7b1c82da0
Event: 175,428 Thread 0x00007ff5ac87f000 DEOPT UNPACKING pc=0x00000001204bc299 sp=0x00007ff7b1c82c88 mode 2

Classes loaded (20 events):
Event: 24,664 Loading class sun/rmi/transport/DGCAckHandler$1
Event: 24,664 Loading class sun/rmi/transport/DGCAckHandler$1 done
Event: 24,768 Loading class sun/rmi/transport/tcp/TCPTransport$ConnectionHandler
Event: 24,769 Loading class sun/rmi/transport/tcp/TCPTransport$ConnectionHandler done
Event: 25,011 Loading class sun/rmi/transport/Transport$1
Event: 25,011 Loading class sun/rmi/transport/Transport$1 done
Event: 25,014 Loading class sun/rmi/transport/DGCImpl$LeaseInfo
Event: 25,014 Loading class sun/rmi/transport/DGCImpl$LeaseInfo done
Event: 25,014 Loading class sun/rmi/transport/DGCImpl$1
Event: 25,014 Loading class sun/rmi/transport/DGCImpl$1 done
Event: 25,014 Loading class sun/rmi/transport/SequenceEntry
Event: 25,014 Loading class sun/rmi/transport/SequenceEntry done
Event: 26,104 Loading class java/util/function/UnaryOperator
Event: 26,106 Loading class java/util/function/UnaryOperator done
Event: 29,669 Loading class java/util/ArrayList$ListItr
Event: 29,669 Loading class java/util/ArrayList$ListItr done
Event: 177,788 Loading class java/lang/Throwable$WrappedPrintStream
Event: 177,789 Loading class java/lang/Throwable$PrintStreamOrWriter
Event: 177,789 Loading class java/lang/Throwable$PrintStreamOrWriter done
Event: 177,789 Loading class java/lang/Throwable$WrappedPrintStream done

Classes unloaded (0 events):
No events

Classes redefined (0 events):
No events

Internal exceptions (20 events):
Event: 16,339 Thread 0x00007ff5ad956600 Exception <a 'java/lang/NoSuchMethodError'{0x0000000787294760}: 'int java.lang.invoke.DirectMethodHandle$Holder.invokeStaticInit(java.lang.Object, java.lang.Object)'> (0x0000000787294760) 
thrown [open/src/hotspot/share/interpreter/linkResolver.cpp, line 774]
Event: 16,351 Thread 0x00007ff5ad956600 Exception <a 'java/lang/NoSuchMethodError'{0x00000007872c3da0}: 'java.lang.Object java.lang.invoke.Invokers$Holder.invokeExact_MT(java.lang.Object, java.lang.Object, java.lang.Object, java.lang.Object, java.lang.Object)'> (0x00000007872c3da0) 
thrown [open/src/hotspot/share/interpreter/linkResolver.cpp, line 774]
Event: 16,838 Thread 0x00007ff5ac87f000 Exception <a 'java/lang/NoSuchMethodError'{0x0000000787240248}: 'long java.lang.invoke.DirectMethodHandle$Holder.invokeStatic(java.lang.Object, java.lang.Object, java.lang.Object)'> (0x0000000787240248) 
thrown [open/src/hotspot/share/interpreter/linkResolver.cpp, line 774]
Event: 16,839 Thread 0x00007ff5ac87f000 Exception <a 'java/lang/NoSuchMethodError'{0x00000007872438c0}: 'long java.lang.invoke.DirectMethodHandle$Holder.invokeStaticInit(java.lang.Object, java.lang.Object, java.lang.Object)'> (0x00000007872438c0) 
thrown [open/src/hotspot/share/interpreter/linkResolver.cpp, line 774]
Event: 16,842 Thread 0x00007ff5ac87f000 Exception <a 'java/lang/NoSuchMethodError'{0x0000000786f7c518}: 'java.lang.Object java.lang.invoke.DirectMethodHandle$Holder.newInvokeSpecial(java.lang.Object, java.lang.Object, long)'> (0x0000000786f7c518) 
thrown [open/src/hotspot/share/interpreter/linkResolver.cpp, line 774]
Event: 16,843 Thread 0x00007ff5ac87f000 Exception <a 'java/lang/NoSuchMethodError'{0x0000000786f7fdf0}: 'java.lang.Object java.lang.invoke.Invokers$Holder.linkToTargetMethod(java.lang.Object, long, java.lang.Object)'> (0x0000000786f7fdf0) 
thrown [open/src/hotspot/share/interpreter/linkResolver.cpp, line 774]
Event: 21,543 Thread 0x00007ff5ac87f000 Exception <a 'java/lang/NoSuchMethodError'{0x0000000786ec6428}: 'java.lang.Object java.lang.invoke.DirectMethodHandle$Holder.newInvokeSpecial(java.lang.Object, java.lang.Object, int, int, int, int, int, java.lang.Object)'> (0x0000000786ec6428) 
thrown [open/src/hotspot/share/interpreter/linkResolver.cpp, line 774]
Event: 21,545 Thread 0x00007ff5ac87f000 Exception <a 'java/lang/NoSuchMethodError'{0x0000000786ed9410}: 'java.lang.Object java.lang.invoke.DirectMethodHandle$Holder.newInvokeSpecial(java.lang.Object, java.lang.Object, java.lang.Object, int, int, int, int, int)'> (0x0000000786ed9410) 
thrown [open/src/hotspot/share/interpreter/linkResolver.cpp, line 774]
Event: 21,545 Thread 0x00007ff5ac87f000 Exception <a 'java/lang/NoSuchMethodError'{0x0000000786ee0c80}: 'java.lang.Object java.lang.invoke.Invokers$Holder.linkToTargetMethod(java.lang.Object, java.lang.Object, int, int, int, int, int, java.lang.Object)'> (0x0000000786ee0c80) 
thrown [open/src/hotspot/share/interpreter/linkResolver.cpp, line 774]
Event: 25,072 Thread 0x00007ff5ab336c00 Exception <a 'java/lang/NoSuchMethodError'{0x0000000786c3b2a8}: 'void java.lang.invoke.DirectMethodHandle$Holder.invokeInterface(java.lang.Object, java.lang.Object, java.lang.Object)'> (0x0000000786c3b2a8) 
thrown [open/src/hotspot/share/interpreter/linkResolver.cpp, line 774]
Event: 25,225 Thread 0x00007ff5ab336c00 Exception <a 'java/lang/NoSuchMethodError'{0x0000000786c45308}: 'void java.lang.invoke.DirectMethodHandle$Holder.invokeInterface(java.lang.Object, java.lang.Object, int)'> (0x0000000786c45308) 
thrown [open/src/hotspot/share/interpreter/linkResolver.cpp, line 774]
Event: 25,226 Thread 0x00007ff5ab336c00 Exception <a 'java/lang/NoSuchMethodError'{0x0000000786c49680}: 'void java.lang.invoke.DelegatingMethodHandle$Holder.reinvoke_L(java.lang.Object, java.lang.Object, int)'> (0x0000000786c49680) 
thrown [open/src/hotspot/share/interpreter/linkResolver.cpp, line 774]
Event: 26,102 Thread 0x00007ff5ab336c00 Exception <a 'java/lang/NoSuchMethodError'{0x0000000786c941e0}: static Ljava/lang/Object;.<clinit>()V> (0x0000000786c941e0) 
thrown [open/src/hotspot/share/prims/jni.cpp, line 1107]
Event: 26,109 Thread 0x00007ff5ab336c00 Exception <a 'java/lang/NoSuchMethodError'{0x0000000786cb4200}: static LModel/Player;.<clinit>()V> (0x0000000786cb4200) 
thrown [open/src/hotspot/share/prims/jni.cpp, line 1107]
Event: 26,111 Thread 0x00007ff5ab336c00 Exception <a 'java/lang/NoSuchMethodError'{0x0000000786cbd4e8}: static LModel/Goal;.<clinit>()V> (0x0000000786cbd4e8) 
thrown [open/src/hotspot/share/prims/jni.cpp, line 1107]
Event: 26,112 Thread 0x00007ff5ab336c00 Exception <a 'java/lang/NoSuchMethodError'{0x0000000786cc6f08}: static LModel/Goal;.<clinit>()V> (0x0000000786cc6f08) 
thrown [open/src/hotspot/share/prims/jni.cpp, line 1107]
Event: 26,113 Thread 0x00007ff5ab336c00 Exception <a 'java/lang/NoSuchMethodError'{0x0000000786cd04c8}: static LModel/Shelf;.<clinit>()V> (0x0000000786cd04c8) 
thrown [open/src/hotspot/share/prims/jni.cpp, line 1107]
Event: 26,115 Thread 0x00007ff5ab336c00 Exception <a 'java/lang/NoSuchMethodError'{0x0000000786cdb1e0}: static LModel/NearGoal;.<clinit>()V> (0x0000000786cdb1e0) 
thrown [open/src/hotspot/share/prims/jni.cpp, line 1107]
Event: 26,116 Thread 0x00007ff5ab336c00 Exception <a 'java/lang/NoSuchMethodError'{0x0000000786cde210}: 'void java.lang.invoke.DirectMethodHandle$Holder.invokeInterface(java.lang.Object, java.lang.Object, java.lang.Object, java.lang.Object)'> (0x0000000786cde210) 
thrown [open/src/hotspot/share/interpreter/linkResolver.cpp, line 774]
Event: 29,123 Thread 0x00007ff5ab336c00 Exception <a 'java/lang/NoSuchMethodError'{0x0000000786cf20d8}: 'int java.lang.invoke.DirectMethodHandle$Holder.invokeInterface(java.lang.Object, java.lang.Object)'> (0x0000000786cf20d8) 
thrown [open/src/hotspot/share/interpreter/linkResolver.cpp, line 774]

VM Operations (20 events):
Event: 139,069 Executing VM operation: Cleanup
Event: 139,069 Executing VM operation: Cleanup done
Event: 141,073 Executing VM operation: Cleanup
Event: 141,073 Executing VM operation: Cleanup done
Event: 147,093 Executing VM operation: Cleanup
Event: 147,094 Executing VM operation: Cleanup done
Event: 160,152 Executing VM operation: Cleanup
Event: 160,152 Executing VM operation: Cleanup done
Event: 170,184 Executing VM operation: Cleanup
Event: 170,185 Executing VM operation: Cleanup done
Event: 175,202 Executing VM operation: Cleanup
Event: 175,203 Executing VM operation: Cleanup done
Event: 178,215 Executing VM operation: Cleanup
Event: 178,215 Executing VM operation: Cleanup done
Event: 180,220 Executing VM operation: Cleanup
Event: 180,220 Executing VM operation: Cleanup done
Event: 182,229 Executing VM operation: Cleanup
Event: 182,229 Executing VM operation: Cleanup done
Event: 190,258 Executing VM operation: Cleanup
Event: 190,258 Executing VM operation: Cleanup done

Events (20 events):
Event: 174,216 Protecting memory [0x0000700001aa1000,0x0000700001aa5000] with protection modes 0
Event: 174,216 Thread 0x00007ff5ab339000 Thread added: 0x00007ff5ab339000
Event: 175,711 Protecting memory [0x0000700001aa1000,0x0000700001aa5000] with protection modes 3
Event: 175,711 Thread 0x00007ff5ab339000 Thread exited: 0x00007ff5ab339000
Event: 177,221 Protecting memory [0x0000700001aa1000,0x0000700001aa5000] with protection modes 0
Event: 177,222 Thread 0x00007ff5ab339000 Thread added: 0x00007ff5ab339000
Event: 177,503 Protecting memory [0x0000700001aa1000,0x0000700001aa5000] with protection modes 3
Event: 177,503 Thread 0x00007ff5ab339000 Thread exited: 0x00007ff5ab339000
Event: 190,057 Protecting memory [0x0000700002ddd000,0x0000700002de1000] with protection modes 0
Event: 190,057 Thread 0x00007ff5b0029e00 Thread added: 0x00007ff5b0029e00
Event: 190,379 Protecting memory [0x0000700002ddd000,0x0000700002de1000] with protection modes 3
Event: 190,379 Thread 0x00007ff5b0029e00 Thread exited: 0x00007ff5b0029e00
Event: 190,684 Protecting memory [0x0000700002bd7000,0x0000700002bdb000] with protection modes 3
Event: 190,684 Thread 0x00007ff5ad956600 Thread exited: 0x00007ff5ad956600
Event: 190,684 Protecting memory [0x00007000029d1000,0x00007000029d5000] with protection modes 3
Event: 190,684 Protecting memory [0x0000700002ad4000,0x0000700002ad8000] with protection modes 3
Event: 190,684 Thread 0x00007ff5ab0a3200 Thread exited: 0x00007ff5ab0a3200
Event: 190,684 Thread 0x00007ff5ac812000 Thread exited: 0x00007ff5ac812000
Event: 190,684 Protecting memory [0x00007ff7b148a000,0x00007ff7b148e000] with protection modes 3
Event: 190,684 Thread 0x00007ff5ac87f000 Thread exited: 0x00007ff5ac87f000


Dynamic libraries:
0x000000010e39f000 	/Users/nicosolbia/Library/Java/JavaVirtualMachines/openjdk-19/Contents/Home/lib/libjli.dylib
0x00007ff8182e4000 	/usr/lib/libz.1.dylib
0x00007ff8183c4000 	/usr/lib/libSystem.B.dylib
0x00007ff8183bf000 	/usr/lib/system/libcache.dylib
0x00007ff81837b000 	/usr/lib/system/libcommonCrypto.dylib
0x00007ff8183a4000 	/usr/lib/system/libcompiler_rt.dylib
0x00007ff81839a000 	/usr/lib/system/libcopyfile.dylib
0x00007ff80d353000 	/usr/lib/system/libcorecrypto.dylib
0x00007ff80d411000 	/usr/lib/system/libdispatch.dylib
0x00007ff80d5d1000 	/usr/lib/system/libdyld.dylib
0x00007ff8183b6000 	/usr/lib/system/libkeymgr.dylib
0x00007ff818359000 	/usr/lib/system/libmacho.dylib
0x00007ff8179da000 	/usr/lib/system/libquarantine.dylib
0x00007ff8183b4000 	/usr/lib/system/libremovefile.dylib
0x00007ff812566000 	/usr/lib/system/libsystem_asl.dylib
0x00007ff80d2fc000 	/usr/lib/system/libsystem_blocks.dylib
0x00007ff80d495000 	/usr/lib/system/libsystem_c.dylib
0x00007ff8183ac000 	/usr/lib/system/libsystem_collections.dylib
0x00007ff816c8e000 	/usr/lib/system/libsystem_configuration.dylib
0x00007ff815f37000 	/usr/lib/system/libsystem_containermanager.dylib
0x00007ff818091000 	/usr/lib/system/libsystem_coreservices.dylib
0x00007ff80fc07000 	/usr/lib/system/libsystem_darwin.dylib
0x00007ff8183b7000 	/usr/lib/system/libsystem_dnssd.dylib
0x00007ff80d492000 	/usr/lib/system/libsystem_featureflags.dylib
0x00007ff80d5e7000 	/usr/lib/system/libsystem_info.dylib
0x00007ff8182f7000 	/usr/lib/system/libsystem_m.dylib
0x00007ff80d3e5000 	/usr/lib/system/libsystem_malloc.dylib
0x00007ff812501000 	/usr/lib/system/libsystem_networkextension.dylib
0x00007ff81002d000 	/usr/lib/system/libsystem_notify.dylib
0x00007ff81e632000 	/usr/lib/system/libsystem_product_info_filter.dylib
0x00007ff816c92000 	/usr/lib/system/libsystem_sandbox.dylib
0x00007ff8183b1000 	/usr/lib/system/libsystem_secinit.dylib
0x00007ff80d58d000 	/usr/lib/system/libsystem_kernel.dylib
0x00007ff80d5dd000 	/usr/lib/system/libsystem_platform.dylib
0x00007ff80d5c5000 	/usr/lib/system/libsystem_pthread.dylib
0x00007ff813db4000 	/usr/lib/system/libsystem_symptoms.dylib
0x00007ff80d33a000 	/usr/lib/system/libsystem_trace.dylib
0x00007ff818387000 	/usr/lib/system/libunwind.dylib
0x00007ff80d2fe000 	/usr/lib/system/libxpc.dylib
0x00007ff80d577000 	/usr/lib/libc++abi.dylib
0x00007ff80d458000 	/usr/lib/libobjc.A.dylib
0x00007ff818392000 	/usr/lib/liboah.dylib
0x00007ff80d51e000 	/usr/lib/libc++.1.dylib
0x00007ff824433000 	/System/Library/Frameworks/Cocoa.framework/Versions/A/Cocoa
0x00007ff81008b000 	/System/Library/Frameworks/AppKit.framework/Versions/C/AppKit
0x00007ff8135a2000 	/System/Library/Frameworks/CoreData.framework/Versions/A/CoreData
0x00007ff80e48e000 	/System/Library/Frameworks/Foundation.framework/Versions/C/Foundation
0x00007ff810f1b000 	/System/Library/PrivateFrameworks/UIFoundation.framework/Versions/A/UIFoundation
0x00007ff81e335000 	/System/Library/PrivateFrameworks/RemoteViewServices.framework/Versions/A/RemoteViewServices
0x00007ff816618000 	/System/Library/PrivateFrameworks/XCTTargetBootstrap.framework/Versions/A/XCTTargetBootstrap
0x00007ff81a1cb000 	/System/Library/PrivateFrameworks/InternationalSupport.framework/Versions/A/InternationalSupport
0x00007ff81a255000 	/System/Library/PrivateFrameworks/UserActivity.framework/Versions/A/UserActivity
0x00007ff8195ab000 	/usr/lib/libspindump.dylib
0x00007ff8111aa000 	/System/Library/Frameworks/UniformTypeIdentifiers.framework/Versions/A/UniformTypeIdentifiers
0x00007ff814d3c000 	/usr/lib/libapp_launch_measurement.dylib
0x00007ff813f74000 	/System/Library/PrivateFrameworks/CoreAnalytics.framework/Versions/A/CoreAnalytics
0x00007ff814d3f000 	/System/Library/PrivateFrameworks/CoreAutoLayout.framework/Versions/A/CoreAutoLayout
0x00007ff815f6f000 	/System/Library/Frameworks/Metal.framework/Versions/A/Metal
0x00007ff816c9e000 	/usr/lib/liblangid.dylib
0x00007ff81661d000 	/System/Library/PrivateFrameworks/CoreSVG.framework/Versions/A/CoreSVG
0x00007ff812596000 	/System/Library/PrivateFrameworks/SkyLight.framework/Versions/A/SkyLight
0x00007ff812935000 	/System/Library/Frameworks/CoreGraphics.framework/Versions/A/CoreGraphics
0x00007ff81e9f5000 	/System/Library/Frameworks/Accelerate.framework/Versions/A/Accelerate
0x00007ff81902a000 	/System/Library/PrivateFrameworks/IconServices.framework/Versions/A/IconServices
0x00007ff815f54000 	/System/Library/Frameworks/IOSurface.framework/Versions/A/IOSurface
0x00007ff813fa2000 	/usr/lib/libDiagnosticMessagesClient.dylib
0x00007ff8220d7000 	/System/Library/Frameworks/ApplicationServices.framework/Versions/A/ApplicationServices
0x00007ff816604000 	/System/Library/PrivateFrameworks/DFRFoundation.framework/Versions/A/DFRFoundation
0x00007ff80f973000 	/usr/lib/libicucore.A.dylib
0x00007ff81afc1000 	/System/Library/Frameworks/AudioToolbox.framework/Versions/A/AudioToolbox
0x00007ff81a1d7000 	/System/Library/PrivateFrameworks/DataDetectorsCore.framework/Versions/A/DataDetectorsCore
0x00007ff9166d5000 	/System/Library/PrivateFrameworks/TextInput.framework/Versions/A/TextInput
0x00007ff812519000 	/usr/lib/libMobileGestalt.dylib
0x00007ff816310000 	/System/Library/Frameworks/Carbon.framework/Versions/A/Frameworks/HIToolbox.framework/Versions/A/HIToolbox
0x00007ff81473f000 	/System/Library/Frameworks/QuartzCore.framework/Versions/A/QuartzCore
0x00007ff80f618000 	/System/Library/Frameworks/Security.framework/Versions/A/Security
0x00007ff81e36d000 	/System/Library/Frameworks/Carbon.framework/Versions/A/Frameworks/SpeechRecognition.framework/Versions/A/SpeechRecognition
0x00007ff814a9c000 	/System/Library/PrivateFrameworks/CoreUI.framework/Versions/A/CoreUI
0x00007ff80eee2000 	/System/Library/Frameworks/CoreAudio.framework/Versions/A/CoreAudio
0x00007ff814091000 	/System/Library/Frameworks/DiskArbitration.framework/Versions/A/DiskArbitration
0x00007ff819999000 	/System/Library/PrivateFrameworks/MultitouchSupport.framework/Versions/A/MultitouchSupport
0x00007ff812518000 	/usr/lib/libenergytrace.dylib
0x00007ff80ff77000 	/System/Library/Frameworks/IOKit.framework/Versions/A/IOKit
0x00007ff81e75d000 	/System/Library/Frameworks/CoreServices.framework/Versions/A/CoreServices
0x00007ff814cd6000 	/System/Library/PrivateFrameworks/PerformanceAnalysis.framework/Versions/A/PerformanceAnalysis
0x00007ffa263b7000 	/System/Library/Frameworks/OpenGL.framework/Versions/A/OpenGL
0x00007ff817900000 	/System/Library/PrivateFrameworks/MobileKeyBag.framework/Versions/A/MobileKeyBag
0x00007ff813001000 	/System/Library/Frameworks/ColorSync.framework/Versions/A/ColorSync
0x00007ff80d612000 	/System/Library/Frameworks/CoreFoundation.framework/Versions/A/CoreFoundation
0x00007ff816894000 	/System/Library/Frameworks/CoreImage.framework/Versions/A/CoreImage
0x00007ff80ecf6000 	/System/Library/Frameworks/CoreText.framework/Versions/A/CoreText
0x00007ff81664d000 	/System/Library/Frameworks/ImageIO.framework/Versions/A/ImageIO
0x00007ff8183ca000 	/System/Library/PrivateFrameworks/SoftLinking.framework/Versions/A/SoftLinking
0x00007ff814d87000 	/usr/lib/libxml2.2.dylib
0x00007ff81864e000 	/usr/lib/libcompression.dylib
0x00007ff81a0fe000 	/System/Library/PrivateFrameworks/TextureIO.framework/Versions/A/TextureIO
0x00007ff818d3c000 	/usr/lib/libate.dylib
0x00007ff818b18000 	/usr/lib/liblzma.5.dylib
0x00007ff80e1a0000 	/System/Library/Frameworks/SystemConfiguration.framework/Versions/A/SystemConfiguration
0x00007ff8183c6000 	/usr/lib/libfakelink.dylib
0x00007ff812071000 	/System/Library/Frameworks/CFNetwork.framework/Versions/A/CFNetwork
0x00007ff818507000 	/usr/lib/libarchive.2.dylib
0x00007ff816c9a000 	/System/Library/PrivateFrameworks/AppleSystemInfo.framework/Versions/A/AppleSystemInfo
0x00007ff817a01000 	/usr/lib/libbsm.0.dylib
0x00007ff811680000 	/usr/lib/libnetwork.dylib
0x00007ff81835f000 	/usr/lib/system/libkxld.dylib
0x00007ff817634000 	/System/Library/PrivateFrameworks/IOMobileFramebuffer.framework/Versions/A/IOMobileFramebuffer
0x00007ffb25d81000 	/usr/lib/libCoreEntitlements.dylib
0x00007ff818073000 	/System/Library/PrivateFrameworks/AppleFSCompression.framework/Versions/A/AppleFSCompression
0x00007ff8179e9000 	/usr/lib/libcoretls.dylib
0x00007ff818b32000 	/usr/lib/libcoretls_cfhelpers.dylib
0x00007ff818649000 	/usr/lib/libpam.2.dylib
0x00007ff8139d3000 	/usr/lib/libsqlite3.dylib
0x00007ff818ba1000 	/usr/lib/libxar.1.dylib
0x00007ff818083000 	/usr/lib/libbz2.1.0.dylib
0x00007ff8183cb000 	/usr/lib/libpcap.A.dylib
0x00007ff813dac000 	/usr/lib/libdns_services.dylib
0x00007ff818619000 	/usr/lib/libapple_nghttp2.dylib
0x00007ff818405000 	/usr/lib/libiconv.2.dylib
0x00007ff818358000 	/usr/lib/libcharset.1.dylib
0x00007ff814d0a000 	/System/Library/Frameworks/CoreServices.framework/Versions/A/Frameworks/FSEvents.framework/Versions/A/FSEvents
0x00007ff80fc11000 	/System/Library/Frameworks/CoreServices.framework/Versions/A/Frameworks/CarbonCore.framework/Versions/A/CarbonCore
0x00007ff813ff5000 	/System/Library/Frameworks/CoreServices.framework/Versions/A/Frameworks/Metadata.framework/Versions/A/Metadata
0x00007ff818096000 	/System/Library/Frameworks/CoreServices.framework/Versions/A/Frameworks/OSServices.framework/Versions/A/OSServices
0x00007ff81858e000 	/System/Library/Frameworks/CoreServices.framework/Versions/A/Frameworks/SearchKit.framework/Versions/A/SearchKit
0x00007ff813d3e000 	/System/Library/Frameworks/CoreServices.framework/Versions/A/Frameworks/AE.framework/Versions/A/AE
0x00007ff80db15000 	/System/Library/Frameworks/CoreServices.framework/Versions/A/Frameworks/LaunchServices.framework/Versions/A/LaunchServices
0x00007ff818ac9000 	/System/Library/Frameworks/CoreServices.framework/Versions/A/Frameworks/DictionaryServices.framework/Versions/A/DictionaryServices
0x00007ff814d17000 	/System/Library/Frameworks/CoreServices.framework/Versions/A/Frameworks/SharedFileList.framework/Versions/A/SharedFileList
0x00007ff8179dd000 	/usr/lib/libCheckFix.dylib
0x00007ff81257d000 	/System/Library/PrivateFrameworks/TCC.framework/Versions/A/TCC
0x00007ff816ca0000 	/System/Library/PrivateFrameworks/CoreNLP.framework/Versions/A/CoreNLP
0x00007ff813fa5000 	/System/Library/PrivateFrameworks/MetadataUtilities.framework/Versions/A/MetadataUtilities
0x00007ff80e251000 	/usr/lib/libmecabra.dylib
0x00007ff817a11000 	/usr/lib/libmecab.dylib
0x00007ff80e21c000 	/usr/lib/libCRFSuite.dylib
0x00007ff817a6b000 	/usr/lib/libgermantok.dylib
0x00007ff8185f4000 	/usr/lib/libThaiTokenizer.dylib
0x00007ff814098000 	/System/Library/Frameworks/Accelerate.framework/Versions/A/Frameworks/vImage.framework/Versions/A/vImage
0x00007ff81e734000 	/System/Library/Frameworks/Accelerate.framework/Versions/A/Frameworks/vecLib.framework/Versions/A/vecLib
0x00007ff818be2000 	/System/Library/Frameworks/Accelerate.framework/Versions/A/Frameworks/vecLib.framework/Versions/A/libvMisc.dylib
0x00007ff81745f000 	/System/Library/Frameworks/Accelerate.framework/Versions/A/Frameworks/vecLib.framework/Versions/A/libvDSP.dylib
0x00007ff80de90000 	/System/Library/Frameworks/Accelerate.framework/Versions/A/Frameworks/vecLib.framework/Versions/A/libBLAS.dylib
0x00007ff81872b000 	/System/Library/Frameworks/Accelerate.framework/Versions/A/Frameworks/vecLib.framework/Versions/A/libLAPACK.dylib
0x00007ff817a6e000 	/System/Library/Frameworks/Accelerate.framework/Versions/A/Frameworks/vecLib.framework/Versions/A/libLinearAlgebra.dylib
0x00007ff818631000 	/System/Library/Frameworks/Accelerate.framework/Versions/A/Frameworks/vecLib.framework/Versions/A/libSparseBLAS.dylib
0x00007ff818725000 	/System/Library/Frameworks/Accelerate.framework/Versions/A/Frameworks/vecLib.framework/Versions/A/libQuadrature.dylib
0x00007ff816d8b000 	/System/Library/Frameworks/Accelerate.framework/Versions/A/Frameworks/vecLib.framework/Versions/A/libBNNS.dylib
0x00007ff80e12a000 	/System/Library/Frameworks/Accelerate.framework/Versions/A/Frameworks/vecLib.framework/Versions/A/libSparse.dylib
0x00007ff816d84000 	/System/Library/PrivateFrameworks/LinguisticData.framework/Versions/A/LinguisticData
0x00007ff80e0e0000 	/System/Library/PrivateFrameworks/Lexicon.framework/Versions/A/Lexicon
0x00007ff818bdb000 	/usr/lib/libChineseTokenizer.dylib
0x00007ff80e84b000 	/System/Library/PrivateFrameworks/LanguageModeling.framework/Versions/A/LanguageModeling
0x00007ff8185f6000 	/System/Library/PrivateFrameworks/AppleSauce.framework/Versions/A/AppleSauce
0x00007ff817622000 	/System/Library/PrivateFrameworks/CoreEmoji.framework/Versions/A/CoreEmoji
0x00007ff8184f6000 	/usr/lib/libcmph.dylib
0x00007ff814cee000 	/System/Library/Frameworks/OpenDirectory.framework/Versions/A/Frameworks/CFOpenDirectory.framework/Versions/A/CFOpenDirectory
0x00007ff814ce2000 	/System/Library/Frameworks/OpenDirectory.framework/Versions/A/OpenDirectory
0x00007ff818b34000 	/System/Library/PrivateFrameworks/APFS.framework/Versions/A/APFS
0x00007ff817938000 	/System/Library/Frameworks/SecurityFoundation.framework/Versions/A/SecurityFoundation
0x00007ff818baf000 	/usr/lib/libutil.dylib
0x00007ff80ff3b000 	/System/Library/PrivateFrameworks/CoreServicesStore.framework/Versions/A/CoreServicesStore
0x00007ff818bb3000 	/usr/lib/libxslt.1.dylib
0x00007ff8179c5000 	/System/Library/PrivateFrameworks/BackgroundTaskManagement.framework/Versions/A/BackgroundTaskManagement
0x00007ff81a01e000 	/System/Library/Frameworks/ImageIO.framework/Versions/A/Resources/libRadiance.dylib
0x00007ff81a027000 	/System/Library/Frameworks/ImageIO.framework/Versions/A/Resources/libJPEG.dylib
0x00007ff819f78000 	/System/Library/Frameworks/ImageIO.framework/Versions/A/Resources/libPng.dylib
0x00007ff819f99000 	/System/Library/Frameworks/ImageIO.framework/Versions/A/Resources/libTIFF.dylib
0x00007ff81a087000 	/System/Library/Frameworks/ImageIO.framework/Versions/A/Resources/libGIF.dylib
0x00007ff8198b3000 	/System/Library/Frameworks/ImageIO.framework/Versions/A/Resources/libJP2.dylib
0x00007ff818ff1000 	/usr/lib/libexpat.1.dylib
0x00007ff819868000 	/System/Library/PrivateFrameworks/AppleJPEG.framework/Versions/A/AppleJPEG
0x00007ff8161d4000 	/System/Library/PrivateFrameworks/FontServices.framework/libFontParser.dylib
0x00007ff813ce8000 	/System/Library/PrivateFrameworks/RunningBoardServices.framework/Versions/A/RunningBoardServices
0x00007ff8249ee000 	/System/Library/PrivateFrameworks/IOSurfaceAccelerator.framework/Versions/A/IOSurfaceAccelerator
0x00007ff819995000 	/System/Library/PrivateFrameworks/WatchdogClient.framework/Versions/A/WatchdogClient
0x00007ff80e939000 	/System/Library/Frameworks/CoreDisplay.framework/Versions/A/CoreDisplay
0x00007ff8160d2000 	/System/Library/Frameworks/CoreMedia.framework/Versions/A/CoreMedia
0x00007ff815f66000 	/System/Library/PrivateFrameworks/IOAccelerator.framework/Versions/A/IOAccelerator
0x00007ff814e6b000 	/System/Library/Frameworks/CoreVideo.framework/Versions/A/CoreVideo
0x00007ff818647000 	/System/Library/Frameworks/MetalPerformanceShaders.framework/Versions/A/MetalPerformanceShaders
0x00007ff8199d2000 	/System/Library/Frameworks/VideoToolbox.framework/Versions/A/VideoToolbox
0x00007ff813c32000 	/System/Library/PrivateFrameworks/BaseBoard.framework/Versions/A/BaseBoard
0x00007ff8139b9000 	/System/Library/PrivateFrameworks/ProtocolBuffer.framework/Versions/A/ProtocolBuffer
0x00007ff81a017000 	/System/Library/PrivateFrameworks/GPUWrangler.framework/Versions/A/GPUWrangler
0x00007ff819ffb000 	/System/Library/PrivateFrameworks/IOPresentment.framework/Versions/A/IOPresentment
0x00007ff81a021000 	/System/Library/PrivateFrameworks/DSExternalDisplay.framework/Versions/A/DSExternalDisplay
0x00007ffa263ab000 	/System/Library/Frameworks/OpenGL.framework/Versions/A/Libraries/libCoreFSCache.dylib
0x00007ffb13482000 	/System/Library/PrivateFrameworks/GPUCompiler.framework/Versions/31001/Libraries/libGPUCompilerUtils.dylib
0x00007ff81a08c000 	/System/Library/PrivateFrameworks/CMCaptureCore.framework/Versions/A/CMCaptureCore
0x00007ff819599000 	/System/Library/PrivateFrameworks/AppServerSupport.framework/Versions/A/AppServerSupport
0x00007ff81b85a000 	/System/Library/PrivateFrameworks/perfdata.framework/Versions/A/perfdata
0x00007ff80ea65000 	/System/Library/PrivateFrameworks/AudioToolboxCore.framework/Versions/A/AudioToolboxCore
0x00007ff8160b0000 	/System/Library/PrivateFrameworks/caulk.framework/Versions/A/caulk
0x00007ff81b16c000 	/usr/lib/libAudioStatistics.dylib
0x00007ff912e63000 	/System/Library/PrivateFrameworks/SystemPolicy.framework/Versions/A/SystemPolicy
0x00007ff81b3c7000 	/usr/lib/libSMC.dylib
0x00007ff8242e6000 	/System/Library/Frameworks/CoreMIDI.framework/Versions/A/CoreMIDI
0x00007ff819f47000 	/usr/lib/libAudioToolboxUtility.dylib
0x00007ff90f08f000 	/System/Library/PrivateFrameworks/OSAServicesClient.framework/Versions/A/OSAServicesClient
0x00007ff81b867000 	/usr/lib/libperfcheck.dylib
0x00007ff913910000 	/usr/lib/libmis.dylib
0x00007ffa26406000 	/System/Library/Frameworks/OpenGL.framework/Versions/A/Libraries/libGLU.dylib
0x00007ffa263ca000 	/System/Library/Frameworks/OpenGL.framework/Versions/A/Libraries/libGFXShared.dylib
0x00007ffa265d3000 	/System/Library/Frameworks/OpenGL.framework/Versions/A/Libraries/libGL.dylib
0x00007ffa263d3000 	/System/Library/Frameworks/OpenGL.framework/Versions/A/Libraries/libGLImage.dylib
0x00007ffa263c7000 	/System/Library/Frameworks/OpenGL.framework/Versions/A/Libraries/libCVMSPluginSupport.dylib
0x00007ffa263b2000 	/System/Library/Frameworks/OpenGL.framework/Versions/A/Libraries/libCoreVMClient.dylib
0x00007ff816c1c000 	/System/Library/Frameworks/MetalPerformanceShaders.framework/Versions/A/Frameworks/MPSCore.framework/Versions/A/MPSCore
0x00007ff817fde000 	/System/Library/Frameworks/MetalPerformanceShaders.framework/Versions/A/Frameworks/MPSImage.framework/Versions/A/MPSImage
0x00007ff817a84000 	/System/Library/Frameworks/MetalPerformanceShaders.framework/Versions/A/Frameworks/MPSNeuralNetwork.framework/Versions/A/MPSNeuralNetwork
0x00007ff817ef8000 	/System/Library/Frameworks/MetalPerformanceShaders.framework/Versions/A/Frameworks/MPSMatrix.framework/Versions/A/MPSMatrix
0x00007ff817cb3000 	/System/Library/Frameworks/MetalPerformanceShaders.framework/Versions/A/Frameworks/MPSRayIntersector.framework/Versions/A/MPSRayIntersector
0x00007ff817f30000 	/System/Library/Frameworks/MetalPerformanceShaders.framework/Versions/A/Frameworks/MPSNDArray.framework/Versions/A/MPSNDArray
0x00007ffa2be8b000 	/System/Library/Frameworks/MetalPerformanceShaders.framework/Versions/A/Frameworks/MPSFunctions.framework/Versions/A/MPSFunctions
0x00007ff80dd6c000 	/System/Library/PrivateFrameworks/MetalTools.framework/Versions/A/MetalTools
0x00007ff816c98000 	/System/Library/PrivateFrameworks/AggregateDictionary.framework/Versions/A/AggregateDictionary
0x00007ff818dd3000 	/usr/lib/libIOReport.dylib
0x00007ffa279e2000 	/System/Library/Frameworks/OpenCL.framework/Versions/A/OpenCL
0x00007ff819137000 	/System/Library/PrivateFrameworks/FaceCore.framework/Versions/A/FaceCore
0x00007ff819128000 	/System/Library/PrivateFrameworks/GraphVisualizer.framework/Versions/A/GraphVisualizer
0x00007ffb1338d000 	/System/Library/PrivateFrameworks/FontServices.framework/Versions/A/FontServices
0x00007ff819551000 	/System/Library/PrivateFrameworks/OTSVG.framework/Versions/A/OTSVG
0x00007ff814a52000 	/System/Library/Frameworks/ApplicationServices.framework/Versions/A/Frameworks/ATS.framework/Versions/A/Resources/libFontRegistry.dylib
0x00007ff8195a1000 	/System/Library/PrivateFrameworks/FontServices.framework/libhvf.dylib
0x00007ffb1338e000 	/System/Library/PrivateFrameworks/FontServices.framework/libXTFontStaticRegistryData.dylib
0x00007ff818fa1000 	/System/Library/PrivateFrameworks/AppleVA.framework/Versions/A/AppleVA
0x00007ff81b18c000 	/System/Library/Frameworks/ApplicationServices.framework/Versions/A/Frameworks/ATS.framework/Versions/A/ATS
0x00007ff8130ff000 	/System/Library/Frameworks/ApplicationServices.framework/Versions/A/Frameworks/HIServices.framework/Versions/A/HIServices
0x00007ff81a096000 	/System/Library/Frameworks/ApplicationServices.framework/Versions/A/Frameworks/PrintCore.framework/Versions/A/PrintCore
0x00007ff81b51a000 	/System/Library/Frameworks/ApplicationServices.framework/Versions/A/Frameworks/QD.framework/Versions/A/QD
0x00007ff81b512000 	/System/Library/Frameworks/ApplicationServices.framework/Versions/A/Frameworks/ColorSyncLegacy.framework/Versions/A/ColorSyncLegacy
0x00007ff81b17c000 	/System/Library/Frameworks/ApplicationServices.framework/Versions/A/Frameworks/SpeechSynthesis.framework/Versions/A/SpeechSynthesis
0x00007ff81a057000 	/System/Library/Frameworks/ApplicationServices.framework/Versions/A/Frameworks/ATSUI.framework/Versions/A/ATSUI
0x00007ff81b4a7000 	/usr/lib/libcups.2.dylib
0x00007ff81b876000 	/System/Library/Frameworks/Kerberos.framework/Versions/A/Kerberos
0x00007ff81b885000 	/System/Library/Frameworks/GSS.framework/Versions/A/GSS
0x00007ff81b1f8000 	/usr/lib/libresolv.9.dylib
0x00007ff8195b0000 	/System/Library/PrivateFrameworks/Heimdal.framework/Versions/A/Heimdal
0x00007ff822469000 	/System/Library/Frameworks/Kerberos.framework/Versions/A/Libraries/libHeimdalProxy.dylib
0x00007ff813dbc000 	/System/Library/Frameworks/Network.framework/Versions/A/Network
0x00007ff81900b000 	/usr/lib/libheimdal-asn1.dylib
0x00007ff81b8d0000 	/System/Library/PrivateFrameworks/CommonAuth.framework/Versions/A/CommonAuth
0x00007ff81b0fe000 	/System/Library/PrivateFrameworks/AudioSession.framework/Versions/A/AudioSession
0x00007ff81909b000 	/System/Library/PrivateFrameworks/MediaExperience.framework/Versions/A/MediaExperience
0x00007ff81af90000 	/System/Library/PrivateFrameworks/AudioSession.framework/libSessionUtility.dylib
0x00007ff81b526000 	/System/Library/PrivateFrameworks/AudioResourceArbitration.framework/Versions/A/AudioResourceArbitration
0x00007ff81f5a7000 	/System/Library/PrivateFrameworks/PowerLog.framework/Versions/A/PowerLog
0x00007ff819014000 	/System/Library/PrivateFrameworks/IconFoundation.framework/Versions/A/IconFoundation
0x00007ff81e35d000 	/System/Library/PrivateFrameworks/SpeechRecognitionCore.framework/Versions/A/SpeechRecognitionCore
0x000000010ff37000 	/Users/nicosolbia/Library/Java/JavaVirtualMachines/openjdk-19/Contents/Home/lib/server/libjvm.dylib
0x000000010e3d0000 	/Users/nicosolbia/Library/Java/JavaVirtualMachines/openjdk-19/Contents/Home/lib/libjimage.dylib
0x000000010e44f000 	/Users/nicosolbia/Library/Java/JavaVirtualMachines/openjdk-19/Contents/Home/lib/libjava.dylib
0x000000010eaf5000 	/Users/nicosolbia/Library/Java/JavaVirtualMachines/openjdk-19/Contents/Home/lib/libnio.dylib
0x000000010eb11000 	/Users/nicosolbia/Library/Java/JavaVirtualMachines/openjdk-19/Contents/Home/lib/libnet.dylib
0x000000010eada000 	/Users/nicosolbia/Library/Java/JavaVirtualMachines/openjdk-19/Contents/Home/lib/libzip.dylib
0x000000010eb2d000 	/Users/nicosolbia/Library/Java/JavaVirtualMachines/openjdk-19/Contents/Home/lib/libextnet.dylib
0x000000010eb3d000 	/Users/nicosolbia/Library/Java/JavaVirtualMachines/openjdk-19/Contents/Home/lib/librmi.dylib
0x000000010eb61000 	/Users/nicosolbia/.openjfx/cache/20.0.1+2/x86_64/libprism_es2.dylib
0x00007ff80fefd000 	/System/Library/PrivateFrameworks/CoreServicesInternal.framework/Versions/A/CoreServicesInternal
0x00007ffa265de000 	/System/Library/Frameworks/OpenGL.framework/Versions/A/Resources/GLEngine.bundle/GLEngine
0x00007ffa26444000 	/System/Library/Frameworks/OpenGL.framework/Versions/A/Libraries/libGLProgrammability.dylib
0x00007ffa1f2d0000 	/System/Library/Extensions/AppleIntelICLGraphicsGLDriver.bundle/Contents/MacOS/AppleIntelICLGraphicsGLDriver
0x00007ff91daab000 	/System/Library/PrivateFrameworks/GPUSupport.framework/Versions/A/Libraries/libGPUSupportMercury.dylib
0x00007ffa26768000 	/System/Library/Frameworks/OpenGL.framework/Versions/A/Resources/GLRendererFloat.bundle/GLRendererFloat
0x000000012df1f000 	/Users/nicosolbia/.openjfx/cache/20.0.1+2/x86_64/libglass.dylib
0x00007ff81fb98000 	/System/Library/Frameworks/FileProvider.framework/Versions/A/FileProvider
0x00007ff813b9f000 	/System/Library/Frameworks/Accounts.framework/Versions/A/Accounts
0x00007ff81fd11000 	/System/Library/PrivateFrameworks/GenerationalStorage.framework/Versions/A/GenerationalStorage
0x00007ff820821000 	/System/Library/PrivateFrameworks/CoreSymbolication.framework/Versions/A/CoreSymbolication
0x00007ff81f59c000 	/System/Library/PrivateFrameworks/SymptomDiagnosticReporter.framework/Versions/A/SymptomDiagnosticReporter
0x00007ff8111be000 	/System/Library/PrivateFrameworks/DesktopServicesPriv.framework/Versions/A/DesktopServicesPriv
0x00007ff81003c000 	/usr/lib/libsandbox.1.dylib
0x00007ff814eea000 	/System/Library/PrivateFrameworks/UserManagement.framework/Versions/A/UserManagement
0x00007ff8207e6000 	/System/Library/PrivateFrameworks/DebugSymbols.framework/Versions/A/DebugSymbols
0x00007ff81b507000 	/System/Library/PrivateFrameworks/NetAuth.framework/Versions/A/NetAuth
0x00007ff81c416000 	/System/Library/PrivateFrameworks/Sharing.framework/Versions/A/Sharing
0x00007ff814ebd000 	/System/Library/PrivateFrameworks/login.framework/Versions/A/Frameworks/loginsupport.framework/Versions/A/loginsupport
0x00007ff821984000 	/System/Library/PrivateFrameworks/Apple80211.framework/Versions/A/Apple80211
0x00007ff8180c3000 	/System/Library/PrivateFrameworks/AuthKit.framework/Versions/A/AuthKit
0x00007ff817718000 	/System/Library/PrivateFrameworks/CoreUtils.framework/Versions/A/CoreUtils
0x00007ff81763f000 	/System/Library/Frameworks/CoreWLAN.framework/Versions/A/CoreWLAN
0x00007ff81c575000 	/System/Library/Frameworks/IOBluetooth.framework/Versions/A/IOBluetooth
0x00007ff8219ec000 	/System/Library/PrivateFrameworks/CoreWiFi.framework/Versions/A/CoreWiFi
0x00007ff8203bb000 	/System/Library/PrivateFrameworks/FrontBoardServices.framework/Versions/A/FrontBoardServices
0x00007ff82044c000 	/System/Library/PrivateFrameworks/BoardServices.framework/Versions/A/BoardServices
0x00007ff817927000 	/System/Library/PrivateFrameworks/AssertionServices.framework/Versions/A/AssertionServices
0x00007ff821b6f000 	/System/Library/PrivateFrameworks/BackBoardServices.framework/Versions/A/BackBoardServices
0x00007ff81b961000 	/System/Library/PrivateFrameworks/CorePhoneNumbers.framework/Versions/A/CorePhoneNumbers
0x00007ff81b225000 	/System/Library/PrivateFrameworks/MultiverseSupport.framework/Versions/A/MultiverseSupport
0x00007ff821de2000 	/System/Library/PrivateFrameworks/RemoteServiceDiscovery.framework/Versions/A/RemoteServiceDiscovery
0x00007ff81f6b9000 	/System/Library/PrivateFrameworks/DiskManagement.framework/Versions/A/DiskManagement
0x00007ff81f5cd000 	/System/Library/PrivateFrameworks/AppleIDAuthSupport.framework/Versions/A/AppleIDAuthSupport
0x00007ffb0dd08000 	/System/Library/PrivateFrameworks/AAAFoundation.framework/Versions/A/AAAFoundation
0x00007ff81b942000 	/System/Library/PrivateFrameworks/KeychainCircle.framework/Versions/A/KeychainCircle
0x00007ff821df2000 	/System/Library/PrivateFrameworks/RemoteXPC.framework/Versions/A/RemoteXPC
0x00007ff81f685000 	/System/Library/PrivateFrameworks/MediaKit.framework/Versions/A/MediaKit
0x00007ff81f5d9000 	/System/Library/Frameworks/DiscRecording.framework/Versions/A/DiscRecording
0x00007ff818f19000 	/usr/lib/libCoreStorage.dylib
0x00007ff821e5d000 	/usr/lib/libcsfde.dylib
0x00007ff81c642000 	/System/Library/PrivateFrameworks/ProtectedCloudStorage.framework/Versions/A/ProtectedCloudStorage
0x00007ff821e59000 	/System/Library/PrivateFrameworks/EFILogin.framework/Versions/A/EFILogin
0x00007ff81fd37000 	/System/Library/PrivateFrameworks/OctagonTrust.framework/Versions/A/OctagonTrust
0x00007ffb125f0000 	/System/Library/PrivateFrameworks/CoreUtilsExtras.framework/Versions/A/CoreUtilsExtras
0x00007ff81f500000 	/System/Library/Frameworks/CoreBluetooth.framework/Versions/A/CoreBluetooth
0x00007ff8224ee000 	/System/Library/Frameworks/AudioUnit.framework/Versions/A/AudioUnit
0x00007ff818f11000 	/usr/lib/libMatch.1.dylib
0x00007ff917f34000 	/System/Library/Frameworks/Accelerate.framework/Versions/A/Frameworks/vImage.framework/Versions/A/Libraries/libCGInterfaces.dylib
0x000000010ff1a000 	/usr/lib/libobjc-trampolines.dylib
0x00007ff814be2000 	/System/Library/PrivateFrameworks/ViewBridge.framework/Versions/A/ViewBridge
0x00007ff819667000 	/System/Library/PrivateFrameworks/login.framework/Versions/A/login
0x000000013c278000 	/Users/nicosolbia/.openjfx/cache/20.0.1+2/x86_64/libjavafx_iio.dylib
0x000000013c2dd000 	/Users/nicosolbia/.openjfx/cache/20.0.1+2/x86_64/libjavafx_font.dylib
0x00007ffb25e70000 	/usr/lib/libRosetta.dylib
0x00007ff81ea79000 	/System/Library/PrivateFrameworks/SystemAdministration.framework/Versions/A/SystemAdministration
0x00007ff81a2c0000 	/System/Library/Frameworks/MediaToolbox.framework/Versions/A/MediaToolbox
0x00007ff81e329000 	/System/Library/Frameworks/DirectoryService.framework/Versions/A/DirectoryService
0x00007ff821cfb000 	/System/Library/PrivateFrameworks/DiskImages.framework/Versions/A/DiskImages
0x00007ff8179cf000 	/System/Library/Frameworks/ServiceManagement.framework/Versions/A/ServiceManagement
0x00007ff821ed7000 	/System/Library/PrivateFrameworks/LoginUIKit.framework/Versions/A/Frameworks/LoginUICore.framework/Versions/A/LoginUICore
0x00007ff819810000 	/usr/lib/libodfde.dylib
0x00007ff81fb68000 	/System/Library/PrivateFrameworks/CoreAVCHD.framework/Versions/A/CoreAVCHD
0x00007ff81ea3d000 	/System/Library/Frameworks/MediaAccessibility.framework/Versions/A/MediaAccessibility
0x00007ff81fb64000 	/System/Library/PrivateFrameworks/Mangrove.framework/Versions/A/Mangrove
0x00007ff81ea48000 	/System/Library/PrivateFrameworks/AlgosScoreFramework.framework/Versions/A/AlgosScoreFramework
0x00007ffb0f8e4000 	/System/Library/PrivateFrameworks/CMPhoto.framework/Versions/A/CMPhoto
0x00007ff8206bc000 	/System/Library/PrivateFrameworks/AppleVPA.framework/Versions/A/AppleVPA
0x00007ff81f7a9000 	/System/Library/PrivateFrameworks/CoreAUC.framework/Versions/A/CoreAUC
0x00007ff821e69000 	/usr/lib/libcurl.4.dylib
0x00007ffb262dc000 	/usr/lib/libcrypto.46.dylib
0x00007ffb267d1000 	/usr/lib/libssl.48.dylib
0x00007ff821b8d000 	/System/Library/Frameworks/LDAP.framework/Versions/A/LDAP
0x00007ff821bc5000 	/System/Library/PrivateFrameworks/TrustEvaluationAgent.framework/Versions/A/TrustEvaluationAgent
0x00007ff81b211000 	/usr/lib/libsasl2.2.dylib
0x00007ff81ea6d000 	/System/Library/PrivateFrameworks/CoreDaemon.framework/Versions/B/CoreDaemon
0x00007ff81ea68000 	/System/Library/PrivateFrameworks/AppleSRP.framework/Versions/A/AppleSRP
0x00007ff92aade000 	/System/Library/PrivateFrameworks/Shortcut.framework/Versions/A/Shortcut
0x00007ff92aaae000 	/System/Library/PrivateFrameworks/HelpData.framework/Versions/A/HelpData
0x00007ff912fc8000 	/System/Library/PrivateFrameworks/AccessibilitySharedSupport.framework/Versions/A/AccessibilitySharedSupport
0x00007ff90f0ee000 	/usr/lib/libAccessibility.dylib
0x00007ff90f0d9000 	/System/Library/PrivateFrameworks/AXCoreUtilities.framework/Versions/A/AXCoreUtilities
0x00007ff814ec0000 	/System/Library/PrivateFrameworks/ApplePushService.framework/Versions/A/ApplePushService
0x00007ff814f0f000 	/System/Library/Frameworks/CloudKit.framework/Versions/A/CloudKit
0x00007ff81c0e5000 	/System/Library/PrivateFrameworks/IDS.framework/Versions/A/IDS
0x00007ff813c1a000 	/System/Library/PrivateFrameworks/CommonUtilities.framework/Versions/A/CommonUtilities
0x00007ff819814000 	/System/Library/PrivateFrameworks/Bom.framework/Versions/A/Bom
0x00007ff81b235000 	/usr/lib/libParallelCompression.dylib
0x00007ff818ddc000 	/System/Library/PrivateFrameworks/CrashReporterSupport.framework/Versions/A/CrashReporterSupport
0x00007ff82259a000 	/System/Library/PrivateFrameworks/C2.framework/Versions/A/C2
0x00007ff815e95000 	/System/Library/Frameworks/CoreLocation.framework/Versions/A/CoreLocation
0x00007ffb0faeb000 	/System/Library/PrivateFrameworks/CloudKitDistributedSync.framework/Versions/A/CloudKitDistributedSync
0x00007ff822592000 	/System/Library/Frameworks/PushKit.framework/Versions/A/PushKit
0x00007ff91f94c000 	/System/Library/PrivateFrameworks/OSAnalytics.framework/Versions/A/OSAnalytics
0x00007ff92aafe000 	/System/Library/PrivateFrameworks/Symbolication.framework/Versions/A/Symbolication
0x00007ff9138ed000 	/System/Library/PrivateFrameworks/MallocStackLogging.framework/Versions/A/MallocStackLogging
0x00007ff8208f7000 	/System/Library/PrivateFrameworks/CoreTime.framework/Versions/A/CoreTime
0x00007ff82408b000 	/System/Library/PrivateFrameworks/RTCReporting.framework/Versions/A/RTCReporting
0x00007ff81c90b000 	/System/Library/PrivateFrameworks/GeoServices.framework/Versions/A/GeoServices
0x00007ff81af68000 	/System/Library/PrivateFrameworks/LocationSupport.framework/Versions/A/LocationSupport
0x00007ffb13b79000 	/System/Library/PrivateFrameworks/GeoServicesCore.framework/Versions/A/GeoServicesCore
0x00007ff90f0cf000 	/System/Library/PrivateFrameworks/PhoneNumbers.framework/Versions/A/PhoneNumbers
0x00007ff81aef5000 	/System/Library/PrivateFrameworks/IMFoundation.framework/Versions/A/IMFoundation
0x00007ff90e8d3000 	/System/Library/PrivateFrameworks/Marco.framework/Versions/A/Marco
0x00007ff81c259000 	/System/Library/PrivateFrameworks/IDSFoundation.framework/Versions/A/IDSFoundation
0x00007ff913520000 	/System/Library/PrivateFrameworks/FTServices.framework/Versions/A/FTServices
0x00007ff825d43000 	/System/Library/PrivateFrameworks/Engram.framework/Versions/A/Engram
0x00007ff825cea000 	/usr/lib/libtidy.A.dylib
0x00007ff91d874000 	/System/Library/PrivateFrameworks/FTAWD.framework/Versions/A/FTAWD


VM Arguments:
java_command: MyShelfie-1.0-SNAPSHOT-jar-with-dependencies.jar -i 10.130.254.244
java_class_path (initial): MyShelfie-1.0-SNAPSHOT-jar-with-dependencies.jar
Launcher Type: SUN_STANDARD

[Global flags]
     intx CICompilerCount                          = 4                                         {product} {ergonomic}
     uint ConcGCThreads                            = 2                                         {product} {ergonomic}
     uint G1ConcRefinementThreads                  = 8                                         {product} {ergonomic}
   size_t G1HeapRegionSize                         = 1048576                                   {product} {ergonomic}
    uintx GCDrainStackTargetSize                   = 64                                        {product} {ergonomic}
   size_t InitialHeapSize                          = 134217728                                 {product} {ergonomic}
   size_t MarkStackSize                            = 4194304                                   {product} {ergonomic}
   size_t MaxHeapSize                              = 2147483648                                {product} {ergonomic}
   size_t MaxNewSize                               = 1287651328                                {product} {ergonomic}
   size_t MinHeapDeltaBytes                        = 1048576                                   {product} {ergonomic}
   size_t MinHeapSize                              = 8388608                                   {product} {ergonomic}
    uintx NonNMethodCodeHeapSize                   = 5839372                                {pd product} {ergonomic}
    uintx NonProfiledCodeHeapSize                  = 122909434                              {pd product} {ergonomic}
    uintx ProfiledCodeHeapSize                     = 122909434                              {pd product} {ergonomic}
    uintx ReservedCodeCacheSize                    = 251658240                              {pd product} {ergonomic}
     bool SegmentedCodeCache                       = true                                      {product} {ergonomic}
   size_t SoftMaxHeapSize                          = 2147483648                             {manageable} {ergonomic}
     bool UseCompressedClassPointers               = true                           {product lp64_product} {ergonomic}
     bool UseCompressedOops                        = true                           {product lp64_product} {ergonomic}
     bool UseG1GC                                  = true                                      {product} {ergonomic}
     bool UseNUMA                                  = false                                     {product} {ergonomic}
     bool UseNUMAInterleaving                      = false                                     {product} {ergonomic}

Logging:
Log output configuration:
 #0: stdout all=warning uptime,level,tags foldmultilines=false
 #1: stderr all=off uptime,level,tags foldmultilines=false

Environment Variables:
PATH=/Library/Frameworks/Python.framework/Versions/3.9/bin:/usr/local/bin:/usr/bin:/bin:/usr/sbin:/sbin:/Library/Apple/usr/bin:/Applications/Wireshark.app/Contents/MacOS
SHELL=/bin/zsh
LANG=it_IT.UTF-8
TERM=xterm-256color
TMPDIR=/var/folders/kl/9mtcfvw56v94wdrxt9s79h_r0000gn/T/

Active Locale:
LC_ALL=it_IT.UTF-8
LC_COLLATE=it_IT.UTF-8
LC_CTYPE=it_IT.UTF-8
LC_MESSAGES=it_IT.UTF-8
LC_MONETARY=it_IT.UTF-8
LC_NUMERIC=it_IT.UTF-8
LC_TIME=it_IT.UTF-8

Signal Handlers:
   SIGSEGV: _ZL13crash_handleriP9__siginfoPv in libjvm.dylib, mask=11100110000111110111111111111111, flags=SA_RESTART|SA_SIGINFO
    SIGBUS: _ZL13crash_handleriP9__siginfoPv in libjvm.dylib, mask=11100110000111110111111111111111, flags=SA_RESTART|SA_SIGINFO
    SIGFPE: _ZL13crash_handleriP9__siginfoPv in libjvm.dylib, mask=11100110000111110111111111111111, flags=SA_RESTART|SA_SIGINFO
   SIGPIPE: _ZL17javaSignalHandleriP9__siginfoPv in libjvm.dylib, mask=11100110000111110111111111111111, flags=SA_RESTART|SA_SIGINFO
   SIGXFSZ: _ZL17javaSignalHandleriP9__siginfoPv in libjvm.dylib, mask=11100110000111110111111111111111, flags=SA_RESTART|SA_SIGINFO
    SIGILL: _ZL13crash_handleriP9__siginfoPv in libjvm.dylib, mask=11100110000111110111111111111111, flags=SA_RESTART|SA_SIGINFO
   SIGUSR2: _ZL10SR_handleriP9__siginfoP17__darwin_ucontext in libjvm.dylib, mask=00000000000000000000000000000000, flags=SA_RESTART|SA_SIGINFO
    SIGHUP: _ZL11UserHandleriPvS_ in libjvm.dylib, mask=11100110000111110111111111111111, flags=SA_RESTART|SA_SIGINFO
    SIGINT: _ZL11UserHandleriPvS_ in libjvm.dylib, mask=11100110000111110111111111111111, flags=SA_RESTART|SA_SIGINFO
   SIGTERM: _ZL11UserHandleriPvS_ in libjvm.dylib, mask=11100110000111110111111111111111, flags=SA_RESTART|SA_SIGINFO
   SIGQUIT: _ZL11UserHandleriPvS_ in libjvm.dylib, mask=11100110000111110111111111111111, flags=SA_RESTART|SA_SIGINFO
   SIGTRAP: _ZL13crash_handleriP9__siginfoPv in libjvm.dylib, mask=11100110000111110111111111111111, flags=SA_RESTART|SA_SIGINFO


---------------  S Y S T E M  ---------------

OS:
uname: Darwin 21.6.0 Darwin Kernel Version 21.6.0: Sat Jun 18 17:07:25 PDT 2022; root:xnu-8020.140.41~1/RELEASE_X86_64 x86_64
OS uptime: 21 days 9:11 hours
rlimit (soft/hard): STACK 8192k/65532k , CORE 0k/infinity , NPROC 1392/2088 , NOFILE 10240/infinity , AS infinity/infinity , CPU infinity/infinity , DATA infinity/infinity , FSIZE infinity/infinity , MEMLOCK infinity/infinity , RSS infinity/infinity
load average: 1,57 2,49 2,37

CPU: total 8 (initial active 8) (4 cores per cpu, 2 threads per core) family 6 model 126 stepping 5 microcode 0xb2, cx8, cmov, fxsr, ht, mmx, 3dnowpref, sse, sse2, sse3, ssse3, sse4.1, sse4.2, popcnt, lzcnt, tsc, tscinvbit, avx, avx2, aes, erms, clmul, bmi1, bmi2, adx, sha, fma, vzeroupper, clflush, clflushopt, rdtscp, rdpid, fsrm

Memory: 4k page, physical 8388608k(17876k free), swap 2097152k(849152k free)

vm_info: OpenJDK 64-Bit Server VM (19+36-2238) for bsd-amd64 JRE (19+36-2238), built on 2022-08-12T20:29:01Z by "mach5one" with clang Apple LLVM 12.0.0 (clang-1200.0.32.29)

END.
