#
# There is insufficient memory for the Java Runtime Environment to continue.
# Native memory allocation (mmap) failed to map 65536 bytes for Failed to commit metaspace.
# Possible reasons:
#   The system is out of physical RAM or swap space
#   The process is running with CompressedOops enabled, and the Java Heap may be blocking the growth of the native heap
# Possible solutions:
#   Reduce memory load on the system
#   Increase physical memory or swap space
#   Check if swap backing store is full
#   Decrease Java heap size (-Xmx/-Xms)
#   Decrease number of Java threads
#   Decrease Java thread stack sizes (-Xss)
#   Set larger code cache with -XX:ReservedCodeCacheSize=
#   JVM is running with Unscaled Compressed Oops mode in which the Java heap is
#     placed in the first 4GB address space. The Java Heap base address is the
#     maximum limit for the native heap growth. Please use -XX:HeapBaseMinAddress
#     to set the Java Heap base and to place the Java Heap above 4GB virtual address.
# This output file may be truncated or incomplete.
#
#  Out of Memory Error (virtualSpaceNode.cpp:110), pid=1688, tid=1272
#
# JRE version: OpenJDK Runtime Environment JBR-17.0.6+10-829.9-jcef (17.0.6+10) (build 17.0.6+10-b829.9)
# Java VM: OpenJDK 64-Bit Server VM JBR-17.0.6+10-829.9-jcef (17.0.6+10-b829.9, mixed mode, tiered, compressed oops, compressed class ptrs, g1 gc, windows-amd64)
# No core dump will be written. Minidumps are not enabled by default on client versions of Windows
#

---------------  S U M M A R Y ------------

Command Line: git4idea.http.GitAskPassApp Username for 'https://github.com': 

Host: Intel(R) Core(TM) i5-1035G1 CPU @ 1.00GHz, 8 cores, 7G,  Windows 11 , 64 bit Build 22621 (10.0.22621.1635)
Time: Tue May 23 12:29:40 2023 ora legale Europa occidentale elapsed time: 0.415457 seconds (0d 0h 0m 0s)

---------------  T H R E A D  ---------------

Current thread (0x000001d571f984f0):  JavaThread "main" [_thread_in_vm, id=1272, stack(0x000000b240c00000,0x000000b240d00000)]

Stack: [0x000000b240c00000,0x000000b240d00000]
Native frames: (J=compiled Java code, j=interpreted, Vv=VM code, C=native code)
V  [jvm.dll+0x683c5a]
V  [jvm.dll+0x842764]
V  [jvm.dll+0x843f5e]
V  [jvm.dll+0x8445c3]
V  [jvm.dll+0x249b75]
V  [jvm.dll+0x83e7bb]
V  [jvm.dll+0x628006]
V  [jvm.dll+0x1c194e]
V  [jvm.dll+0x62a941]
V  [jvm.dll+0x6289a6]
V  [jvm.dll+0x23db6f]
V  [jvm.dll+0x632795]
V  [jvm.dll+0x1eda2b]
V  [jvm.dll+0x1edf65]
V  [jvm.dll+0x1ee884]
V  [jvm.dll+0x1e3dcc]
V  [jvm.dll+0x547fed]
V  [jvm.dll+0x1f46eb]
V  [jvm.dll+0x7bc78b]
V  [jvm.dll+0x7bdbd2]
V  [jvm.dll+0x7bdf08]
V  [jvm.dll+0x24190e]
V  [jvm.dll+0x241b5f]
V  [jvm.dll+0x565ef8]
V  [jvm.dll+0x568e37]
V  [jvm.dll+0x3883a4]
V  [jvm.dll+0x387a0f]
C  0x000001d50754a459

Java frames: (J=compiled Java code, j=interpreted, Vv=VM code)
j  java.util.concurrent.CompletableFuture.<clinit>()V+11 java.base@17.0.6
v  ~StubRoutines::call_stub
j  jdk.internal.net.http.HttpClientImpl.<clinit>()V+46 java.net.http@17.0.6
v  ~StubRoutines::call_stub
j  jdk.internal.net.http.HttpClientBuilderImpl.build()Ljava/net/http/HttpClient;+1 java.net.http@17.0.6
j  externalApp.ExternalAppUtil.sendIdeRequest(Ljava/lang/String;ILjava/lang/String;Ljava/lang/String;)LexternalApp/ExternalAppUtil$Result;+77
j  git4idea.http.GitAskPassApp.main([Ljava/lang/String;)V+37
v  ~StubRoutines::call_stub

---------------  P R O C E S S  ---------------

Threads class SMR info:
_java_thread_list=0x000001d57d9d9480, length=12, elements={
0x000001d571f984f0, 0x000001d57cdd9710, 0x000001d57d83d100, 0x000001d57cdb9450,
0x000001d57cdb9e00, 0x000001d57cdbabc0, 0x000001d57cdbb570, 0x000001d57d860740,
0x000001d57d86d200, 0x000001d57d86dbf0, 0x000001d57d9d8020, 0x000001d57d9dc910
}

Java Threads: ( => current thread )
=>0x000001d571f984f0 JavaThread "main" [_thread_in_vm, id=1272, stack(0x000000b240c00000,0x000000b240d00000)]
  0x000001d57cdd9710 JavaThread "Reference Handler" daemon [_thread_blocked, id=11016, stack(0x000000b241300000,0x000000b241400000)]
  0x000001d57d83d100 JavaThread "Finalizer" daemon [_thread_blocked, id=15132, stack(0x000000b241400000,0x000000b241500000)]
  0x000001d57cdb9450 JavaThread "Signal Dispatcher" daemon [_thread_blocked, id=11320, stack(0x000000b241500000,0x000000b241600000)]
  0x000001d57cdb9e00 JavaThread "Attach Listener" daemon [_thread_blocked, id=10396, stack(0x000000b241600000,0x000000b241700000)]
  0x000001d57cdbabc0 JavaThread "Service Thread" daemon [_thread_blocked, id=15112, stack(0x000000b241700000,0x000000b241800000)]
  0x000001d57cdbb570 JavaThread "Monitor Deflation Thread" daemon [_thread_blocked, id=7992, stack(0x000000b241800000,0x000000b241900000)]
  0x000001d57d860740 JavaThread "C2 CompilerThread0" daemon [_thread_blocked, id=14372, stack(0x000000b241900000,0x000000b241a00000)]
  0x000001d57d86d200 JavaThread "C1 CompilerThread0" daemon [_thread_blocked, id=5920, stack(0x000000b241a00000,0x000000b241b00000)]
  0x000001d57d86dbf0 JavaThread "Sweeper thread" daemon [_thread_blocked, id=14864, stack(0x000000b241b00000,0x000000b241c00000)]
  0x000001d57d9d8020 JavaThread "Notification Thread" daemon [_thread_blocked, id=9588, stack(0x000000b241c00000,0x000000b241d00000)]
  0x000001d57d9dc910 JavaThread "Common-Cleaner" daemon [_thread_blocked, id=8976, stack(0x000000b241e00000,0x000000b241f00000)]

Other Threads:
  0x000001d57cdd4040 VMThread "VM Thread" [stack: 0x000000b241200000,0x000000b241300000] [id=10588]
  0x000001d57200bfd0 WatcherThread [stack: 0x000000b241d00000,0x000000b241e00000] [id=4728]
  0x000001d571ff2660 GCTaskThread "GC Thread#0" [stack: 0x000000b240d00000,0x000000b240e00000] [id=14416]
  0x000001d572003170 ConcurrentGCThread "G1 Main Marker" [stack: 0x000000b240e00000,0x000000b240f00000] [id=8792]
  0x000001d572003ce0 ConcurrentGCThread "G1 Conc#0" [stack: 0x000000b240f00000,0x000000b241000000] [id=8888]
  0x000001d57cc040c0 ConcurrentGCThread "G1 Refine#0" [stack: 0x000000b241000000,0x000000b241100000] [id=7328]
  0x000001d57cc049f0 ConcurrentGCThread "G1 Service" [stack: 0x000000b241100000,0x000000b241200000] [id=14728]

Threads with active compile tasks:

VM state: not at safepoint (normal execution)

VM Mutex/Monitor currently owned by a thread:  ([mutex/lock_event])
[0x000001d56fd24da0] Metaspace_lock - owner thread: 0x000001d571f984f0

Heap address: 0x0000000085200000, size: 1966 MB, Compressed Oops mode: 32-bit

CDS archive(s) not mapped
Compressed class space mapped at: 0x0000000100000000-0x0000000140000000, reserved size: 1073741824
Narrow klass base: 0x0000000000000000, Narrow klass shift: 3, Narrow klass range: 0x140000000

GC Precious Log:
 CPUs: 8 total, 8 available
 Memory: 7857M
 Large Page Support: Disabled
 NUMA Support: Disabled
 Compressed Oops: Enabled (32-bit)
 Heap Region Size: 1M
 Heap Min Capacity: 8M
 Heap Initial Capacity: 124M
 Heap Max Capacity: 1966M
 Pre-touch: Disabled
 Parallel Workers: 8
 Concurrent Workers: 2
 Concurrent Refinement Workers: 8
 Periodic GC: Disabled

Heap:
 garbage-first heap   total 126976K, used 5120K [0x0000000085200000, 0x0000000100000000)
  region size 1024K, 6 young (6144K), 0 survivors (0K)
 Metaspace       used 10359K, committed 10432K, reserved 1064960K
  class space    used 985K, committed 1024K, reserved 1048576K

Heap Regions: E=young(eden), S=young(survivor), O=old, HS=humongous(starts), HC=humongous(continues), CS=collection set, F=free, OA=open archive, CA=closed archive, TAMS=top-at-mark-start (previous, next)
|   0|0x0000000085200000, 0x0000000085200000, 0x0000000085300000|  0%| F|  |TAMS 0x0000000085200000, 0x0000000085200000| Untracked 
|   1|0x0000000085300000, 0x0000000085300000, 0x0000000085400000|  0%| F|  |TAMS 0x0000000085300000, 0x0000000085300000| Untracked 
|   2|0x0000000085400000, 0x0000000085400000, 0x0000000085500000|  0%| F|  |TAMS 0x0000000085400000, 0x0000000085400000| Untracked 
|   3|0x0000000085500000, 0x0000000085500000, 0x0000000085600000|  0%| F|  |TAMS 0x0000000085500000, 0x0000000085500000| Untracked 
|   4|0x0000000085600000, 0x0000000085600000, 0x0000000085700000|  0%| F|  |TAMS 0x0000000085600000, 0x0000000085600000| Untracked 
|   5|0x0000000085700000, 0x0000000085700000, 0x0000000085800000|  0%| F|  |TAMS 0x0000000085700000, 0x0000000085700000| Untracked 
|   6|0x0000000085800000, 0x0000000085800000, 0x0000000085900000|  0%| F|  |TAMS 0x0000000085800000, 0x0000000085800000| Untracked 
|   7|0x0000000085900000, 0x0000000085900000, 0x0000000085a00000|  0%| F|  |TAMS 0x0000000085900000, 0x0000000085900000| Untracked 
|   8|0x0000000085a00000, 0x0000000085a00000, 0x0000000085b00000|  0%| F|  |TAMS 0x0000000085a00000, 0x0000000085a00000| Untracked 
|   9|0x0000000085b00000, 0x0000000085b00000, 0x0000000085c00000|  0%| F|  |TAMS 0x0000000085b00000, 0x0000000085b00000| Untracked 
|  10|0x0000000085c00000, 0x0000000085c00000, 0x0000000085d00000|  0%| F|  |TAMS 0x0000000085c00000, 0x0000000085c00000| Untracked 
|  11|0x0000000085d00000, 0x0000000085d00000, 0x0000000085e00000|  0%| F|  |TAMS 0x0000000085d00000, 0x0000000085d00000| Untracked 
|  12|0x0000000085e00000, 0x0000000085e00000, 0x0000000085f00000|  0%| F|  |TAMS 0x0000000085e00000, 0x0000000085e00000| Untracked 
|  13|0x0000000085f00000, 0x0000000085f00000, 0x0000000086000000|  0%| F|  |TAMS 0x0000000085f00000, 0x0000000085f00000| Untracked 
|  14|0x0000000086000000, 0x0000000086000000, 0x0000000086100000|  0%| F|  |TAMS 0x0000000086000000, 0x0000000086000000| Untracked 
|  15|0x0000000086100000, 0x0000000086100000, 0x0000000086200000|  0%| F|  |TAMS 0x0000000086100000, 0x0000000086100000| Untracked 
|  16|0x0000000086200000, 0x0000000086200000, 0x0000000086300000|  0%| F|  |TAMS 0x0000000086200000, 0x0000000086200000| Untracked 
|  17|0x0000000086300000, 0x0000000086300000, 0x0000000086400000|  0%| F|  |TAMS 0x0000000086300000, 0x0000000086300000| Untracked 
|  18|0x0000000086400000, 0x0000000086400000, 0x0000000086500000|  0%| F|  |TAMS 0x0000000086400000, 0x0000000086400000| Untracked 
|  19|0x0000000086500000, 0x0000000086500000, 0x0000000086600000|  0%| F|  |TAMS 0x0000000086500000, 0x0000000086500000| Untracked 
|  20|0x0000000086600000, 0x0000000086600000, 0x0000000086700000|  0%| F|  |TAMS 0x0000000086600000, 0x0000000086600000| Untracked 
|  21|0x0000000086700000, 0x0000000086700000, 0x0000000086800000|  0%| F|  |TAMS 0x0000000086700000, 0x0000000086700000| Untracked 
|  22|0x0000000086800000, 0x0000000086800000, 0x0000000086900000|  0%| F|  |TAMS 0x0000000086800000, 0x0000000086800000| Untracked 
|  23|0x0000000086900000, 0x0000000086900000, 0x0000000086a00000|  0%| F|  |TAMS 0x0000000086900000, 0x0000000086900000| Untracked 
|  24|0x0000000086a00000, 0x0000000086a00000, 0x0000000086b00000|  0%| F|  |TAMS 0x0000000086a00000, 0x0000000086a00000| Untracked 
|  25|0x0000000086b00000, 0x0000000086b00000, 0x0000000086c00000|  0%| F|  |TAMS 0x0000000086b00000, 0x0000000086b00000| Untracked 
|  26|0x0000000086c00000, 0x0000000086c00000, 0x0000000086d00000|  0%| F|  |TAMS 0x0000000086c00000, 0x0000000086c00000| Untracked 
|  27|0x0000000086d00000, 0x0000000086d00000, 0x0000000086e00000|  0%| F|  |TAMS 0x0000000086d00000, 0x0000000086d00000| Untracked 
|  28|0x0000000086e00000, 0x0000000086e00000, 0x0000000086f00000|  0%| F|  |TAMS 0x0000000086e00000, 0x0000000086e00000| Untracked 
|  29|0x0000000086f00000, 0x0000000086f00000, 0x0000000087000000|  0%| F|  |TAMS 0x0000000086f00000, 0x0000000086f00000| Untracked 
|  30|0x0000000087000000, 0x0000000087000000, 0x0000000087100000|  0%| F|  |TAMS 0x0000000087000000, 0x0000000087000000| Untracked 
|  31|0x0000000087100000, 0x0000000087100000, 0x0000000087200000|  0%| F|  |TAMS 0x0000000087100000, 0x0000000087100000| Untracked 
|  32|0x0000000087200000, 0x0000000087200000, 0x0000000087300000|  0%| F|  |TAMS 0x0000000087200000, 0x0000000087200000| Untracked 
|  33|0x0000000087300000, 0x0000000087300000, 0x0000000087400000|  0%| F|  |TAMS 0x0000000087300000, 0x0000000087300000| Untracked 
|  34|0x0000000087400000, 0x0000000087400000, 0x0000000087500000|  0%| F|  |TAMS 0x0000000087400000, 0x0000000087400000| Untracked 
|  35|0x0000000087500000, 0x0000000087500000, 0x0000000087600000|  0%| F|  |TAMS 0x0000000087500000, 0x0000000087500000| Untracked 
|  36|0x0000000087600000, 0x0000000087600000, 0x0000000087700000|  0%| F|  |TAMS 0x0000000087600000, 0x0000000087600000| Untracked 
|  37|0x0000000087700000, 0x0000000087700000, 0x0000000087800000|  0%| F|  |TAMS 0x0000000087700000, 0x0000000087700000| Untracked 
|  38|0x0000000087800000, 0x0000000087800000, 0x0000000087900000|  0%| F|  |TAMS 0x0000000087800000, 0x0000000087800000| Untracked 
|  39|0x0000000087900000, 0x0000000087900000, 0x0000000087a00000|  0%| F|  |TAMS 0x0000000087900000, 0x0000000087900000| Untracked 
|  40|0x0000000087a00000, 0x0000000087a00000, 0x0000000087b00000|  0%| F|  |TAMS 0x0000000087a00000, 0x0000000087a00000| Untracked 
|  41|0x0000000087b00000, 0x0000000087b00000, 0x0000000087c00000|  0%| F|  |TAMS 0x0000000087b00000, 0x0000000087b00000| Untracked 
|  42|0x0000000087c00000, 0x0000000087c00000, 0x0000000087d00000|  0%| F|  |TAMS 0x0000000087c00000, 0x0000000087c00000| Untracked 
|  43|0x0000000087d00000, 0x0000000087d00000, 0x0000000087e00000|  0%| F|  |TAMS 0x0000000087d00000, 0x0000000087d00000| Untracked 
|  44|0x0000000087e00000, 0x0000000087e00000, 0x0000000087f00000|  0%| F|  |TAMS 0x0000000087e00000, 0x0000000087e00000| Untracked 
|  45|0x0000000087f00000, 0x0000000087f00000, 0x0000000088000000|  0%| F|  |TAMS 0x0000000087f00000, 0x0000000087f00000| Untracked 
|  46|0x0000000088000000, 0x0000000088000000, 0x0000000088100000|  0%| F|  |TAMS 0x0000000088000000, 0x0000000088000000| Untracked 
|  47|0x0000000088100000, 0x0000000088100000, 0x0000000088200000|  0%| F|  |TAMS 0x0000000088100000, 0x0000000088100000| Untracked 
|  48|0x0000000088200000, 0x0000000088200000, 0x0000000088300000|  0%| F|  |TAMS 0x0000000088200000, 0x0000000088200000| Untracked 
|  49|0x0000000088300000, 0x0000000088300000, 0x0000000088400000|  0%| F|  |TAMS 0x0000000088300000, 0x0000000088300000| Untracked 
|  50|0x0000000088400000, 0x0000000088400000, 0x0000000088500000|  0%| F|  |TAMS 0x0000000088400000, 0x0000000088400000| Untracked 
|  51|0x0000000088500000, 0x0000000088500000, 0x0000000088600000|  0%| F|  |TAMS 0x0000000088500000, 0x0000000088500000| Untracked 
|  52|0x0000000088600000, 0x0000000088600000, 0x0000000088700000|  0%| F|  |TAMS 0x0000000088600000, 0x0000000088600000| Untracked 
|  53|0x0000000088700000, 0x0000000088700000, 0x0000000088800000|  0%| F|  |TAMS 0x0000000088700000, 0x0000000088700000| Untracked 
|  54|0x0000000088800000, 0x0000000088800000, 0x0000000088900000|  0%| F|  |TAMS 0x0000000088800000, 0x0000000088800000| Untracked 
|  55|0x0000000088900000, 0x0000000088900000, 0x0000000088a00000|  0%| F|  |TAMS 0x0000000088900000, 0x0000000088900000| Untracked 
|  56|0x0000000088a00000, 0x0000000088a00000, 0x0000000088b00000|  0%| F|  |TAMS 0x0000000088a00000, 0x0000000088a00000| Untracked 
|  57|0x0000000088b00000, 0x0000000088b00000, 0x0000000088c00000|  0%| F|  |TAMS 0x0000000088b00000, 0x0000000088b00000| Untracked 
|  58|0x0000000088c00000, 0x0000000088c00000, 0x0000000088d00000|  0%| F|  |TAMS 0x0000000088c00000, 0x0000000088c00000| Untracked 
|  59|0x0000000088d00000, 0x0000000088d00000, 0x0000000088e00000|  0%| F|  |TAMS 0x0000000088d00000, 0x0000000088d00000| Untracked 
|  60|0x0000000088e00000, 0x0000000088e00000, 0x0000000088f00000|  0%| F|  |TAMS 0x0000000088e00000, 0x0000000088e00000| Untracked 
|  61|0x0000000088f00000, 0x0000000088f00000, 0x0000000089000000|  0%| F|  |TAMS 0x0000000088f00000, 0x0000000088f00000| Untracked 
|  62|0x0000000089000000, 0x0000000089000000, 0x0000000089100000|  0%| F|  |TAMS 0x0000000089000000, 0x0000000089000000| Untracked 
|  63|0x0000000089100000, 0x0000000089100000, 0x0000000089200000|  0%| F|  |TAMS 0x0000000089100000, 0x0000000089100000| Untracked 
|  64|0x0000000089200000, 0x0000000089200000, 0x0000000089300000|  0%| F|  |TAMS 0x0000000089200000, 0x0000000089200000| Untracked 
|  65|0x0000000089300000, 0x0000000089300000, 0x0000000089400000|  0%| F|  |TAMS 0x0000000089300000, 0x0000000089300000| Untracked 
|  66|0x0000000089400000, 0x0000000089400000, 0x0000000089500000|  0%| F|  |TAMS 0x0000000089400000, 0x0000000089400000| Untracked 
|  67|0x0000000089500000, 0x0000000089500000, 0x0000000089600000|  0%| F|  |TAMS 0x0000000089500000, 0x0000000089500000| Untracked 
|  68|0x0000000089600000, 0x0000000089600000, 0x0000000089700000|  0%| F|  |TAMS 0x0000000089600000, 0x0000000089600000| Untracked 
|  69|0x0000000089700000, 0x0000000089700000, 0x0000000089800000|  0%| F|  |TAMS 0x0000000089700000, 0x0000000089700000| Untracked 
|  70|0x0000000089800000, 0x0000000089800000, 0x0000000089900000|  0%| F|  |TAMS 0x0000000089800000, 0x0000000089800000| Untracked 
|  71|0x0000000089900000, 0x0000000089900000, 0x0000000089a00000|  0%| F|  |TAMS 0x0000000089900000, 0x0000000089900000| Untracked 
|  72|0x0000000089a00000, 0x0000000089a00000, 0x0000000089b00000|  0%| F|  |TAMS 0x0000000089a00000, 0x0000000089a00000| Untracked 
|  73|0x0000000089b00000, 0x0000000089b00000, 0x0000000089c00000|  0%| F|  |TAMS 0x0000000089b00000, 0x0000000089b00000| Untracked 
|  74|0x0000000089c00000, 0x0000000089c00000, 0x0000000089d00000|  0%| F|  |TAMS 0x0000000089c00000, 0x0000000089c00000| Untracked 
|  75|0x0000000089d00000, 0x0000000089d00000, 0x0000000089e00000|  0%| F|  |TAMS 0x0000000089d00000, 0x0000000089d00000| Untracked 
|  76|0x0000000089e00000, 0x0000000089e00000, 0x0000000089f00000|  0%| F|  |TAMS 0x0000000089e00000, 0x0000000089e00000| Untracked 
|  77|0x0000000089f00000, 0x0000000089f00000, 0x000000008a000000|  0%| F|  |TAMS 0x0000000089f00000, 0x0000000089f00000| Untracked 
|  78|0x000000008a000000, 0x000000008a000000, 0x000000008a100000|  0%| F|  |TAMS 0x000000008a000000, 0x000000008a000000| Untracked 
|  79|0x000000008a100000, 0x000000008a100000, 0x000000008a200000|  0%| F|  |TAMS 0x000000008a100000, 0x000000008a100000| Untracked 
|  80|0x000000008a200000, 0x000000008a200000, 0x000000008a300000|  0%| F|  |TAMS 0x000000008a200000, 0x000000008a200000| Untracked 
|  81|0x000000008a300000, 0x000000008a300000, 0x000000008a400000|  0%| F|  |TAMS 0x000000008a300000, 0x000000008a300000| Untracked 
|  82|0x000000008a400000, 0x000000008a400000, 0x000000008a500000|  0%| F|  |TAMS 0x000000008a400000, 0x000000008a400000| Untracked 
|  83|0x000000008a500000, 0x000000008a500000, 0x000000008a600000|  0%| F|  |TAMS 0x000000008a500000, 0x000000008a500000| Untracked 
|  84|0x000000008a600000, 0x000000008a600000, 0x000000008a700000|  0%| F|  |TAMS 0x000000008a600000, 0x000000008a600000| Untracked 
|  85|0x000000008a700000, 0x000000008a700000, 0x000000008a800000|  0%| F|  |TAMS 0x000000008a700000, 0x000000008a700000| Untracked 
|  86|0x000000008a800000, 0x000000008a800000, 0x000000008a900000|  0%| F|  |TAMS 0x000000008a800000, 0x000000008a800000| Untracked 
|  87|0x000000008a900000, 0x000000008a900000, 0x000000008aa00000|  0%| F|  |TAMS 0x000000008a900000, 0x000000008a900000| Untracked 
|  88|0x000000008aa00000, 0x000000008aa00000, 0x000000008ab00000|  0%| F|  |TAMS 0x000000008aa00000, 0x000000008aa00000| Untracked 
|  89|0x000000008ab00000, 0x000000008ab00000, 0x000000008ac00000|  0%| F|  |TAMS 0x000000008ab00000, 0x000000008ab00000| Untracked 
|  90|0x000000008ac00000, 0x000000008ac00000, 0x000000008ad00000|  0%| F|  |TAMS 0x000000008ac00000, 0x000000008ac00000| Untracked 
|  91|0x000000008ad00000, 0x000000008ad00000, 0x000000008ae00000|  0%| F|  |TAMS 0x000000008ad00000, 0x000000008ad00000| Untracked 
|  92|0x000000008ae00000, 0x000000008ae00000, 0x000000008af00000|  0%| F|  |TAMS 0x000000008ae00000, 0x000000008ae00000| Untracked 
|  93|0x000000008af00000, 0x000000008af00000, 0x000000008b000000|  0%| F|  |TAMS 0x000000008af00000, 0x000000008af00000| Untracked 
|  94|0x000000008b000000, 0x000000008b000000, 0x000000008b100000|  0%| F|  |TAMS 0x000000008b000000, 0x000000008b000000| Untracked 
|  95|0x000000008b100000, 0x000000008b100000, 0x000000008b200000|  0%| F|  |TAMS 0x000000008b100000, 0x000000008b100000| Untracked 
|  96|0x000000008b200000, 0x000000008b200000, 0x000000008b300000|  0%| F|  |TAMS 0x000000008b200000, 0x000000008b200000| Untracked 
|  97|0x000000008b300000, 0x000000008b300000, 0x000000008b400000|  0%| F|  |TAMS 0x000000008b300000, 0x000000008b300000| Untracked 
|  98|0x000000008b400000, 0x000000008b400000, 0x000000008b500000|  0%| F|  |TAMS 0x000000008b400000, 0x000000008b400000| Untracked 
|  99|0x000000008b500000, 0x000000008b500000, 0x000000008b600000|  0%| F|  |TAMS 0x000000008b500000, 0x000000008b500000| Untracked 
| 100|0x000000008b600000, 0x000000008b600000, 0x000000008b700000|  0%| F|  |TAMS 0x000000008b600000, 0x000000008b600000| Untracked 
| 101|0x000000008b700000, 0x000000008b700000, 0x000000008b800000|  0%| F|  |TAMS 0x000000008b700000, 0x000000008b700000| Untracked 
| 102|0x000000008b800000, 0x000000008b800000, 0x000000008b900000|  0%| F|  |TAMS 0x000000008b800000, 0x000000008b800000| Untracked 
| 103|0x000000008b900000, 0x000000008b900000, 0x000000008ba00000|  0%| F|  |TAMS 0x000000008b900000, 0x000000008b900000| Untracked 
| 104|0x000000008ba00000, 0x000000008ba00000, 0x000000008bb00000|  0%| F|  |TAMS 0x000000008ba00000, 0x000000008ba00000| Untracked 
| 105|0x000000008bb00000, 0x000000008bb00000, 0x000000008bc00000|  0%| F|  |TAMS 0x000000008bb00000, 0x000000008bb00000| Untracked 
| 106|0x000000008bc00000, 0x000000008bc00000, 0x000000008bd00000|  0%| F|  |TAMS 0x000000008bc00000, 0x000000008bc00000| Untracked 
| 107|0x000000008bd00000, 0x000000008bd00000, 0x000000008be00000|  0%| F|  |TAMS 0x000000008bd00000, 0x000000008bd00000| Untracked 
| 108|0x000000008be00000, 0x000000008be00000, 0x000000008bf00000|  0%| F|  |TAMS 0x000000008be00000, 0x000000008be00000| Untracked 
| 109|0x000000008bf00000, 0x000000008bf00000, 0x000000008c000000|  0%| F|  |TAMS 0x000000008bf00000, 0x000000008bf00000| Untracked 
| 110|0x000000008c000000, 0x000000008c000000, 0x000000008c100000|  0%| F|  |TAMS 0x000000008c000000, 0x000000008c000000| Untracked 
| 111|0x000000008c100000, 0x000000008c100000, 0x000000008c200000|  0%| F|  |TAMS 0x000000008c100000, 0x000000008c100000| Untracked 
| 112|0x000000008c200000, 0x000000008c200000, 0x000000008c300000|  0%| F|  |TAMS 0x000000008c200000, 0x000000008c200000| Untracked 
| 113|0x000000008c300000, 0x000000008c300000, 0x000000008c400000|  0%| F|  |TAMS 0x000000008c300000, 0x000000008c300000| Untracked 
| 114|0x000000008c400000, 0x000000008c400000, 0x000000008c500000|  0%| F|  |TAMS 0x000000008c400000, 0x000000008c400000| Untracked 
| 115|0x000000008c500000, 0x000000008c500000, 0x000000008c600000|  0%| F|  |TAMS 0x000000008c500000, 0x000000008c500000| Untracked 
| 116|0x000000008c600000, 0x000000008c600000, 0x000000008c700000|  0%| F|  |TAMS 0x000000008c600000, 0x000000008c600000| Untracked 
| 117|0x000000008c700000, 0x000000008c700000, 0x000000008c800000|  0%| F|  |TAMS 0x000000008c700000, 0x000000008c700000| Untracked 
| 118|0x000000008c800000, 0x000000008c8764b8, 0x000000008c900000| 46%| E|  |TAMS 0x000000008c800000, 0x000000008c800000| Complete 
| 119|0x000000008c900000, 0x000000008ca00000, 0x000000008ca00000|100%| E|CS|TAMS 0x000000008c900000, 0x000000008c900000| Complete 
| 120|0x000000008ca00000, 0x000000008cb00000, 0x000000008cb00000|100%| E|CS|TAMS 0x000000008ca00000, 0x000000008ca00000| Complete 
| 121|0x000000008cb00000, 0x000000008cc00000, 0x000000008cc00000|100%| E|CS|TAMS 0x000000008cb00000, 0x000000008cb00000| Complete 
| 122|0x000000008cc00000, 0x000000008cd00000, 0x000000008cd00000|100%| E|CS|TAMS 0x000000008cc00000, 0x000000008cc00000| Complete 
| 123|0x000000008cd00000, 0x000000008ce00000, 0x000000008ce00000|100%| E|CS|TAMS 0x000000008cd00000, 0x000000008cd00000| Complete 

Card table byte_map: [0x000001d575e10000,0x000001d5761f0000] _byte_map_base: 0x000001d5759e7000

Marking Bits (Prev, Next): (CMBitMap*) 0x000001d571ff2c70, (CMBitMap*) 0x000001d571ff2cb0
 Prev Bits: [0x000001d5765d0000, 0x000001d578488000)
 Next Bits: [0x000001d578490000, 0x000001d57a348000)

Polling page: 0x000001d56fec0000

Metaspace:

Usage:
  Non-class:      9.15 MB used.
      Class:    985.39 KB used.
       Both:     10.12 MB used.

Virtual space:
  Non-class space:       16.00 MB reserved,       9.19 MB ( 57%) committed,  2 nodes.
      Class space:        1.00 GB reserved,       1.00 MB ( <1%) committed,  1 nodes.
             Both:        1.02 GB reserved,      10.19 MB ( <1%) committed. 

Chunk freelists:
   Non-Class:  2.33 MB
       Class:  3.00 MB
        Both:  5.33 MB

MaxMetaspaceSize: unlimited
CompressedClassSpaceSize: 1.00 GB
Initial GC threshold: 21.00 MB
Current GC threshold: 21.00 MB
CDS: off
MetaspaceReclaimPolicy: balanced
 - commit_granule_bytes: 65536.
 - commit_granule_words: 8192.
 - virtual_space_node_default_size: 1048576.
 - enlarge_chunks_in_place: 1.
 - new_chunks_are_fully_committed: 0.
 - uncommit_free_chunks: 1.
 - use_allocation_guard: 0.
 - handle_deallocations: 1.


Internal statistics:

num_allocs_failed_limit: 0.
num_arena_births: 40.
num_arena_deaths: 0.
num_vsnodes_births: 3.
num_vsnodes_deaths: 0.
num_space_committed: 163.
num_space_uncommitted: 0.
num_chunks_returned_to_freelist: 0.
num_chunks_taken_from_freelist: 83.
num_chunk_merges: 0.
num_chunk_splits: 47.
num_chunks_enlarged: 31.
num_purges: 0.
num_inconsistent_stats: 0.

CodeHeap 'non-profiled nmethods': size=120000Kb used=136Kb max_used=136Kb free=119863Kb
 bounds [0x000001d507ad0000, 0x000001d507d40000, 0x000001d50f000000]
CodeHeap 'profiled nmethods': size=120000Kb used=671Kb max_used=671Kb free=119328Kb
 bounds [0x000001d500000000, 0x000001d500270000, 0x000001d507530000]
CodeHeap 'non-nmethods': size=5760Kb used=1153Kb max_used=1168Kb free=4606Kb
 bounds [0x000001d507530000, 0x000001d5077a0000, 0x000001d507ad0000]
 total_blobs=892 nmethods=462 adapters=343
 compilation: enabled
              stopped_count=0, restarted_count=0
 full_count=0

Compilation events (20 events):
Event: 0.392 Thread 0x000001d57d86d200 nmethod 453 0x000001d5000a2990 code [0x000001d5000a2b80, 0x000001d5000a3148]
Event: 0.392 Thread 0x000001d57d86d200  451       3       jdk.internal.org.objectweb.asm.SymbolTable::addConstantClass (8 bytes)
Event: 0.392 Thread 0x000001d57d86d200 nmethod 451 0x000001d5000a3310 code [0x000001d5000a34a0, 0x000001d5000a35e8]
Event: 0.392 Thread 0x000001d57d86d200  455       3       java.lang.Object::equals (11 bytes)
Event: 0.392 Thread 0x000001d57d86d200 nmethod 455 0x000001d5000a3690 code [0x000001d5000a3820, 0x000001d5000a3998]
Event: 0.392 Thread 0x000001d57d86d200  454       3       jdk.internal.org.objectweb.asm.MethodWriter::visitVarInsn (302 bytes)
Event: 0.393 Thread 0x000001d57d86d200 nmethod 454 0x000001d5000a3a10 code [0x000001d5000a3c60, 0x000001d5000a4608]
Event: 0.393 Thread 0x000001d57d86d200  456       3       java.lang.String::replace (42 bytes)
Event: 0.394 Thread 0x000001d57d86d200 nmethod 456 0x000001d5000a4890 code [0x000001d5000a4a60, 0x000001d5000a4d98]
Event: 0.394 Thread 0x000001d57d86d200  449       1       jdk.internal.org.objectweb.asm.SymbolTable::getMajorVersion (5 bytes)
Event: 0.394 Thread 0x000001d57d86d200 nmethod 449 0x000001d507af0e90 code [0x000001d507af1020, 0x000001d507af10f8]
Event: 0.394 Thread 0x000001d57d86d200  457       3       java.util.Objects::requireNonNull (15 bytes)
Event: 0.394 Thread 0x000001d57d86d200 nmethod 457 0x000001d5000a4e90 code [0x000001d5000a5040, 0x000001d5000a5228]
Event: 0.397 Thread 0x000001d57d860740 nmethod 450 0x000001d507af1190 code [0x000001d507af1340, 0x000001d507af16d8]
Event: 0.399 Thread 0x000001d57d86d200  459       3       sun.invoke.util.VerifyAccess::isSamePackage (37 bytes)
Event: 0.400 Thread 0x000001d57d86d200 nmethod 459 0x000001d5000a5310 code [0x000001d5000a5620, 0x000001d5000a6af8]
Event: 0.401 Thread 0x000001d57d86d200  460       3       jdk.internal.org.objectweb.asm.ByteVector::putInt (74 bytes)
Event: 0.401 Thread 0x000001d57d86d200 nmethod 460 0x000001d5000a7110 code [0x000001d5000a72c0, 0x000001d5000a7528]
Event: 0.402 Thread 0x000001d57d86d200  462   !   3       java.lang.invoke.MemberName::clone (14 bytes)
Event: 0.402 Thread 0x000001d57d86d200 nmethod 462 0x000001d5000a7690 code [0x000001d5000a7860, 0x000001d5000a7bd8]

GC Heap History (0 events):
No events

Dll operation events (1 events):
Event: 0.009 Loaded shared library C:\Program Files\JetBrains\IntelliJ IDEA 2022.3.3\jbr\bin\java.dll

Deoptimization events (0 events):
No events

Classes unloaded (0 events):
No events

Classes redefined (0 events):
No events

Internal exceptions (15 events):
Event: 0.223 Thread 0x000001d571f984f0 Exception <a 'sun/nio/fs/WindowsException'{0x000000008ca07a18}> (0x000000008ca07a18) 
thrown [s\src\hotspot\share\prims\jni.cpp, line 517]
Event: 0.239 Thread 0x000001d571f984f0 Exception <a 'java/lang/NoSuchMethodError'{0x000000008ca32ca8}: 'int java.lang.invoke.DirectMethodHandle$Holder.invokeStaticInit(java.lang.Object, java.lang.Object, java.lang.Object, java.lang.Object)'> (0x000000008ca32ca8) 
thrown [s\src\hotspot\share\interpreter\linkResolver.cpp, line 771]
Event: 0.241 Thread 0x000001d571f984f0 Exception <a 'java/lang/NoSuchMethodError'{0x000000008ca3d948}: 'java.lang.Object java.lang.invoke.DirectMethodHandle$Holder.invokeInterface(java.lang.Object, java.lang.Object)'> (0x000000008ca3d948) 
thrown [s\src\hotspot\share\interpreter\linkResolver.cpp, line 771]
Event: 0.241 Thread 0x000001d571f984f0 Exception <a 'java/lang/IncompatibleClassChangeError'{0x000000008ca41268}: Found class java.lang.Object, but interface was expected> (0x000000008ca41268) 
thrown [s\src\hotspot\share\interpreter\linkResolver.cpp, line 838]
Event: 0.242 Thread 0x000001d571f984f0 Exception <a 'java/lang/NoSuchMethodError'{0x000000008ca44618}: 'void java.lang.invoke.DirectMethodHandle$Holder.invokeStatic(java.lang.Object, java.lang.Object)'> (0x000000008ca44618) 
thrown [s\src\hotspot\share\interpreter\linkResolver.cpp, line 771]
Event: 0.242 Thread 0x000001d571f984f0 Exception <a 'java/lang/NoSuchMethodError'{0x000000008ca47f30}: 'void java.lang.invoke.DirectMethodHandle$Holder.invokeStaticInit(java.lang.Object, java.lang.Object)'> (0x000000008ca47f30) 
thrown [s\src\hotspot\share\interpreter\linkResolver.cpp, line 771]
Event: 0.246 Thread 0x000001d571f984f0 Exception <a 'java/lang/NoSuchMethodError'{0x000000008ca4e7a8}: 'int java.lang.invoke.DirectMethodHandle$Holder.invokeStaticInit(java.lang.Object, java.lang.Object)'> (0x000000008ca4e7a8) 
thrown [s\src\hotspot\share\interpreter\linkResolver.cpp, line 771]
Event: 0.288 Thread 0x000001d571f984f0 Exception <a 'java/lang/NoSuchMethodError'{0x000000008c9355f8}: 'java.lang.Object java.lang.invoke.DirectMethodHandle$Holder.invokeStaticInit(java.lang.Object, int, int, int, int)'> (0x000000008c9355f8) 
thrown [s\src\hotspot\share\interpreter\linkResolver.cpp, line 771]
Event: 0.362 Thread 0x000001d571f984f0 Exception <a 'java/lang/NoSuchMethodError'{0x000000008c973010}: 'java.lang.Object java.lang.invoke.DirectMethodHandle$Holder.invokeStaticInit(java.lang.Object, java.lang.Object, int, int, int, int)'> (0x000000008c973010) 
thrown [s\src\hotspot\share\interpreter\linkResolver.cpp, line 771]
Event: 0.378 Thread 0x000001d571f984f0 Exception <a 'java/lang/NoSuchMethodError'{0x000000008c9db658}: 'java.lang.Object java.lang.invoke.DirectMethodHandle$Holder.invokeStatic(java.lang.Object, java.lang.Object, int)'> (0x000000008c9db658) 
thrown [s\src\hotspot\share\interpreter\linkResolver.cpp, line 771]
Event: 0.379 Thread 0x000001d571f984f0 Exception <a 'java/lang/NoSuchMethodError'{0x000000008c9dedd0}: 'java.lang.Object java.lang.invoke.DirectMethodHandle$Holder.invokeStaticInit(java.lang.Object, java.lang.Object, int)'> (0x000000008c9dedd0) 
thrown [s\src\hotspot\share\interpreter\linkResolver.cpp, line 771]
Event: 0.380 Thread 0x000001d571f984f0 Exception <a 'java/lang/NoSuchMethodError'{0x000000008c9e5180}: 'java.lang.Object java.lang.invoke.DirectMethodHandle$Holder.newInvokeSpecial(java.lang.Object, java.lang.Object, int)'> (0x000000008c9e5180) 
thrown [s\src\hotspot\share\interpreter\linkResolver.cpp, line 771]
Event: 0.386 Thread 0x000001d571f984f0 Exception <a 'java/lang/NoSuchMethodError'{0x000000008c9f4b20}: 'int java.lang.invoke.DirectMethodHandle$Holder.invokeStaticInit(java.lang.Object, java.lang.Object, java.lang.Object)'> (0x000000008c9f4b20) 
thrown [s\src\hotspot\share\interpreter\linkResolver.cpp, line 771]
Event: 0.390 Thread 0x000001d571f984f0 Exception <a 'java/lang/NoSuchMethodError'{0x000000008c8051f0}: 'int java.lang.invoke.DirectMethodHandle$Holder.invokeSpecial(java.lang.Object, java.lang.Object, java.lang.Object)'> (0x000000008c8051f0) 
thrown [s\src\hotspot\share\interpreter\linkResolver.cpp, line 771]
Event: 0.391 Thread 0x000001d571f984f0 Exception <a 'java/lang/NoSuchMethodError'{0x000000008c80d5d0}: 'int java.lang.invoke.DirectMethodHandle$Holder.invokeSpecialIFC(java.lang.Object, java.lang.Object, java.lang.Object)'> (0x000000008c80d5d0) 
thrown [s\src\hotspot\share\interpreter\linkResolver.cpp, line 771]

VM Operations (6 events):
Event: 0.119 Executing VM operation: HandshakeAllThreads
Event: 0.119 Executing VM operation: HandshakeAllThreads done
Event: 0.133 Executing VM operation: HandshakeAllThreads
Event: 0.133 Executing VM operation: HandshakeAllThreads done
Event: 0.302 Executing VM operation: HandshakeAllThreads
Event: 0.302 Executing VM operation: HandshakeAllThreads done

Events (20 events):
Event: 0.400 loading class java/util/stream/ReduceOps done
Event: 0.400 loading class java/util/stream/ReduceOps$3
Event: 0.400 loading class java/util/stream/ReduceOps$ReduceOp
Event: 0.400 loading class java/util/stream/ReduceOps$ReduceOp done
Event: 0.400 loading class java/util/stream/ReduceOps$3 done
Event: 0.400 loading class java/util/stream/ReduceOps$3ReducingSink
Event: 0.400 loading class java/util/stream/ReduceOps$AccumulatingSink
Event: 0.400 loading class java/util/stream/ReduceOps$AccumulatingSink done
Event: 0.400 loading class java/util/stream/ReduceOps$Box
Event: 0.400 loading class java/util/stream/ReduceOps$Box done
Event: 0.400 loading class java/util/stream/ReduceOps$3ReducingSink done
Event: 0.403 loading class java/util/concurrent/CompletableFuture
Event: 0.404 loading class java/util/concurrent/Future
Event: 0.404 loading class java/util/concurrent/Future done
Event: 0.404 loading class java/util/concurrent/CompletionStage
Event: 0.404 loading class java/util/concurrent/CompletionStage done
Event: 0.404 loading class java/util/concurrent/CompletableFuture done
Event: 0.404 loading class java/util/concurrent/CompletableFuture$AltResult
Event: 0.404 loading class java/util/concurrent/CompletableFuture$AltResult done
Event: 0.404 loading class java/util/concurrent/ForkJoinPool


Dynamic libraries:
0x00007ff7d03c0000 - 0x00007ff7d03ca000 	C:\Program Files\JetBrains\IntelliJ IDEA 2022.3.3\jbr\bin\java.exe
0x00007ffc13670000 - 0x00007ffc13884000 	C:\WINDOWS\SYSTEM32\ntdll.dll
0x00007ffc12370000 - 0x00007ffc12432000 	C:\WINDOWS\System32\KERNEL32.DLL
0x00007ffc10de0000 - 0x00007ffc11183000 	C:\WINDOWS\System32\KERNELBASE.dll
0x00007ffc11190000 - 0x00007ffc112a1000 	C:\WINDOWS\System32\ucrtbase.dll
0x00007ffc046f0000 - 0x00007ffc04707000 	C:\Program Files\JetBrains\IntelliJ IDEA 2022.3.3\jbr\bin\jli.dll
0x00007ffc04670000 - 0x00007ffc0468b000 	C:\Program Files\JetBrains\IntelliJ IDEA 2022.3.3\jbr\bin\VCRUNTIME140.dll
0x00007ffc13440000 - 0x00007ffc135eb000 	C:\WINDOWS\System32\USER32.dll
0x00007ffc112b0000 - 0x00007ffc112d6000 	C:\WINDOWS\System32\win32u.dll
0x00007ffbff910000 - 0x00007ffbffb9e000 	C:\WINDOWS\WinSxS\amd64_microsoft.windows.common-controls_6595b64144ccf1df_6.0.22621.1635_none_270f70857386168e\COMCTL32.dll
0x00007ffc12920000 - 0x00007ffc12949000 	C:\WINDOWS\System32\GDI32.dll
0x00007ffc12cf0000 - 0x00007ffc12d97000 	C:\WINDOWS\System32\msvcrt.dll
0x00007ffc10a90000 - 0x00007ffc10ba8000 	C:\WINDOWS\System32\gdi32full.dll
0x00007ffc113d0000 - 0x00007ffc1146a000 	C:\WINDOWS\System32\msvcp_win.dll
0x00007ffc135f0000 - 0x00007ffc13621000 	C:\WINDOWS\System32\IMM32.DLL
0x00007ffc089b0000 - 0x00007ffc089bc000 	C:\Program Files\JetBrains\IntelliJ IDEA 2022.3.3\jbr\bin\vcruntime140_1.dll
0x00007ffbf4fc0000 - 0x00007ffbf504d000 	C:\Program Files\JetBrains\IntelliJ IDEA 2022.3.3\jbr\bin\msvcp140.dll
0x00007ffb9f7e0000 - 0x00007ffba044e000 	C:\Program Files\JetBrains\IntelliJ IDEA 2022.3.3\jbr\bin\server\jvm.dll
0x00007ffc12dc0000 - 0x00007ffc12e6e000 	C:\WINDOWS\System32\ADVAPI32.dll
0x00007ffc11560000 - 0x00007ffc11604000 	C:\WINDOWS\System32\sechost.dll
0x00007ffc12950000 - 0x00007ffc12a67000 	C:\WINDOWS\System32\RPCRT4.dll
0x00007ffbd4bf0000 - 0x00007ffbd4bf9000 	C:\WINDOWS\SYSTEM32\WSOCK32.dll
0x00007ffc04520000 - 0x00007ffc04554000 	C:\WINDOWS\SYSTEM32\WINMM.dll
0x00007ffbfe5e0000 - 0x00007ffbfe5ea000 	C:\WINDOWS\SYSTEM32\VERSION.dll
0x00007ffc133c0000 - 0x00007ffc13431000 	C:\WINDOWS\System32\WS2_32.dll
0x00007ffc0fab0000 - 0x00007ffc0fac8000 	C:\WINDOWS\SYSTEM32\kernel.appcore.dll
0x00007ffc09c70000 - 0x00007ffc09c7a000 	C:\Program Files\JetBrains\IntelliJ IDEA 2022.3.3\jbr\bin\jimage.dll
0x00007ffc0e520000 - 0x00007ffc0e74e000 	C:\WINDOWS\SYSTEM32\DBGHELP.DLL
0x00007ffc12e80000 - 0x00007ffc13209000 	C:\WINDOWS\System32\combase.dll
0x00007ffc12c10000 - 0x00007ffc12ce7000 	C:\WINDOWS\System32\OLEAUT32.dll
0x00007ffbfe1c0000 - 0x00007ffbfe1f2000 	C:\WINDOWS\SYSTEM32\dbgcore.DLL
0x00007ffc112e0000 - 0x00007ffc1135b000 	C:\WINDOWS\System32\bcryptPrimitives.dll
0x00007ffc055f0000 - 0x00007ffc05615000 	C:\Program Files\JetBrains\IntelliJ IDEA 2022.3.3\jbr\bin\java.dll
0x00007ffc055d0000 - 0x00007ffc055e8000 	C:\Program Files\JetBrains\IntelliJ IDEA 2022.3.3\jbr\bin\zip.dll
0x00007ffc11b60000 - 0x00007ffc1235a000 	C:\WINDOWS\System32\SHELL32.dll
0x00007ffc0ea40000 - 0x00007ffc0f30e000 	C:\WINDOWS\SYSTEM32\windows.storage.dll
0x00007ffc0e900000 - 0x00007ffc0ea3e000 	C:\WINDOWS\SYSTEM32\wintypes.dll
0x00007ffc11610000 - 0x00007ffc11701000 	C:\WINDOWS\System32\SHCORE.dll
0x00007ffc12440000 - 0x00007ffc1249e000 	C:\WINDOWS\System32\shlwapi.dll
0x00007ffc109c0000 - 0x00007ffc109e1000 	C:\WINDOWS\SYSTEM32\profapi.dll
0x00007ffc04830000 - 0x00007ffc04849000 	C:\Program Files\JetBrains\IntelliJ IDEA 2022.3.3\jbr\bin\net.dll
0x00007ffc07940000 - 0x00007ffc07a77000 	C:\WINDOWS\SYSTEM32\WINHTTP.dll
0x00007ffc0ff50000 - 0x00007ffc0ffb9000 	C:\WINDOWS\system32\mswsock.dll
0x00007ffc04810000 - 0x00007ffc04826000 	C:\Program Files\JetBrains\IntelliJ IDEA 2022.3.3\jbr\bin\nio.dll
0x00007ffc055c0000 - 0x00007ffc055ce000 	C:\Program Files\JetBrains\IntelliJ IDEA 2022.3.3\jbr\bin\sunmscapi.dll
0x00007ffc10bb0000 - 0x00007ffc10d17000 	C:\WINDOWS\System32\CRYPT32.dll
0x00007ffc10340000 - 0x00007ffc1036e000 	C:\WINDOWS\SYSTEM32\ncrypt.dll
0x00007ffc10300000 - 0x00007ffc10337000 	C:\WINDOWS\SYSTEM32\NTASN1.dll
0x00007ffc101b0000 - 0x00007ffc101cb000 	C:\WINDOWS\SYSTEM32\CRYPTSP.dll
0x00007ffc0fa20000 - 0x00007ffc0fa55000 	C:\WINDOWS\system32\rsaenh.dll
0x00007ffc10050000 - 0x00007ffc10078000 	C:\WINDOWS\SYSTEM32\USERENV.dll
0x00007ffc103e0000 - 0x00007ffc10408000 	C:\WINDOWS\SYSTEM32\bcrypt.dll
0x00007ffc101d0000 - 0x00007ffc101dc000 	C:\WINDOWS\SYSTEM32\CRYPTBASE.dll
0x00007ffc0f560000 - 0x00007ffc0f58d000 	C:\WINDOWS\SYSTEM32\IPHLPAPI.DLL
0x00007ffc12360000 - 0x00007ffc12369000 	C:\WINDOWS\System32\NSI.dll
0x00007ffc06740000 - 0x00007ffc06759000 	C:\WINDOWS\SYSTEM32\dhcpcsvc6.DLL
0x00007ffc05460000 - 0x00007ffc0547f000 	C:\WINDOWS\SYSTEM32\dhcpcsvc.DLL
0x00007ffc0f590000 - 0x00007ffc0f683000 	C:\WINDOWS\SYSTEM32\DNSAPI.dll

dbghelp: loaded successfully - version: 4.0.5 - missing functions: none
symbol engine: initialized successfully - sym options: 0x614 - pdb path: .;C:\Program Files\JetBrains\IntelliJ IDEA 2022.3.3\jbr\bin;C:\WINDOWS\SYSTEM32;C:\WINDOWS\WinSxS\amd64_microsoft.windows.common-controls_6595b64144ccf1df_6.0.22621.1635_none_270f70857386168e;C:\Program Files\JetBrains\IntelliJ IDEA 2022.3.3\jbr\bin\server

VM Arguments:
java_command: git4idea.http.GitAskPassApp Username for 'https://github.com': 
java_class_path (initial): C:/Program Files/JetBrains/IntelliJ IDEA 2022.3.3/plugins/vcs-git/lib/git4idea-rt.jar;C:/Program Files/JetBrains/IntelliJ IDEA 2022.3.3/lib/externalProcess-rt.jar
Launcher Type: SUN_STANDARD

[Global flags]
     intx CICompilerCount                          = 4                                         {product} {ergonomic}
     uint ConcGCThreads                            = 2                                         {product} {ergonomic}
     uint G1ConcRefinementThreads                  = 8                                         {product} {ergonomic}
   size_t G1HeapRegionSize                         = 1048576                                   {product} {ergonomic}
    uintx GCDrainStackTargetSize                   = 64                                        {product} {ergonomic}
   size_t InitialHeapSize                          = 130023424                                 {product} {ergonomic}
   size_t MarkStackSize                            = 4194304                                   {product} {ergonomic}
   size_t MaxHeapSize                              = 2061500416                                {product} {ergonomic}
   size_t MaxNewSize                               = 1236271104                                {product} {ergonomic}
   size_t MinHeapDeltaBytes                        = 1048576                                   {product} {ergonomic}
   size_t MinHeapSize                              = 8388608                                   {product} {ergonomic}
    uintx NonNMethodCodeHeapSize                   = 5839372                                {pd product} {ergonomic}
    uintx NonProfiledCodeHeapSize                  = 122909434                              {pd product} {ergonomic}
    uintx ProfiledCodeHeapSize                     = 122909434                              {pd product} {ergonomic}
    uintx ReservedCodeCacheSize                    = 251658240                              {pd product} {ergonomic}
     bool SegmentedCodeCache                       = true                                      {product} {ergonomic}
   size_t SoftMaxHeapSize                          = 2061500416                             {manageable} {ergonomic}
     bool UseCompressedClassPointers               = true                           {product lp64_product} {ergonomic}
     bool UseCompressedOops                        = true                           {product lp64_product} {ergonomic}
     bool UseG1GC                                  = true                                      {product} {ergonomic}
     bool UseLargePagesIndividualAllocation        = false                                  {pd product} {ergonomic}

Logging:
Log output configuration:
 #0: stdout all=warning uptime,level,tags
 #1: stderr all=off uptime,level,tags

Environment Variables:
JAVA_HOME=C:\Program Files\Java\jdk-19.0.2
CLASSPATH=.;C:\Program Files\Java\jdk-19.0.2\lib
PATH=C:/Program Files/Git/mingw64/libexec/git-core;C:/Program Files/Git/mingw64/libexec/git-core;C:\Program Files\Git\mingw64\bin;C:\Program Files\Git\usr\bin;C:\Users\Clara\bin;C:\Program Files\Common Files\Oracle\Java\javapath;C:\WINDOWS\system32;C:\WINDOWS;C:\WINDOWS\System32\Wbem;C:\WINDOWS\System32\WindowsPowerShell\v1.0\;C:\WINDOWS\System32\OpenSSH\;C:\MinGW\bin;C:\Program Files\MATLAB\R2021b\bin;C:\Program Files\Git\cmd;C:\Program Files\Java\jdk-19.0.2\bin;C:\Program Files\JetBrains\IntelliJ IDEA 2022.3.3\bin
USERNAME=Clara
DISPLAY=:0.0
LC_ALL=en_US.UTF-8
TERM=xterm-256color
TMPDIR=C:\Users\Clara\AppData\Local\Temp
OS=Windows_NT
PROCESSOR_IDENTIFIER=Intel64 Family 6 Model 126 Stepping 5, GenuineIntel
TMP=C:\Users\Clara\AppData\Local\Temp
TEMP=C:\Users\Clara\AppData\Local\Temp


JNI global refs:
JNI global refs: 18, weak refs: 0

JNI global refs memory usage: 843, weak refs: 209


---------------  S Y S T E M  ---------------

OS:
 Windows 11 , 64 bit Build 22621 (10.0.22621.1635)
OS uptime: 0 days 1:44 hours
Hyper-V role detected

CPU: total 8 (initial active 8) (4 cores per cpu, 2 threads per core) family 6 model 126 stepping 5 microcode 0x86, cx8, cmov, fxsr, ht, mmx, 3dnowpref, sse, sse2, sse3, ssse3, sse4.1, sse4.2, popcnt, lzcnt, tsc, tscinvbit, avx, avx2, aes, erms, clmul, bmi1, bmi2, adx, avx512f, avx512dq, avx512cd, avx512bw, avx512vl, sha, fma, vzeroupper, avx512_vpopcntdq, avx512_vpclmulqdq, avx512_vaes, avx512_vnni, clflush, clflushopt, avx512_vbmi2, avx512_vbmi, hv

Memory: 4k page, system-wide physical 7857M (2221M free)
TotalPageFile size 7857M (AvailPageFile size 5M)
current process WorkingSet (physical memory assigned to process): 49M, peak: 49M
current process commit charge ("private bytes"): 208M, peak: 208M

vm_info: OpenJDK 64-Bit Server VM (17.0.6+10-b829.9) for windows-amd64 JRE (17.0.6+10-b829.9), built on 2023-04-09 by "builduser" with MS VC++ 16.10 / 16.11 (VS2019)

END.
