#
# There is insufficient memory for the Java Runtime Environment to continue.
# Native memory allocation (mmap) failed to map 65536 bytes for Failed to commit metaspace.
# Possible reasons:
#   The system is out of physical RAM or swap space
#   The process is running with CompressedOops enabled, and the Java Heap may be blocking the growth of the native heap
# Possible solutions:
#   Reduce memory load on the system
#   Increase physical memory or swap space
#   Check if swap backing store is full
#   Decrease Java heap size (-Xmx/-Xms)
#   Decrease number of Java threads
#   Decrease Java thread stack sizes (-Xss)
#   Set larger code cache with -XX:ReservedCodeCacheSize=
#   JVM is running with Unscaled Compressed Oops mode in which the Java heap is
#     placed in the first 4GB address space. The Java Heap base address is the
#     maximum limit for the native heap growth. Please use -XX:HeapBaseMinAddress
#     to set the Java Heap base and to place the Java Heap above 4GB virtual address.
# This output file may be truncated or incomplete.
#
#  Out of Memory Error (virtualSpaceNode.cpp:110), pid=3568, tid=1544
#
# JRE version: OpenJDK Runtime Environment JBR-17.0.6+10-829.9-jcef (17.0.6+10) (build 17.0.6+10-b829.9)
# Java VM: OpenJDK 64-Bit Server VM JBR-17.0.6+10-829.9-jcef (17.0.6+10-b829.9, mixed mode, tiered, compressed oops, compressed class ptrs, g1 gc, windows-amd64)
# No core dump will be written. Minidumps are not enabled by default on client versions of Windows
#

---------------  S U M M A R Y ------------

Command Line: git4idea.http.GitAskPassApp Username for 'https://github.com': 

Host: Intel(R) Core(TM) i5-1035G1 CPU @ 1.00GHz, 8 cores, 7G,  Windows 11 , 64 bit Build 22621 (10.0.22621.1778)
Time: Mon Jun 26 19:02:32 2023 ora legale Europa occidentale elapsed time: 0.313946 seconds (0d 0h 0m 0s)

---------------  T H R E A D  ---------------

Current thread (0x00000157f6b29df0):  JavaThread "main" [_thread_in_vm, id=1544, stack(0x0000002185900000,0x0000002185a00000)]

Stack: [0x0000002185900000,0x0000002185a00000]
Native frames: (J=compiled Java code, j=interpreted, Vv=VM code, C=native code)
V  [jvm.dll+0x683c5a]
V  [jvm.dll+0x842764]
V  [jvm.dll+0x843f5e]
V  [jvm.dll+0x8445c3]
V  [jvm.dll+0x249b75]
V  [jvm.dll+0x83e7bb]
V  [jvm.dll+0x628006]
V  [jvm.dll+0x1c194e]
V  [jvm.dll+0x62a941]
V  [jvm.dll+0x6289a6]
V  [jvm.dll+0x246f6c]
V  [jvm.dll+0x6dab9d]
V  [jvm.dll+0x6db5cf]
V  [jvm.dll+0x375330]
V  [jvm.dll+0x3744a2]
V  [jvm.dll+0x374448]
V  [jvm.dll+0x3843ba]
C  0x000001578754b5a5

Java frames: (J=compiled Java code, j=interpreted, Vv=VM code)
j  jdk.internal.jimage.decompressor.ZipDecompressor.decompress([BI)[B+0 java.base@17.0.6
j  jdk.internal.jimage.decompressor.ZipDecompressor.decompress(Ljdk/internal/jimage/decompressor/ResourceDecompressor$StringsProvider;[BIJ)[B+2 java.base@17.0.6
j  jdk.internal.jimage.decompressor.Decompressor.decompressResource(Ljava/nio/ByteOrder;Ljdk/internal/jimage/decompressor/ResourceDecompressor$StringsProvider;[B)[B+232 java.base@17.0.6
j  jdk.internal.jimage.BasicImageReader.getResourceBuffer(Ljdk/internal/jimage/ImageLocation;)Ljava/nio/ByteBuffer;+175 java.base@17.0.6
j  jdk.internal.jimage.ImageReader.getResourceBuffer(Ljdk/internal/jimage/ImageLocation;)Ljava/nio/ByteBuffer;+9 java.base@17.0.6
j  jdk.internal.module.SystemModuleFinders$SystemModuleReader.read(Ljava/lang/String;)Ljava/util/Optional;+14 java.base@17.0.6
j  jdk.internal.loader.BuiltinClassLoader.defineClass(Ljava/lang/String;Ljdk/internal/loader/BuiltinClassLoader$LoadedModule;)Ljava/lang/Class;+79 java.base@17.0.6
j  jdk.internal.loader.BuiltinClassLoader.findClassInModuleOrNull(Ljdk/internal/loader/BuiltinClassLoader$LoadedModule;Ljava/lang/String;)Ljava/lang/Class;+9 java.base@17.0.6
j  jdk.internal.loader.BuiltinClassLoader.findClass(Ljava/lang/String;Ljava/lang/String;)Ljava/lang/Class;+42 java.base@17.0.6
j  java.lang.ClassLoader.loadClass(Ljava/lang/Module;Ljava/lang/String;)Ljava/lang/Class;+26 java.base@17.0.6
j  java.lang.Class.forName(Ljava/lang/Module;Ljava/lang/String;)Ljava/lang/Class;+81 java.base@17.0.6
j  java.util.ServiceLoader.loadProvider(Ljdk/internal/module/ServicesCatalog$ServiceProvider;)Ljava/util/ServiceLoader$Provider;+38 java.base@17.0.6
j  java.util.ServiceLoader$ModuleServicesLookupIterator.hasNext()Z+79 java.base@17.0.6
j  java.util.ServiceLoader$2.hasNext()Z+4 java.base@17.0.6
j  java.util.ServiceLoader$3.hasNext()Z+32 java.base@17.0.6
j  sun.security.jca.ProviderConfig$ProviderLoader.load(Ljava/lang/String;)Ljava/security/Provider;+45 java.base@17.0.6
j  sun.security.jca.ProviderConfig$3.run()Ljava/security/Provider;+44 java.base@17.0.6
j  sun.security.jca.ProviderConfig$3.run()Ljava/lang/Object;+1 java.base@17.0.6
j  java.security.AccessController.executePrivileged(Ljava/security/PrivilegedAction;Ljava/security/AccessControlContext;Ljava/lang/Class;)Ljava/lang/Object;+29 java.base@17.0.6
j  java.security.AccessController.doPrivileged(Ljava/security/PrivilegedAction;)Ljava/lang/Object;+5 java.base@17.0.6
j  sun.security.jca.ProviderConfig.doLoadProvider()Ljava/security/Provider;+8 java.base@17.0.6
j  sun.security.jca.ProviderConfig.getProvider()Ljava/security/Provider;+281 java.base@17.0.6
j  sun.security.jca.ProviderList.getProvider(I)Ljava/security/Provider;+6 java.base@17.0.6
j  sun.security.jca.ProviderList.getService(Ljava/lang/String;Ljava/lang/String;)Ljava/security/Provider$Service;+90 java.base@17.0.6
j  sun.security.jca.GetInstance.getInstance(Ljava/lang/String;Ljava/lang/Class;Ljava/lang/String;)Lsun/security/jca/GetInstance$Instance;+7 java.base@17.0.6
j  javax.net.ssl.SSLContext.getInstance(Ljava/lang/String;)Ljavax/net/ssl/SSLContext;+12 java.base@17.0.6
j  externalApp.ExternalAppUtil.sendIdeRequest(Ljava/lang/String;ILjava/lang/String;Ljava/lang/String;)LexternalApp/ExternalAppUtil$Result;+34
j  git4idea.http.GitAskPassApp.main([Ljava/lang/String;)V+37
v  ~StubRoutines::call_stub

---------------  P R O C E S S  ---------------

Threads class SMR info:
_java_thread_list=0x00000157ffb31b40, length=12, elements={
0x00000157f6b29df0, 0x00000157ff92c400, 0x00000157ff92cdb0, 0x00000157ff952380,
0x00000157ff952c40, 0x00000157ff9535f0, 0x00000157ff954740, 0x00000157ff955c70,
0x00000157ff99dfa0, 0x00000157ff99e8a0, 0x00000157ffb28990, 0x00000157ffb25820
}

Java Threads: ( => current thread )
=>0x00000157f6b29df0 JavaThread "main" [_thread_in_vm, id=1544, stack(0x0000002185900000,0x0000002185a00000)]
  0x00000157ff92c400 JavaThread "Reference Handler" daemon [_thread_blocked, id=15964, stack(0x0000002186000000,0x0000002186100000)]
  0x00000157ff92cdb0 JavaThread "Finalizer" daemon [_thread_blocked, id=2932, stack(0x0000002186100000,0x0000002186200000)]
  0x00000157ff952380 JavaThread "Signal Dispatcher" daemon [_thread_blocked, id=12120, stack(0x0000002186200000,0x0000002186300000)]
  0x00000157ff952c40 JavaThread "Attach Listener" daemon [_thread_blocked, id=3640, stack(0x0000002186300000,0x0000002186400000)]
  0x00000157ff9535f0 JavaThread "Service Thread" daemon [_thread_blocked, id=2096, stack(0x0000002186400000,0x0000002186500000)]
  0x00000157ff954740 JavaThread "Monitor Deflation Thread" daemon [_thread_blocked, id=13160, stack(0x0000002186500000,0x0000002186600000)]
  0x00000157ff955c70 JavaThread "C2 CompilerThread0" daemon [_thread_blocked, id=9028, stack(0x0000002186600000,0x0000002186700000)]
  0x00000157ff99dfa0 JavaThread "C1 CompilerThread0" daemon [_thread_blocked, id=13588, stack(0x0000002186700000,0x0000002186800000)]
  0x00000157ff99e8a0 JavaThread "Sweeper thread" daemon [_thread_blocked, id=5820, stack(0x0000002186800000,0x0000002186900000)]
  0x00000157ffb28990 JavaThread "Notification Thread" daemon [_thread_blocked, id=8996, stack(0x0000002186900000,0x0000002186a00000)]
  0x00000157ffb25820 JavaThread "Common-Cleaner" daemon [_thread_blocked, id=2144, stack(0x0000002186b00000,0x0000002186c00000)]

Other Threads:
  0x00000157ff92a1c0 VMThread "VM Thread" [stack: 0x0000002185f00000,0x0000002186000000] [id=1996]
  0x00000157ffb24bc0 WatcherThread [stack: 0x0000002186a00000,0x0000002186b00000] [id=11788]
  0x00000157f6b845e0 GCTaskThread "GC Thread#0" [stack: 0x0000002185a00000,0x0000002185b00000] [id=6716]
  0x00000157f6b94ae0 ConcurrentGCThread "G1 Main Marker" [stack: 0x0000002185b00000,0x0000002185c00000] [id=15648]
  0x00000157f6b95650 ConcurrentGCThread "G1 Conc#0" [stack: 0x0000002185c00000,0x0000002185d00000] [id=9132]
  0x00000157ff7820b0 ConcurrentGCThread "G1 Refine#0" [stack: 0x0000002185d00000,0x0000002185e00000] [id=3112]
  0x00000157ff782970 ConcurrentGCThread "G1 Service" [stack: 0x0000002185e00000,0x0000002185f00000] [id=720]

Threads with active compile tasks:

VM state: not at safepoint (normal execution)

VM Mutex/Monitor currently owned by a thread:  ([mutex/lock_event])
[0x00000157f6b23f80] Metaspace_lock - owner thread: 0x00000157f6b29df0

Heap address: 0x0000000085200000, size: 1966 MB, Compressed Oops mode: 32-bit

CDS archive(s) not mapped
Compressed class space mapped at: 0x0000000100000000-0x0000000140000000, reserved size: 1073741824
Narrow klass base: 0x0000000000000000, Narrow klass shift: 3, Narrow klass range: 0x140000000

GC Precious Log:
 CPUs: 8 total, 8 available
 Memory: 7857M
 Large Page Support: Disabled
 NUMA Support: Disabled
 Compressed Oops: Enabled (32-bit)
 Heap Region Size: 1M
 Heap Min Capacity: 8M
 Heap Initial Capacity: 124M
 Heap Max Capacity: 1966M
 Pre-touch: Disabled
 Parallel Workers: 8
 Concurrent Workers: 2
 Concurrent Refinement Workers: 8
 Periodic GC: Disabled

Heap:
 garbage-first heap   total 126976K, used 1024K [0x0000000085200000, 0x0000000100000000)
  region size 1024K, 2 young (2048K), 0 survivors (0K)
 Metaspace       used 6601K, committed 6720K, reserved 1056768K
  class space    used 575K, committed 640K, reserved 1048576K

Heap Regions: E=young(eden), S=young(survivor), O=old, HS=humongous(starts), HC=humongous(continues), CS=collection set, F=free, OA=open archive, CA=closed archive, TAMS=top-at-mark-start (previous, next)
|   0|0x0000000085200000, 0x0000000085200000, 0x0000000085300000|  0%| F|  |TAMS 0x0000000085200000, 0x0000000085200000| Untracked 
|   1|0x0000000085300000, 0x0000000085300000, 0x0000000085400000|  0%| F|  |TAMS 0x0000000085300000, 0x0000000085300000| Untracked 
|   2|0x0000000085400000, 0x0000000085400000, 0x0000000085500000|  0%| F|  |TAMS 0x0000000085400000, 0x0000000085400000| Untracked 
|   3|0x0000000085500000, 0x0000000085500000, 0x0000000085600000|  0%| F|  |TAMS 0x0000000085500000, 0x0000000085500000| Untracked 
|   4|0x0000000085600000, 0x0000000085600000, 0x0000000085700000|  0%| F|  |TAMS 0x0000000085600000, 0x0000000085600000| Untracked 
|   5|0x0000000085700000, 0x0000000085700000, 0x0000000085800000|  0%| F|  |TAMS 0x0000000085700000, 0x0000000085700000| Untracked 
|   6|0x0000000085800000, 0x0000000085800000, 0x0000000085900000|  0%| F|  |TAMS 0x0000000085800000, 0x0000000085800000| Untracked 
|   7|0x0000000085900000, 0x0000000085900000, 0x0000000085a00000|  0%| F|  |TAMS 0x0000000085900000, 0x0000000085900000| Untracked 
|   8|0x0000000085a00000, 0x0000000085a00000, 0x0000000085b00000|  0%| F|  |TAMS 0x0000000085a00000, 0x0000000085a00000| Untracked 
|   9|0x0000000085b00000, 0x0000000085b00000, 0x0000000085c00000|  0%| F|  |TAMS 0x0000000085b00000, 0x0000000085b00000| Untracked 
|  10|0x0000000085c00000, 0x0000000085c00000, 0x0000000085d00000|  0%| F|  |TAMS 0x0000000085c00000, 0x0000000085c00000| Untracked 
|  11|0x0000000085d00000, 0x0000000085d00000, 0x0000000085e00000|  0%| F|  |TAMS 0x0000000085d00000, 0x0000000085d00000| Untracked 
|  12|0x0000000085e00000, 0x0000000085e00000, 0x0000000085f00000|  0%| F|  |TAMS 0x0000000085e00000, 0x0000000085e00000| Untracked 
|  13|0x0000000085f00000, 0x0000000085f00000, 0x0000000086000000|  0%| F|  |TAMS 0x0000000085f00000, 0x0000000085f00000| Untracked 
|  14|0x0000000086000000, 0x0000000086000000, 0x0000000086100000|  0%| F|  |TAMS 0x0000000086000000, 0x0000000086000000| Untracked 
|  15|0x0000000086100000, 0x0000000086100000, 0x0000000086200000|  0%| F|  |TAMS 0x0000000086100000, 0x0000000086100000| Untracked 
|  16|0x0000000086200000, 0x0000000086200000, 0x0000000086300000|  0%| F|  |TAMS 0x0000000086200000, 0x0000000086200000| Untracked 
|  17|0x0000000086300000, 0x0000000086300000, 0x0000000086400000|  0%| F|  |TAMS 0x0000000086300000, 0x0000000086300000| Untracked 
|  18|0x0000000086400000, 0x0000000086400000, 0x0000000086500000|  0%| F|  |TAMS 0x0000000086400000, 0x0000000086400000| Untracked 
|  19|0x0000000086500000, 0x0000000086500000, 0x0000000086600000|  0%| F|  |TAMS 0x0000000086500000, 0x0000000086500000| Untracked 
|  20|0x0000000086600000, 0x0000000086600000, 0x0000000086700000|  0%| F|  |TAMS 0x0000000086600000, 0x0000000086600000| Untracked 
|  21|0x0000000086700000, 0x0000000086700000, 0x0000000086800000|  0%| F|  |TAMS 0x0000000086700000, 0x0000000086700000| Untracked 
|  22|0x0000000086800000, 0x0000000086800000, 0x0000000086900000|  0%| F|  |TAMS 0x0000000086800000, 0x0000000086800000| Untracked 
|  23|0x0000000086900000, 0x0000000086900000, 0x0000000086a00000|  0%| F|  |TAMS 0x0000000086900000, 0x0000000086900000| Untracked 
|  24|0x0000000086a00000, 0x0000000086a00000, 0x0000000086b00000|  0%| F|  |TAMS 0x0000000086a00000, 0x0000000086a00000| Untracked 
|  25|0x0000000086b00000, 0x0000000086b00000, 0x0000000086c00000|  0%| F|  |TAMS 0x0000000086b00000, 0x0000000086b00000| Untracked 
|  26|0x0000000086c00000, 0x0000000086c00000, 0x0000000086d00000|  0%| F|  |TAMS 0x0000000086c00000, 0x0000000086c00000| Untracked 
|  27|0x0000000086d00000, 0x0000000086d00000, 0x0000000086e00000|  0%| F|  |TAMS 0x0000000086d00000, 0x0000000086d00000| Untracked 
|  28|0x0000000086e00000, 0x0000000086e00000, 0x0000000086f00000|  0%| F|  |TAMS 0x0000000086e00000, 0x0000000086e00000| Untracked 
|  29|0x0000000086f00000, 0x0000000086f00000, 0x0000000087000000|  0%| F|  |TAMS 0x0000000086f00000, 0x0000000086f00000| Untracked 
|  30|0x0000000087000000, 0x0000000087000000, 0x0000000087100000|  0%| F|  |TAMS 0x0000000087000000, 0x0000000087000000| Untracked 
|  31|0x0000000087100000, 0x0000000087100000, 0x0000000087200000|  0%| F|  |TAMS 0x0000000087100000, 0x0000000087100000| Untracked 
|  32|0x0000000087200000, 0x0000000087200000, 0x0000000087300000|  0%| F|  |TAMS 0x0000000087200000, 0x0000000087200000| Untracked 
|  33|0x0000000087300000, 0x0000000087300000, 0x0000000087400000|  0%| F|  |TAMS 0x0000000087300000, 0x0000000087300000| Untracked 
|  34|0x0000000087400000, 0x0000000087400000, 0x0000000087500000|  0%| F|  |TAMS 0x0000000087400000, 0x0000000087400000| Untracked 
|  35|0x0000000087500000, 0x0000000087500000, 0x0000000087600000|  0%| F|  |TAMS 0x0000000087500000, 0x0000000087500000| Untracked 
|  36|0x0000000087600000, 0x0000000087600000, 0x0000000087700000|  0%| F|  |TAMS 0x0000000087600000, 0x0000000087600000| Untracked 
|  37|0x0000000087700000, 0x0000000087700000, 0x0000000087800000|  0%| F|  |TAMS 0x0000000087700000, 0x0000000087700000| Untracked 
|  38|0x0000000087800000, 0x0000000087800000, 0x0000000087900000|  0%| F|  |TAMS 0x0000000087800000, 0x0000000087800000| Untracked 
|  39|0x0000000087900000, 0x0000000087900000, 0x0000000087a00000|  0%| F|  |TAMS 0x0000000087900000, 0x0000000087900000| Untracked 
|  40|0x0000000087a00000, 0x0000000087a00000, 0x0000000087b00000|  0%| F|  |TAMS 0x0000000087a00000, 0x0000000087a00000| Untracked 
|  41|0x0000000087b00000, 0x0000000087b00000, 0x0000000087c00000|  0%| F|  |TAMS 0x0000000087b00000, 0x0000000087b00000| Untracked 
|  42|0x0000000087c00000, 0x0000000087c00000, 0x0000000087d00000|  0%| F|  |TAMS 0x0000000087c00000, 0x0000000087c00000| Untracked 
|  43|0x0000000087d00000, 0x0000000087d00000, 0x0000000087e00000|  0%| F|  |TAMS 0x0000000087d00000, 0x0000000087d00000| Untracked 
|  44|0x0000000087e00000, 0x0000000087e00000, 0x0000000087f00000|  0%| F|  |TAMS 0x0000000087e00000, 0x0000000087e00000| Untracked 
|  45|0x0000000087f00000, 0x0000000087f00000, 0x0000000088000000|  0%| F|  |TAMS 0x0000000087f00000, 0x0000000087f00000| Untracked 
|  46|0x0000000088000000, 0x0000000088000000, 0x0000000088100000|  0%| F|  |TAMS 0x0000000088000000, 0x0000000088000000| Untracked 
|  47|0x0000000088100000, 0x0000000088100000, 0x0000000088200000|  0%| F|  |TAMS 0x0000000088100000, 0x0000000088100000| Untracked 
|  48|0x0000000088200000, 0x0000000088200000, 0x0000000088300000|  0%| F|  |TAMS 0x0000000088200000, 0x0000000088200000| Untracked 
|  49|0x0000000088300000, 0x0000000088300000, 0x0000000088400000|  0%| F|  |TAMS 0x0000000088300000, 0x0000000088300000| Untracked 
|  50|0x0000000088400000, 0x0000000088400000, 0x0000000088500000|  0%| F|  |TAMS 0x0000000088400000, 0x0000000088400000| Untracked 
|  51|0x0000000088500000, 0x0000000088500000, 0x0000000088600000|  0%| F|  |TAMS 0x0000000088500000, 0x0000000088500000| Untracked 
|  52|0x0000000088600000, 0x0000000088600000, 0x0000000088700000|  0%| F|  |TAMS 0x0000000088600000, 0x0000000088600000| Untracked 
|  53|0x0000000088700000, 0x0000000088700000, 0x0000000088800000|  0%| F|  |TAMS 0x0000000088700000, 0x0000000088700000| Untracked 
|  54|0x0000000088800000, 0x0000000088800000, 0x0000000088900000|  0%| F|  |TAMS 0x0000000088800000, 0x0000000088800000| Untracked 
|  55|0x0000000088900000, 0x0000000088900000, 0x0000000088a00000|  0%| F|  |TAMS 0x0000000088900000, 0x0000000088900000| Untracked 
|  56|0x0000000088a00000, 0x0000000088a00000, 0x0000000088b00000|  0%| F|  |TAMS 0x0000000088a00000, 0x0000000088a00000| Untracked 
|  57|0x0000000088b00000, 0x0000000088b00000, 0x0000000088c00000|  0%| F|  |TAMS 0x0000000088b00000, 0x0000000088b00000| Untracked 
|  58|0x0000000088c00000, 0x0000000088c00000, 0x0000000088d00000|  0%| F|  |TAMS 0x0000000088c00000, 0x0000000088c00000| Untracked 
|  59|0x0000000088d00000, 0x0000000088d00000, 0x0000000088e00000|  0%| F|  |TAMS 0x0000000088d00000, 0x0000000088d00000| Untracked 
|  60|0x0000000088e00000, 0x0000000088e00000, 0x0000000088f00000|  0%| F|  |TAMS 0x0000000088e00000, 0x0000000088e00000| Untracked 
|  61|0x0000000088f00000, 0x0000000088f00000, 0x0000000089000000|  0%| F|  |TAMS 0x0000000088f00000, 0x0000000088f00000| Untracked 
|  62|0x0000000089000000, 0x0000000089000000, 0x0000000089100000|  0%| F|  |TAMS 0x0000000089000000, 0x0000000089000000| Untracked 
|  63|0x0000000089100000, 0x0000000089100000, 0x0000000089200000|  0%| F|  |TAMS 0x0000000089100000, 0x0000000089100000| Untracked 
|  64|0x0000000089200000, 0x0000000089200000, 0x0000000089300000|  0%| F|  |TAMS 0x0000000089200000, 0x0000000089200000| Untracked 
|  65|0x0000000089300000, 0x0000000089300000, 0x0000000089400000|  0%| F|  |TAMS 0x0000000089300000, 0x0000000089300000| Untracked 
|  66|0x0000000089400000, 0x0000000089400000, 0x0000000089500000|  0%| F|  |TAMS 0x0000000089400000, 0x0000000089400000| Untracked 
|  67|0x0000000089500000, 0x0000000089500000, 0x0000000089600000|  0%| F|  |TAMS 0x0000000089500000, 0x0000000089500000| Untracked 
|  68|0x0000000089600000, 0x0000000089600000, 0x0000000089700000|  0%| F|  |TAMS 0x0000000089600000, 0x0000000089600000| Untracked 
|  69|0x0000000089700000, 0x0000000089700000, 0x0000000089800000|  0%| F|  |TAMS 0x0000000089700000, 0x0000000089700000| Untracked 
|  70|0x0000000089800000, 0x0000000089800000, 0x0000000089900000|  0%| F|  |TAMS 0x0000000089800000, 0x0000000089800000| Untracked 
|  71|0x0000000089900000, 0x0000000089900000, 0x0000000089a00000|  0%| F|  |TAMS 0x0000000089900000, 0x0000000089900000| Untracked 
|  72|0x0000000089a00000, 0x0000000089a00000, 0x0000000089b00000|  0%| F|  |TAMS 0x0000000089a00000, 0x0000000089a00000| Untracked 
|  73|0x0000000089b00000, 0x0000000089b00000, 0x0000000089c00000|  0%| F|  |TAMS 0x0000000089b00000, 0x0000000089b00000| Untracked 
|  74|0x0000000089c00000, 0x0000000089c00000, 0x0000000089d00000|  0%| F|  |TAMS 0x0000000089c00000, 0x0000000089c00000| Untracked 
|  75|0x0000000089d00000, 0x0000000089d00000, 0x0000000089e00000|  0%| F|  |TAMS 0x0000000089d00000, 0x0000000089d00000| Untracked 
|  76|0x0000000089e00000, 0x0000000089e00000, 0x0000000089f00000|  0%| F|  |TAMS 0x0000000089e00000, 0x0000000089e00000| Untracked 
|  77|0x0000000089f00000, 0x0000000089f00000, 0x000000008a000000|  0%| F|  |TAMS 0x0000000089f00000, 0x0000000089f00000| Untracked 
|  78|0x000000008a000000, 0x000000008a000000, 0x000000008a100000|  0%| F|  |TAMS 0x000000008a000000, 0x000000008a000000| Untracked 
|  79|0x000000008a100000, 0x000000008a100000, 0x000000008a200000|  0%| F|  |TAMS 0x000000008a100000, 0x000000008a100000| Untracked 
|  80|0x000000008a200000, 0x000000008a200000, 0x000000008a300000|  0%| F|  |TAMS 0x000000008a200000, 0x000000008a200000| Untracked 
|  81|0x000000008a300000, 0x000000008a300000, 0x000000008a400000|  0%| F|  |TAMS 0x000000008a300000, 0x000000008a300000| Untracked 
|  82|0x000000008a400000, 0x000000008a400000, 0x000000008a500000|  0%| F|  |TAMS 0x000000008a400000, 0x000000008a400000| Untracked 
|  83|0x000000008a500000, 0x000000008a500000, 0x000000008a600000|  0%| F|  |TAMS 0x000000008a500000, 0x000000008a500000| Untracked 
|  84|0x000000008a600000, 0x000000008a600000, 0x000000008a700000|  0%| F|  |TAMS 0x000000008a600000, 0x000000008a600000| Untracked 
|  85|0x000000008a700000, 0x000000008a700000, 0x000000008a800000|  0%| F|  |TAMS 0x000000008a700000, 0x000000008a700000| Untracked 
|  86|0x000000008a800000, 0x000000008a800000, 0x000000008a900000|  0%| F|  |TAMS 0x000000008a800000, 0x000000008a800000| Untracked 
|  87|0x000000008a900000, 0x000000008a900000, 0x000000008aa00000|  0%| F|  |TAMS 0x000000008a900000, 0x000000008a900000| Untracked 
|  88|0x000000008aa00000, 0x000000008aa00000, 0x000000008ab00000|  0%| F|  |TAMS 0x000000008aa00000, 0x000000008aa00000| Untracked 
|  89|0x000000008ab00000, 0x000000008ab00000, 0x000000008ac00000|  0%| F|  |TAMS 0x000000008ab00000, 0x000000008ab00000| Untracked 
|  90|0x000000008ac00000, 0x000000008ac00000, 0x000000008ad00000|  0%| F|  |TAMS 0x000000008ac00000, 0x000000008ac00000| Untracked 
|  91|0x000000008ad00000, 0x000000008ad00000, 0x000000008ae00000|  0%| F|  |TAMS 0x000000008ad00000, 0x000000008ad00000| Untracked 
|  92|0x000000008ae00000, 0x000000008ae00000, 0x000000008af00000|  0%| F|  |TAMS 0x000000008ae00000, 0x000000008ae00000| Untracked 
|  93|0x000000008af00000, 0x000000008af00000, 0x000000008b000000|  0%| F|  |TAMS 0x000000008af00000, 0x000000008af00000| Untracked 
|  94|0x000000008b000000, 0x000000008b000000, 0x000000008b100000|  0%| F|  |TAMS 0x000000008b000000, 0x000000008b000000| Untracked 
|  95|0x000000008b100000, 0x000000008b100000, 0x000000008b200000|  0%| F|  |TAMS 0x000000008b100000, 0x000000008b100000| Untracked 
|  96|0x000000008b200000, 0x000000008b200000, 0x000000008b300000|  0%| F|  |TAMS 0x000000008b200000, 0x000000008b200000| Untracked 
|  97|0x000000008b300000, 0x000000008b300000, 0x000000008b400000|  0%| F|  |TAMS 0x000000008b300000, 0x000000008b300000| Untracked 
|  98|0x000000008b400000, 0x000000008b400000, 0x000000008b500000|  0%| F|  |TAMS 0x000000008b400000, 0x000000008b400000| Untracked 
|  99|0x000000008b500000, 0x000000008b500000, 0x000000008b600000|  0%| F|  |TAMS 0x000000008b500000, 0x000000008b500000| Untracked 
| 100|0x000000008b600000, 0x000000008b600000, 0x000000008b700000|  0%| F|  |TAMS 0x000000008b600000, 0x000000008b600000| Untracked 
| 101|0x000000008b700000, 0x000000008b700000, 0x000000008b800000|  0%| F|  |TAMS 0x000000008b700000, 0x000000008b700000| Untracked 
| 102|0x000000008b800000, 0x000000008b800000, 0x000000008b900000|  0%| F|  |TAMS 0x000000008b800000, 0x000000008b800000| Untracked 
| 103|0x000000008b900000, 0x000000008b900000, 0x000000008ba00000|  0%| F|  |TAMS 0x000000008b900000, 0x000000008b900000| Untracked 
| 104|0x000000008ba00000, 0x000000008ba00000, 0x000000008bb00000|  0%| F|  |TAMS 0x000000008ba00000, 0x000000008ba00000| Untracked 
| 105|0x000000008bb00000, 0x000000008bb00000, 0x000000008bc00000|  0%| F|  |TAMS 0x000000008bb00000, 0x000000008bb00000| Untracked 
| 106|0x000000008bc00000, 0x000000008bc00000, 0x000000008bd00000|  0%| F|  |TAMS 0x000000008bc00000, 0x000000008bc00000| Untracked 
| 107|0x000000008bd00000, 0x000000008bd00000, 0x000000008be00000|  0%| F|  |TAMS 0x000000008bd00000, 0x000000008bd00000| Untracked 
| 108|0x000000008be00000, 0x000000008be00000, 0x000000008bf00000|  0%| F|  |TAMS 0x000000008be00000, 0x000000008be00000| Untracked 
| 109|0x000000008bf00000, 0x000000008bf00000, 0x000000008c000000|  0%| F|  |TAMS 0x000000008bf00000, 0x000000008bf00000| Untracked 
| 110|0x000000008c000000, 0x000000008c000000, 0x000000008c100000|  0%| F|  |TAMS 0x000000008c000000, 0x000000008c000000| Untracked 
| 111|0x000000008c100000, 0x000000008c100000, 0x000000008c200000|  0%| F|  |TAMS 0x000000008c100000, 0x000000008c100000| Untracked 
| 112|0x000000008c200000, 0x000000008c200000, 0x000000008c300000|  0%| F|  |TAMS 0x000000008c200000, 0x000000008c200000| Untracked 
| 113|0x000000008c300000, 0x000000008c300000, 0x000000008c400000|  0%| F|  |TAMS 0x000000008c300000, 0x000000008c300000| Untracked 
| 114|0x000000008c400000, 0x000000008c400000, 0x000000008c500000|  0%| F|  |TAMS 0x000000008c400000, 0x000000008c400000| Untracked 
| 115|0x000000008c500000, 0x000000008c500000, 0x000000008c600000|  0%| F|  |TAMS 0x000000008c500000, 0x000000008c500000| Untracked 
| 116|0x000000008c600000, 0x000000008c600000, 0x000000008c700000|  0%| F|  |TAMS 0x000000008c600000, 0x000000008c600000| Untracked 
| 117|0x000000008c700000, 0x000000008c700000, 0x000000008c800000|  0%| F|  |TAMS 0x000000008c700000, 0x000000008c700000| Untracked 
| 118|0x000000008c800000, 0x000000008c800000, 0x000000008c900000|  0%| F|  |TAMS 0x000000008c800000, 0x000000008c800000| Untracked 
| 119|0x000000008c900000, 0x000000008c900000, 0x000000008ca00000|  0%| F|  |TAMS 0x000000008c900000, 0x000000008c900000| Untracked 
| 120|0x000000008ca00000, 0x000000008ca00000, 0x000000008cb00000|  0%| F|  |TAMS 0x000000008ca00000, 0x000000008ca00000| Untracked 
| 121|0x000000008cb00000, 0x000000008cb00000, 0x000000008cc00000|  0%| F|  |TAMS 0x000000008cb00000, 0x000000008cb00000| Untracked 
| 122|0x000000008cc00000, 0x000000008ccec090, 0x000000008cd00000| 92%| E|  |TAMS 0x000000008cc00000, 0x000000008cc00000| Complete 
| 123|0x000000008cd00000, 0x000000008ce00000, 0x000000008ce00000|100%| E|CS|TAMS 0x000000008cd00000, 0x000000008cd00000| Complete 

Card table byte_map: [0x00000157fa9a0000,0x00000157fad80000] _byte_map_base: 0x00000157fa577000

Marking Bits (Prev, Next): (CMBitMap*) 0x00000157f6b84bf0, (CMBitMap*) 0x00000157f6b84c30
 Prev Bits: [0x00000157fb160000, 0x00000157fd018000)
 Next Bits: [0x00000157fd020000, 0x00000157feed8000)

Polling page: 0x00000157f62f0000

Metaspace:

Usage:
  Non-class:      5.88 MB used.
      Class:    575.56 KB used.
       Both:      6.45 MB used.

Virtual space:
  Non-class space:        8.00 MB reserved,       5.94 MB ( 74%) committed,  1 nodes.
      Class space:        1.00 GB reserved,     640.00 KB ( <1%) committed,  1 nodes.
             Both:        1.01 GB reserved,       6.56 MB ( <1%) committed. 

Chunk freelists:
   Non-Class:  2.05 MB
       Class:  3.25 MB
        Both:  5.30 MB

MaxMetaspaceSize: unlimited
CompressedClassSpaceSize: 1.00 GB
Initial GC threshold: 21.00 MB
Current GC threshold: 21.00 MB
CDS: off
MetaspaceReclaimPolicy: balanced
 - commit_granule_bytes: 65536.
 - commit_granule_words: 8192.
 - virtual_space_node_default_size: 1048576.
 - enlarge_chunks_in_place: 1.
 - new_chunks_are_fully_committed: 0.
 - uncommit_free_chunks: 1.
 - use_allocation_guard: 0.
 - handle_deallocations: 1.


Internal statistics:

num_allocs_failed_limit: 0.
num_arena_births: 4.
num_arena_deaths: 0.
num_vsnodes_births: 2.
num_vsnodes_deaths: 0.
num_space_committed: 105.
num_space_uncommitted: 0.
num_chunks_returned_to_freelist: 0.
num_chunks_taken_from_freelist: 18.
num_chunk_merges: 0.
num_chunk_splits: 5.
num_chunks_enlarged: 1.
num_purges: 0.
num_inconsistent_stats: 0.

CodeHeap 'non-profiled nmethods': size=120000Kb used=32Kb max_used=32Kb free=119967Kb
 bounds [0x0000015787ad0000, 0x0000015787d40000, 0x000001578f000000]
CodeHeap 'profiled nmethods': size=120000Kb used=180Kb max_used=180Kb free=119819Kb
 bounds [0x0000015780000000, 0x0000015780270000, 0x0000015787530000]
CodeHeap 'non-nmethods': size=5760Kb used=1120Kb max_used=1120Kb free=4639Kb
 bounds [0x0000015787530000, 0x00000157877a0000, 0x0000015787ad0000]
 total_blobs=525 nmethods=138 adapters=300
 compilation: enabled
              stopped_count=0, restarted_count=0
 full_count=0

Compilation events (20 events):
Event: 0.261 Thread 0x00000157ff99dfa0  120       1       java.security.Provider$Service::getAliases (5 bytes)
Event: 0.261 Thread 0x00000157ff99dfa0 nmethod 120 0x0000015787ad5f90 code [0x0000015787ad6120, 0x0000015787ad61f8]
Event: 0.267 Thread 0x00000157ff99dfa0  122       3       java.util.ImmutableCollections$MapN::get (35 bytes)
Event: 0.268 Thread 0x00000157ff99dfa0 nmethod 122 0x000001578002a690 code [0x000001578002a860, 0x000001578002ac18]
Event: 0.270 Thread 0x00000157ff99dfa0  123       3       java.util.ImmutableCollections$Set12$1::hasNext (13 bytes)
Event: 0.270 Thread 0x00000157ff99dfa0 nmethod 123 0x000001578002ad90 code [0x000001578002af20, 0x000001578002b098]
Event: 0.270 Thread 0x00000157ff99dfa0  124       3       java.util.concurrent.ConcurrentHashMap::get (162 bytes)
Event: 0.271 Thread 0x00000157ff99dfa0 nmethod 124 0x000001578002b110 code [0x000001578002b360, 0x000001578002be28]
Event: 0.271 Thread 0x00000157ff99dfa0  125       3       java.util.AbstractMap::<init> (5 bytes)
Event: 0.271 Thread 0x00000157ff99dfa0 nmethod 125 0x000001578002c110 code [0x000001578002c2a0, 0x000001578002c3f8]
Event: 0.273 Thread 0x00000157ff99dfa0  126       3       sun.nio.fs.WindowsPathParser::isSlash (18 bytes)
Event: 0.274 Thread 0x00000157ff99dfa0 nmethod 126 0x000001578002c490 code [0x000001578002c620, 0x000001578002c798]
Event: 0.274 Thread 0x00000157ff99dfa0  127       3       sun.nio.fs.WindowsPathParser::isInvalidPathChar (22 bytes)
Event: 0.274 Thread 0x00000157ff99dfa0 nmethod 127 0x000001578002c810 code [0x000001578002c9e0, 0x000001578002cd28]
Event: 0.280 Thread 0x00000157ff99dfa0  128       3       java.lang.ref.Reference::reachabilityFence (1 bytes)
Event: 0.280 Thread 0x00000157ff99dfa0 nmethod 128 0x000001578002ce90 code [0x000001578002d020, 0x000001578002d118]
Event: 0.290 Thread 0x00000157ff99dfa0  130       1       java.lang.Enum::ordinal (5 bytes)
Event: 0.291 Thread 0x00000157ff99dfa0 nmethod 130 0x0000015787ad6590 code [0x0000015787ad6720, 0x0000015787ad67f8]
Event: 0.294 Thread 0x00000157ff99dfa0  131       1       java.lang.Class::getClassLoader0 (5 bytes)
Event: 0.294 Thread 0x00000157ff99dfa0 nmethod 131 0x0000015787ad6890 code [0x0000015787ad6a20, 0x0000015787ad6af8]

GC Heap History (0 events):
No events

Dll operation events (1 events):
Event: 0.014 Loaded shared library C:\Program Files\JetBrains\IntelliJ IDEA 2022.3.3\jbr\bin\java.dll

Deoptimization events (0 events):
No events

Classes unloaded (0 events):
No events

Classes redefined (0 events):
No events

Internal exceptions (0 events):
No events

VM Operations (4 events):
Event: 0.212 Executing VM operation: HandshakeAllThreads
Event: 0.212 Executing VM operation: HandshakeAllThreads done
Event: 0.238 Executing VM operation: HandshakeAllThreads
Event: 0.238 Executing VM operation: HandshakeAllThreads done

Events (20 events):
Event: 0.310 loading class sun/invoke/util/VerifyType
Event: 0.310 loading class sun/invoke/util/VerifyType done
Event: 0.310 loading class sun/invoke/empty/Empty
Event: 0.310 loading class sun/invoke/empty/Empty done
Event: 0.310 loading class jdk/internal/jimage/decompressor/CompressedResourceHeader
Event: 0.311 loading class jdk/internal/jimage/decompressor/CompressedResourceHeader done
Event: 0.311 loading class jdk/internal/jimage/decompressor/ResourceDecompressorRepository
Event: 0.311 loading class jdk/internal/jimage/decompressor/ResourceDecompressorRepository done
Event: 0.311 loading class jdk/internal/jimage/decompressor/ZipDecompressorFactory
Event: 0.311 loading class jdk/internal/jimage/decompressor/ResourceDecompressorFactory
Event: 0.311 loading class jdk/internal/jimage/decompressor/ResourceDecompressorFactory done
Event: 0.311 loading class jdk/internal/jimage/decompressor/ZipDecompressorFactory done
Event: 0.311 loading class jdk/internal/jimage/decompressor/StringSharingDecompressorFactory
Event: 0.311 loading class jdk/internal/jimage/decompressor/StringSharingDecompressorFactory done
Event: 0.311 loading class jdk/internal/jimage/decompressor/ZipDecompressor
Event: 0.311 loading class jdk/internal/jimage/decompressor/ResourceDecompressor
Event: 0.311 loading class jdk/internal/jimage/decompressor/ResourceDecompressor done
Event: 0.311 loading class jdk/internal/jimage/decompressor/ZipDecompressor done
Event: 0.311 loading class java/util/zip/Inflater
Event: 0.312 loading class java/util/zip/Inflater done


Dynamic libraries:
0x00007ff621fc0000 - 0x00007ff621fca000 	C:\Program Files\JetBrains\IntelliJ IDEA 2022.3.3\jbr\bin\java.exe
0x00007ffc6d130000 - 0x00007ffc6d344000 	C:\WINDOWS\SYSTEM32\ntdll.dll
0x00007ffc6b030000 - 0x00007ffc6b0f2000 	C:\WINDOWS\System32\KERNEL32.DLL
0x00007ffc6a860000 - 0x00007ffc6ac03000 	C:\WINDOWS\System32\KERNELBASE.dll
0x00007ffc6adf0000 - 0x00007ffc6af01000 	C:\WINDOWS\System32\ucrtbase.dll
0x00007ffc4aad0000 - 0x00007ffc4aaeb000 	C:\Program Files\JetBrains\IntelliJ IDEA 2022.3.3\jbr\bin\VCRUNTIME140.dll
0x00007ffc47220000 - 0x00007ffc47237000 	C:\Program Files\JetBrains\IntelliJ IDEA 2022.3.3\jbr\bin\jli.dll
0x00007ffc6b9d0000 - 0x00007ffc6bb7b000 	C:\WINDOWS\System32\USER32.dll
0x00007ffc6a530000 - 0x00007ffc6a556000 	C:\WINDOWS\System32\win32u.dll
0x00007ffc6ce80000 - 0x00007ffc6cea9000 	C:\WINDOWS\System32\GDI32.dll
0x00007ffc58030000 - 0x00007ffc582be000 	C:\WINDOWS\WinSxS\amd64_microsoft.windows.common-controls_6595b64144ccf1df_6.0.22621.1635_none_270f70857386168e\COMCTL32.dll
0x00007ffc6ac10000 - 0x00007ffc6ad29000 	C:\WINDOWS\System32\gdi32full.dll
0x00007ffc6a5e0000 - 0x00007ffc6a67a000 	C:\WINDOWS\System32\msvcp_win.dll
0x00007ffc6cf40000 - 0x00007ffc6cfe7000 	C:\WINDOWS\System32\msvcrt.dll
0x00007ffc6b100000 - 0x00007ffc6b131000 	C:\WINDOWS\System32\IMM32.DLL
0x00007ffc62440000 - 0x00007ffc6244c000 	C:\Program Files\JetBrains\IntelliJ IDEA 2022.3.3\jbr\bin\vcruntime140_1.dll
0x00007ffc3d140000 - 0x00007ffc3d1cd000 	C:\Program Files\JetBrains\IntelliJ IDEA 2022.3.3\jbr\bin\msvcp140.dll
0x00007ffbefb60000 - 0x00007ffbf07ce000 	C:\Program Files\JetBrains\IntelliJ IDEA 2022.3.3\jbr\bin\server\jvm.dll
0x00007ffc6bec0000 - 0x00007ffc6bf6e000 	C:\WINDOWS\System32\ADVAPI32.dll
0x00007ffc6bc80000 - 0x00007ffc6bd24000 	C:\WINDOWS\System32\sechost.dll
0x00007ffc6c140000 - 0x00007ffc6c257000 	C:\WINDOWS\System32\RPCRT4.dll
0x00007ffc5d8f0000 - 0x00007ffc5d924000 	C:\WINDOWS\SYSTEM32\WINMM.dll
0x00007ffc27c30000 - 0x00007ffc27c39000 	C:\WINDOWS\SYSTEM32\WSOCK32.dll
0x00007ffc6bfc0000 - 0x00007ffc6c031000 	C:\WINDOWS\System32\WS2_32.dll
0x00007ffc576f0000 - 0x00007ffc576fa000 	C:\WINDOWS\SYSTEM32\VERSION.dll
0x00007ffc69550000 - 0x00007ffc69568000 	C:\WINDOWS\SYSTEM32\kernel.appcore.dll
0x00007ffc63cb0000 - 0x00007ffc63cba000 	C:\Program Files\JetBrains\IntelliJ IDEA 2022.3.3\jbr\bin\jimage.dll
0x00007ffc67f90000 - 0x00007ffc681be000 	C:\WINDOWS\SYSTEM32\DBGHELP.DLL
0x00007ffc6c880000 - 0x00007ffc6cc09000 	C:\WINDOWS\System32\combase.dll
0x00007ffc6bba0000 - 0x00007ffc6bc77000 	C:\WINDOWS\System32\OLEAUT32.dll
0x00007ffc565e0000 - 0x00007ffc56612000 	C:\WINDOWS\SYSTEM32\dbgcore.DLL
0x00007ffc6a560000 - 0x00007ffc6a5db000 	C:\WINDOWS\System32\bcryptPrimitives.dll
0x00007ffc624a0000 - 0x00007ffc624c5000 	C:\Program Files\JetBrains\IntelliJ IDEA 2022.3.3\jbr\bin\java.dll
0x00007ffc63c60000 - 0x00007ffc63c78000 	C:\Program Files\JetBrains\IntelliJ IDEA 2022.3.3\jbr\bin\zip.dll
0x00007ffc6b140000 - 0x00007ffc6b93a000 	C:\WINDOWS\System32\SHELL32.dll
0x00007ffc684e0000 - 0x00007ffc68dae000 	C:\WINDOWS\SYSTEM32\windows.storage.dll
0x00007ffc683a0000 - 0x00007ffc684de000 	C:\WINDOWS\SYSTEM32\wintypes.dll
0x00007ffc6cff0000 - 0x00007ffc6d0e1000 	C:\WINDOWS\System32\SHCORE.dll
0x00007ffc6be60000 - 0x00007ffc6bebe000 	C:\WINDOWS\System32\shlwapi.dll
0x00007ffc6a460000 - 0x00007ffc6a481000 	C:\WINDOWS\SYSTEM32\profapi.dll
0x00007ffc62480000 - 0x00007ffc62499000 	C:\Program Files\JetBrains\IntelliJ IDEA 2022.3.3\jbr\bin\net.dll
0x00007ffc5f950000 - 0x00007ffc5fa87000 	C:\WINDOWS\SYSTEM32\WINHTTP.dll
0x00007ffc699f0000 - 0x00007ffc69a59000 	C:\WINDOWS\system32\mswsock.dll
0x00007ffc49d20000 - 0x00007ffc49d36000 	C:\Program Files\JetBrains\IntelliJ IDEA 2022.3.3\jbr\bin\nio.dll

dbghelp: loaded successfully - version: 4.0.5 - missing functions: none
symbol engine: initialized successfully - sym options: 0x614 - pdb path: .;C:\Program Files\JetBrains\IntelliJ IDEA 2022.3.3\jbr\bin;C:\WINDOWS\SYSTEM32;C:\WINDOWS\WinSxS\amd64_microsoft.windows.common-controls_6595b64144ccf1df_6.0.22621.1635_none_270f70857386168e;C:\Program Files\JetBrains\IntelliJ IDEA 2022.3.3\jbr\bin\server

VM Arguments:
java_command: git4idea.http.GitAskPassApp Username for 'https://github.com': 
java_class_path (initial): C:/Program Files/JetBrains/IntelliJ IDEA 2022.3.3/plugins/vcs-git/lib/git4idea-rt.jar;C:/Program Files/JetBrains/IntelliJ IDEA 2022.3.3/lib/externalProcess-rt.jar
Launcher Type: SUN_STANDARD

[Global flags]
     intx CICompilerCount                          = 4                                         {product} {ergonomic}
     uint ConcGCThreads                            = 2                                         {product} {ergonomic}
     uint G1ConcRefinementThreads                  = 8                                         {product} {ergonomic}
   size_t G1HeapRegionSize                         = 1048576                                   {product} {ergonomic}
    uintx GCDrainStackTargetSize                   = 64                                        {product} {ergonomic}
   size_t InitialHeapSize                          = 130023424                                 {product} {ergonomic}
   size_t MarkStackSize                            = 4194304                                   {product} {ergonomic}
   size_t MaxHeapSize                              = 2061500416                                {product} {ergonomic}
   size_t MaxNewSize                               = 1236271104                                {product} {ergonomic}
   size_t MinHeapDeltaBytes                        = 1048576                                   {product} {ergonomic}
   size_t MinHeapSize                              = 8388608                                   {product} {ergonomic}
    uintx NonNMethodCodeHeapSize                   = 5839372                                {pd product} {ergonomic}
    uintx NonProfiledCodeHeapSize                  = 122909434                              {pd product} {ergonomic}
    uintx ProfiledCodeHeapSize                     = 122909434                              {pd product} {ergonomic}
    uintx ReservedCodeCacheSize                    = 251658240                              {pd product} {ergonomic}
     bool SegmentedCodeCache                       = true                                      {product} {ergonomic}
   size_t SoftMaxHeapSize                          = 2061500416                             {manageable} {ergonomic}
     bool UseCompressedClassPointers               = true                           {product lp64_product} {ergonomic}
     bool UseCompressedOops                        = true                           {product lp64_product} {ergonomic}
     bool UseG1GC                                  = true                                      {product} {ergonomic}
     bool UseLargePagesIndividualAllocation        = false                                  {pd product} {ergonomic}

Logging:
Log output configuration:
 #0: stdout all=warning uptime,level,tags
 #1: stderr all=off uptime,level,tags

Environment Variables:
JAVA_HOME=C:\Program Files\Java\jdk-19.0.2
CLASSPATH=.;C:\Program Files\Java\jdk-19.0.2\lib
PATH=C:/Program Files/Git/mingw64/libexec/git-core;C:/Program Files/Git/mingw64/libexec/git-core;C:\Program Files\Git\mingw64\bin;C:\Program Files\Git\usr\bin;C:\Users\Clara\bin;C:\Program Files\Common Files\Oracle\Java\javapath;C:\WINDOWS\system32;C:\WINDOWS;C:\WINDOWS\System32\Wbem;C:\WINDOWS\System32\WindowsPowerShell\v1.0\;C:\WINDOWS\System32\OpenSSH\;C:\MinGW\bin;C:\Program Files\MATLAB\R2021b\bin;C:\Program Files\Git\cmd;C:\Program Files\Java\jdk-19.0.2\bin;C:\Program Files\JetBrains\IntelliJ IDEA 2022.3.3\bin
USERNAME=Clara
DISPLAY=:0.0
LC_ALL=en_US.UTF-8
TERM=xterm-256color
TMPDIR=C:\Users\Clara\AppData\Local\Temp
OS=Windows_NT
PROCESSOR_IDENTIFIER=Intel64 Family 6 Model 126 Stepping 5, GenuineIntel
TMP=C:\Users\Clara\AppData\Local\Temp
TEMP=C:\Users\Clara\AppData\Local\Temp


JNI global refs:
JNI global refs: 8, weak refs: 0

JNI global refs memory usage: 843, weak refs: 209


---------------  S Y S T E M  ---------------

OS:
 Windows 11 , 64 bit Build 22621 (10.0.22621.1778)
OS uptime: 0 days 9:15 hours
Hyper-V role detected

CPU: total 8 (initial active 8) (4 cores per cpu, 2 threads per core) family 6 model 126 stepping 5 microcode 0x86, cx8, cmov, fxsr, ht, mmx, 3dnowpref, sse, sse2, sse3, ssse3, sse4.1, sse4.2, popcnt, lzcnt, tsc, tscinvbit, avx, avx2, aes, erms, clmul, bmi1, bmi2, adx, avx512f, avx512dq, avx512cd, avx512bw, avx512vl, sha, fma, vzeroupper, avx512_vpopcntdq, avx512_vpclmulqdq, avx512_vaes, avx512_vnni, clflush, clflushopt, avx512_vbmi2, avx512_vbmi, hv

Memory: 4k page, system-wide physical 7857M (1651M free)
TotalPageFile size 7857M (AvailPageFile size 2M)
current process WorkingSet (physical memory assigned to process): 35M, peak: 35M
current process commit charge ("private bytes"): 202M, peak: 202M

vm_info: OpenJDK 64-Bit Server VM (17.0.6+10-b829.9) for windows-amd64 JRE (17.0.6+10-b829.9), built on 2023-04-09 by "builduser" with MS VC++ 16.10 / 16.11 (VS2019)

END.
