#
# There is insufficient memory for the Java Runtime Environment to continue.
# Native memory allocation (malloc) failed to allocate 32744 bytes for Chunk::new
# Possible reasons:
#   The system is out of physical RAM or swap space
#   The process is running with CompressedOops enabled, and the Java Heap may be blocking the growth of the native heap
# Possible solutions:
#   Reduce memory load on the system
#   Increase physical memory or swap space
#   Check if swap backing store is full
#   Decrease Java heap size (-Xmx/-Xms)
#   Decrease number of Java threads
#   Decrease Java thread stack sizes (-Xss)
#   Set larger code cache with -XX:ReservedCodeCacheSize=
#   JVM is running with Unscaled Compressed Oops mode in which the Java heap is
#     placed in the first 4GB address space. The Java Heap base address is the
#     maximum limit for the native heap growth. Please use -XX:HeapBaseMinAddress
#     to set the Java Heap base and to place the Java Heap above 4GB virtual address.
# This output file may be truncated or incomplete.
#
#  Out of Memory Error (arena.cpp:184), pid=12984, tid=9868
#
# JRE version: OpenJDK Runtime Environment (19.0.1+10) (build 19.0.1+10-21)
# Java VM: OpenJDK 64-Bit Server VM (19.0.1+10-21, mixed mode, sharing, tiered, compressed oops, compressed class ptrs, g1 gc, windows-amd64)
# No core dump will be written. Minidumps are not enabled by default on client versions of Windows
#

---------------  S U M M A R Y ------------

Command Line: -javaagent:C:\Program Files\JetBrains\IntelliJ IDEA 2022.3.3\lib\idea_rt.jar=51011:C:\Program Files\JetBrains\IntelliJ IDEA 2022.3.3\bin -Dfile.encoding=UTF-8 -Dsun.stdout.encoding=UTF-8 -Dsun.stderr.encoding=UTF-8 AppMain.Main

Host: Intel(R) Core(TM) i5-1035G1 CPU @ 1.00GHz, 8 cores, 7G,  Windows 11 , 64 bit Build 22621 (10.0.22621.1778)
Time: Mon Jun 26 23:06:59 2023 ora legale Europa occidentale elapsed time: 1.090203 seconds (0d 0h 0m 1s)

---------------  T H R E A D  ---------------

Current thread (0x000001447feebe10):  JavaThread "C2 CompilerThread1" daemon [_thread_in_native, id=9868, stack(0x00000034b4d00000,0x00000034b4e00000)]


Current CompileTask:
C2:   1090  416       4       java.lang.String::coder (15 bytes)

Stack: [0x00000034b4d00000,0x00000034b4e00000]
Native frames: (J=compiled Java code, j=interpreted, Vv=VM code, C=native code)
V  [jvm.dll+0x6ee8fa]
V  [jvm.dll+0x857a1e]
V  [jvm.dll+0x85940e]
V  [jvm.dll+0x859ac3]
V  [jvm.dll+0x28291f]
V  [jvm.dll+0xc9b5f]
V  [jvm.dll+0xc9ee5]
V  [jvm.dll+0x284b60]
V  [jvm.dll+0x24cb7a]
V  [jvm.dll+0x24ad75]
V  [jvm.dll+0x1d6d61]
V  [jvm.dll+0x25b0fa]
V  [jvm.dll+0x259588]
V  [jvm.dll+0x807928]
V  [jvm.dll+0x8015fa]
V  [jvm.dll+0x6ed5eb]
C  [ucrtbase.dll+0x29363]
C  [KERNEL32.DLL+0x126ad]
C  [ntdll.dll+0x5a9f8]


---------------  P R O C E S S  ---------------

Threads class SMR info:
_java_thread_list=0x000001447fef2d30, length=14, elements={
0x000001445d451ee0, 0x000001447b3dc580, 0x000001447b3df4d0, 0x000001447b3e4190,
0x000001447b3e4fc0, 0x000001447b3e59e0, 0x000001447b3e8410, 0x000001447b3eb170,
0x000001447b3f74e0, 0x000001447b3f8e60, 0x000001447fcb60c0, 0x000001447fe19e40,
0x000001447fe1a380, 0x000001447feebe10
}

Java Threads: ( => current thread )
  0x000001445d451ee0 JavaThread "main" [_thread_in_native, id=10708, stack(0x00000034b3900000,0x00000034b3a00000)]
  0x000001447b3dc580 JavaThread "Reference Handler" daemon [_thread_blocked, id=2472, stack(0x00000034b4000000,0x00000034b4100000)]
  0x000001447b3df4d0 JavaThread "Finalizer" daemon [_thread_blocked, id=11764, stack(0x00000034b4100000,0x00000034b4200000)]
  0x000001447b3e4190 JavaThread "Signal Dispatcher" daemon [_thread_blocked, id=14248, stack(0x00000034b4200000,0x00000034b4300000)]
  0x000001447b3e4fc0 JavaThread "Attach Listener" daemon [_thread_blocked, id=8944, stack(0x00000034b4300000,0x00000034b4400000)]
  0x000001447b3e59e0 JavaThread "Service Thread" daemon [_thread_blocked, id=15312, stack(0x00000034b4400000,0x00000034b4500000)]
  0x000001447b3e8410 JavaThread "Monitor Deflation Thread" daemon [_thread_blocked, id=14908, stack(0x00000034b4500000,0x00000034b4600000)]
  0x000001447b3eb170 JavaThread "C2 CompilerThread0" daemon [_thread_in_native, id=15268, stack(0x00000034b4600000,0x00000034b4700000)]
  0x000001447b3f74e0 JavaThread "C1 CompilerThread0" daemon [_thread_blocked, id=13920, stack(0x00000034b4700000,0x00000034b4800000)]
  0x000001447b3f8e60 JavaThread "Sweeper thread" daemon [_thread_blocked, id=11488, stack(0x00000034b4800000,0x00000034b4900000)]
  0x000001447fcb60c0 JavaThread "Common-Cleaner" daemon [_thread_blocked, id=4892, stack(0x00000034b4900000,0x00000034b4a00000)]
  0x000001447fe19e40 JavaThread "Monitor Ctrl-Break" daemon [_thread_in_native, id=3292, stack(0x00000034b4a00000,0x00000034b4b00000)]
  0x000001447fe1a380 JavaThread "Notification Thread" daemon [_thread_blocked, id=8592, stack(0x00000034b4b00000,0x00000034b4c00000)]
=>0x000001447feebe10 JavaThread "C2 CompilerThread1" daemon [_thread_in_native, id=9868, stack(0x00000034b4d00000,0x00000034b4e00000)]

Other Threads:
  0x000001447b3c8f90 VMThread "VM Thread" [stack: 0x00000034b3f00000,0x00000034b4000000] [id=8552]
  0x000001447fdbd600 WatcherThread "VM Periodic Task Thread" [stack: 0x00000034b4c00000,0x00000034b4d00000] [id=3236]
  0x000001445d4aeed0 WorkerThread "GC Thread#0" [stack: 0x00000034b3a00000,0x00000034b3b00000] [id=15304]
  0x000001445d4bb670 ConcurrentGCThread "G1 Main Marker" [stack: 0x00000034b3b00000,0x00000034b3c00000] [id=7120]
  0x000001445d4be150 WorkerThread "G1 Conc#0" [stack: 0x00000034b3c00000,0x00000034b3d00000] [id=11172]
  0x000001445d4fd590 ConcurrentGCThread "G1 Refine#0" [stack: 0x00000034b3d00000,0x00000034b3e00000] [id=2712]
  0x000001445d4fde70 ConcurrentGCThread "G1 Service" [stack: 0x00000034b3e00000,0x00000034b3f00000] [id=4308]

Threads with active compile tasks:
C2 CompilerThread0     1106  405       4       java.util.HashMap::put (13 bytes)
C2 CompilerThread1     1106  416       4       java.lang.String::coder (15 bytes)

VM state: not at safepoint (normal execution)

VM Mutex/Monitor currently owned by a thread: None

Heap address: 0x0000000085200000, size: 1966 MB, Compressed Oops mode: 32-bit

CDS archive(s) mapped at: [0x0000000800000000-0x0000000800c30000-0x0000000800c30000), size 12779520, SharedBaseAddress: 0x0000000800000000, ArchiveRelocationMode: 0.
Compressed class space mapped at: 0x0000000801000000-0x0000000841000000, reserved size: 1073741824
Narrow klass base: 0x0000000800000000, Narrow klass shift: 0, Narrow klass range: 0x100000000

GC Precious Log:
 CardTable entry size: 512
 Card Set container configuration: InlinePtr #cards 5 size 8 Array Of Cards #cards 12 size 40 Howl #buckets 4 coarsen threshold 1843 Howl Bitmap #cards 512 size 80 coarsen threshold 460 Card regions per heap region 1 cards per card region 2048
 CPUs: 8 total, 8 available
 Memory: 7857M
 Large Page Support: Disabled
 NUMA Support: Disabled
 Compressed Oops: Enabled (32-bit)
 Heap Region Size: 1M
 Heap Min Capacity: 8M
 Heap Initial Capacity: 124M
 Heap Max Capacity: 1966M
 Pre-touch: Disabled
 Parallel Workers: 8
 Concurrent Workers: 2
 Concurrent Refinement Workers: 8
 Periodic GC: Disabled

Heap:
 garbage-first heap   total 126976K, used 5120K [0x0000000085200000, 0x0000000100000000)
  region size 1024K, 6 young (6144K), 0 survivors (0K)
 Metaspace       used 1310K, committed 1472K, reserved 1114112K
  class space    used 101K, committed 192K, reserved 1048576K

Heap Regions: E=young(eden), S=young(survivor), O=old, HS=humongous(starts), HC=humongous(continues), CS=collection set, F=free, OA=open archive, CA=closed archive, TAMS=top-at-mark-start (previous, next)
|   0|0x0000000085200000, 0x0000000085200000, 0x0000000085300000|  0%| F|  |TAMS 0x0000000085200000, 0x0000000085200000| Untracked 
|   1|0x0000000085300000, 0x0000000085300000, 0x0000000085400000|  0%| F|  |TAMS 0x0000000085300000, 0x0000000085300000| Untracked 
|   2|0x0000000085400000, 0x0000000085400000, 0x0000000085500000|  0%| F|  |TAMS 0x0000000085400000, 0x0000000085400000| Untracked 
|   3|0x0000000085500000, 0x0000000085500000, 0x0000000085600000|  0%| F|  |TAMS 0x0000000085500000, 0x0000000085500000| Untracked 
|   4|0x0000000085600000, 0x0000000085600000, 0x0000000085700000|  0%| F|  |TAMS 0x0000000085600000, 0x0000000085600000| Untracked 
|   5|0x0000000085700000, 0x0000000085700000, 0x0000000085800000|  0%| F|  |TAMS 0x0000000085700000, 0x0000000085700000| Untracked 
|   6|0x0000000085800000, 0x0000000085800000, 0x0000000085900000|  0%| F|  |TAMS 0x0000000085800000, 0x0000000085800000| Untracked 
|   7|0x0000000085900000, 0x0000000085900000, 0x0000000085a00000|  0%| F|  |TAMS 0x0000000085900000, 0x0000000085900000| Untracked 
|   8|0x0000000085a00000, 0x0000000085a00000, 0x0000000085b00000|  0%| F|  |TAMS 0x0000000085a00000, 0x0000000085a00000| Untracked 
|   9|0x0000000085b00000, 0x0000000085b00000, 0x0000000085c00000|  0%| F|  |TAMS 0x0000000085b00000, 0x0000000085b00000| Untracked 
|  10|0x0000000085c00000, 0x0000000085c00000, 0x0000000085d00000|  0%| F|  |TAMS 0x0000000085c00000, 0x0000000085c00000| Untracked 
|  11|0x0000000085d00000, 0x0000000085d00000, 0x0000000085e00000|  0%| F|  |TAMS 0x0000000085d00000, 0x0000000085d00000| Untracked 
|  12|0x0000000085e00000, 0x0000000085e00000, 0x0000000085f00000|  0%| F|  |TAMS 0x0000000085e00000, 0x0000000085e00000| Untracked 
|  13|0x0000000085f00000, 0x0000000085f00000, 0x0000000086000000|  0%| F|  |TAMS 0x0000000085f00000, 0x0000000085f00000| Untracked 
|  14|0x0000000086000000, 0x0000000086000000, 0x0000000086100000|  0%| F|  |TAMS 0x0000000086000000, 0x0000000086000000| Untracked 
|  15|0x0000000086100000, 0x0000000086100000, 0x0000000086200000|  0%| F|  |TAMS 0x0000000086100000, 0x0000000086100000| Untracked 
|  16|0x0000000086200000, 0x0000000086200000, 0x0000000086300000|  0%| F|  |TAMS 0x0000000086200000, 0x0000000086200000| Untracked 
|  17|0x0000000086300000, 0x0000000086300000, 0x0000000086400000|  0%| F|  |TAMS 0x0000000086300000, 0x0000000086300000| Untracked 
|  18|0x0000000086400000, 0x0000000086400000, 0x0000000086500000|  0%| F|  |TAMS 0x0000000086400000, 0x0000000086400000| Untracked 
|  19|0x0000000086500000, 0x0000000086500000, 0x0000000086600000|  0%| F|  |TAMS 0x0000000086500000, 0x0000000086500000| Untracked 
|  20|0x0000000086600000, 0x0000000086600000, 0x0000000086700000|  0%| F|  |TAMS 0x0000000086600000, 0x0000000086600000| Untracked 
|  21|0x0000000086700000, 0x0000000086700000, 0x0000000086800000|  0%| F|  |TAMS 0x0000000086700000, 0x0000000086700000| Untracked 
|  22|0x0000000086800000, 0x0000000086800000, 0x0000000086900000|  0%| F|  |TAMS 0x0000000086800000, 0x0000000086800000| Untracked 
|  23|0x0000000086900000, 0x0000000086900000, 0x0000000086a00000|  0%| F|  |TAMS 0x0000000086900000, 0x0000000086900000| Untracked 
|  24|0x0000000086a00000, 0x0000000086a00000, 0x0000000086b00000|  0%| F|  |TAMS 0x0000000086a00000, 0x0000000086a00000| Untracked 
|  25|0x0000000086b00000, 0x0000000086b00000, 0x0000000086c00000|  0%| F|  |TAMS 0x0000000086b00000, 0x0000000086b00000| Untracked 
|  26|0x0000000086c00000, 0x0000000086c00000, 0x0000000086d00000|  0%| F|  |TAMS 0x0000000086c00000, 0x0000000086c00000| Untracked 
|  27|0x0000000086d00000, 0x0000000086d00000, 0x0000000086e00000|  0%| F|  |TAMS 0x0000000086d00000, 0x0000000086d00000| Untracked 
|  28|0x0000000086e00000, 0x0000000086e00000, 0x0000000086f00000|  0%| F|  |TAMS 0x0000000086e00000, 0x0000000086e00000| Untracked 
|  29|0x0000000086f00000, 0x0000000086f00000, 0x0000000087000000|  0%| F|  |TAMS 0x0000000086f00000, 0x0000000086f00000| Untracked 
|  30|0x0000000087000000, 0x0000000087000000, 0x0000000087100000|  0%| F|  |TAMS 0x0000000087000000, 0x0000000087000000| Untracked 
|  31|0x0000000087100000, 0x0000000087100000, 0x0000000087200000|  0%| F|  |TAMS 0x0000000087100000, 0x0000000087100000| Untracked 
|  32|0x0000000087200000, 0x0000000087200000, 0x0000000087300000|  0%| F|  |TAMS 0x0000000087200000, 0x0000000087200000| Untracked 
|  33|0x0000000087300000, 0x0000000087300000, 0x0000000087400000|  0%| F|  |TAMS 0x0000000087300000, 0x0000000087300000| Untracked 
|  34|0x0000000087400000, 0x0000000087400000, 0x0000000087500000|  0%| F|  |TAMS 0x0000000087400000, 0x0000000087400000| Untracked 
|  35|0x0000000087500000, 0x0000000087500000, 0x0000000087600000|  0%| F|  |TAMS 0x0000000087500000, 0x0000000087500000| Untracked 
|  36|0x0000000087600000, 0x0000000087600000, 0x0000000087700000|  0%| F|  |TAMS 0x0000000087600000, 0x0000000087600000| Untracked 
|  37|0x0000000087700000, 0x0000000087700000, 0x0000000087800000|  0%| F|  |TAMS 0x0000000087700000, 0x0000000087700000| Untracked 
|  38|0x0000000087800000, 0x0000000087800000, 0x0000000087900000|  0%| F|  |TAMS 0x0000000087800000, 0x0000000087800000| Untracked 
|  39|0x0000000087900000, 0x0000000087900000, 0x0000000087a00000|  0%| F|  |TAMS 0x0000000087900000, 0x0000000087900000| Untracked 
|  40|0x0000000087a00000, 0x0000000087a00000, 0x0000000087b00000|  0%| F|  |TAMS 0x0000000087a00000, 0x0000000087a00000| Untracked 
|  41|0x0000000087b00000, 0x0000000087b00000, 0x0000000087c00000|  0%| F|  |TAMS 0x0000000087b00000, 0x0000000087b00000| Untracked 
|  42|0x0000000087c00000, 0x0000000087c00000, 0x0000000087d00000|  0%| F|  |TAMS 0x0000000087c00000, 0x0000000087c00000| Untracked 
|  43|0x0000000087d00000, 0x0000000087d00000, 0x0000000087e00000|  0%| F|  |TAMS 0x0000000087d00000, 0x0000000087d00000| Untracked 
|  44|0x0000000087e00000, 0x0000000087e00000, 0x0000000087f00000|  0%| F|  |TAMS 0x0000000087e00000, 0x0000000087e00000| Untracked 
|  45|0x0000000087f00000, 0x0000000087f00000, 0x0000000088000000|  0%| F|  |TAMS 0x0000000087f00000, 0x0000000087f00000| Untracked 
|  46|0x0000000088000000, 0x0000000088000000, 0x0000000088100000|  0%| F|  |TAMS 0x0000000088000000, 0x0000000088000000| Untracked 
|  47|0x0000000088100000, 0x0000000088100000, 0x0000000088200000|  0%| F|  |TAMS 0x0000000088100000, 0x0000000088100000| Untracked 
|  48|0x0000000088200000, 0x0000000088200000, 0x0000000088300000|  0%| F|  |TAMS 0x0000000088200000, 0x0000000088200000| Untracked 
|  49|0x0000000088300000, 0x0000000088300000, 0x0000000088400000|  0%| F|  |TAMS 0x0000000088300000, 0x0000000088300000| Untracked 
|  50|0x0000000088400000, 0x0000000088400000, 0x0000000088500000|  0%| F|  |TAMS 0x0000000088400000, 0x0000000088400000| Untracked 
|  51|0x0000000088500000, 0x0000000088500000, 0x0000000088600000|  0%| F|  |TAMS 0x0000000088500000, 0x0000000088500000| Untracked 
|  52|0x0000000088600000, 0x0000000088600000, 0x0000000088700000|  0%| F|  |TAMS 0x0000000088600000, 0x0000000088600000| Untracked 
|  53|0x0000000088700000, 0x0000000088700000, 0x0000000088800000|  0%| F|  |TAMS 0x0000000088700000, 0x0000000088700000| Untracked 
|  54|0x0000000088800000, 0x0000000088800000, 0x0000000088900000|  0%| F|  |TAMS 0x0000000088800000, 0x0000000088800000| Untracked 
|  55|0x0000000088900000, 0x0000000088900000, 0x0000000088a00000|  0%| F|  |TAMS 0x0000000088900000, 0x0000000088900000| Untracked 
|  56|0x0000000088a00000, 0x0000000088a00000, 0x0000000088b00000|  0%| F|  |TAMS 0x0000000088a00000, 0x0000000088a00000| Untracked 
|  57|0x0000000088b00000, 0x0000000088b00000, 0x0000000088c00000|  0%| F|  |TAMS 0x0000000088b00000, 0x0000000088b00000| Untracked 
|  58|0x0000000088c00000, 0x0000000088c00000, 0x0000000088d00000|  0%| F|  |TAMS 0x0000000088c00000, 0x0000000088c00000| Untracked 
|  59|0x0000000088d00000, 0x0000000088d00000, 0x0000000088e00000|  0%| F|  |TAMS 0x0000000088d00000, 0x0000000088d00000| Untracked 
|  60|0x0000000088e00000, 0x0000000088e00000, 0x0000000088f00000|  0%| F|  |TAMS 0x0000000088e00000, 0x0000000088e00000| Untracked 
|  61|0x0000000088f00000, 0x0000000088f00000, 0x0000000089000000|  0%| F|  |TAMS 0x0000000088f00000, 0x0000000088f00000| Untracked 
|  62|0x0000000089000000, 0x0000000089000000, 0x0000000089100000|  0%| F|  |TAMS 0x0000000089000000, 0x0000000089000000| Untracked 
|  63|0x0000000089100000, 0x0000000089100000, 0x0000000089200000|  0%| F|  |TAMS 0x0000000089100000, 0x0000000089100000| Untracked 
|  64|0x0000000089200000, 0x0000000089200000, 0x0000000089300000|  0%| F|  |TAMS 0x0000000089200000, 0x0000000089200000| Untracked 
|  65|0x0000000089300000, 0x0000000089300000, 0x0000000089400000|  0%| F|  |TAMS 0x0000000089300000, 0x0000000089300000| Untracked 
|  66|0x0000000089400000, 0x0000000089400000, 0x0000000089500000|  0%| F|  |TAMS 0x0000000089400000, 0x0000000089400000| Untracked 
|  67|0x0000000089500000, 0x0000000089500000, 0x0000000089600000|  0%| F|  |TAMS 0x0000000089500000, 0x0000000089500000| Untracked 
|  68|0x0000000089600000, 0x0000000089600000, 0x0000000089700000|  0%| F|  |TAMS 0x0000000089600000, 0x0000000089600000| Untracked 
|  69|0x0000000089700000, 0x0000000089700000, 0x0000000089800000|  0%| F|  |TAMS 0x0000000089700000, 0x0000000089700000| Untracked 
|  70|0x0000000089800000, 0x0000000089800000, 0x0000000089900000|  0%| F|  |TAMS 0x0000000089800000, 0x0000000089800000| Untracked 
|  71|0x0000000089900000, 0x0000000089900000, 0x0000000089a00000|  0%| F|  |TAMS 0x0000000089900000, 0x0000000089900000| Untracked 
|  72|0x0000000089a00000, 0x0000000089a00000, 0x0000000089b00000|  0%| F|  |TAMS 0x0000000089a00000, 0x0000000089a00000| Untracked 
|  73|0x0000000089b00000, 0x0000000089b00000, 0x0000000089c00000|  0%| F|  |TAMS 0x0000000089b00000, 0x0000000089b00000| Untracked 
|  74|0x0000000089c00000, 0x0000000089c00000, 0x0000000089d00000|  0%| F|  |TAMS 0x0000000089c00000, 0x0000000089c00000| Untracked 
|  75|0x0000000089d00000, 0x0000000089d00000, 0x0000000089e00000|  0%| F|  |TAMS 0x0000000089d00000, 0x0000000089d00000| Untracked 
|  76|0x0000000089e00000, 0x0000000089e00000, 0x0000000089f00000|  0%| F|  |TAMS 0x0000000089e00000, 0x0000000089e00000| Untracked 
|  77|0x0000000089f00000, 0x0000000089f00000, 0x000000008a000000|  0%| F|  |TAMS 0x0000000089f00000, 0x0000000089f00000| Untracked 
|  78|0x000000008a000000, 0x000000008a000000, 0x000000008a100000|  0%| F|  |TAMS 0x000000008a000000, 0x000000008a000000| Untracked 
|  79|0x000000008a100000, 0x000000008a100000, 0x000000008a200000|  0%| F|  |TAMS 0x000000008a100000, 0x000000008a100000| Untracked 
|  80|0x000000008a200000, 0x000000008a200000, 0x000000008a300000|  0%| F|  |TAMS 0x000000008a200000, 0x000000008a200000| Untracked 
|  81|0x000000008a300000, 0x000000008a300000, 0x000000008a400000|  0%| F|  |TAMS 0x000000008a300000, 0x000000008a300000| Untracked 
|  82|0x000000008a400000, 0x000000008a400000, 0x000000008a500000|  0%| F|  |TAMS 0x000000008a400000, 0x000000008a400000| Untracked 
|  83|0x000000008a500000, 0x000000008a500000, 0x000000008a600000|  0%| F|  |TAMS 0x000000008a500000, 0x000000008a500000| Untracked 
|  84|0x000000008a600000, 0x000000008a600000, 0x000000008a700000|  0%| F|  |TAMS 0x000000008a600000, 0x000000008a600000| Untracked 
|  85|0x000000008a700000, 0x000000008a700000, 0x000000008a800000|  0%| F|  |TAMS 0x000000008a700000, 0x000000008a700000| Untracked 
|  86|0x000000008a800000, 0x000000008a800000, 0x000000008a900000|  0%| F|  |TAMS 0x000000008a800000, 0x000000008a800000| Untracked 
|  87|0x000000008a900000, 0x000000008a900000, 0x000000008aa00000|  0%| F|  |TAMS 0x000000008a900000, 0x000000008a900000| Untracked 
|  88|0x000000008aa00000, 0x000000008aa00000, 0x000000008ab00000|  0%| F|  |TAMS 0x000000008aa00000, 0x000000008aa00000| Untracked 
|  89|0x000000008ab00000, 0x000000008ab00000, 0x000000008ac00000|  0%| F|  |TAMS 0x000000008ab00000, 0x000000008ab00000| Untracked 
|  90|0x000000008ac00000, 0x000000008ac00000, 0x000000008ad00000|  0%| F|  |TAMS 0x000000008ac00000, 0x000000008ac00000| Untracked 
|  91|0x000000008ad00000, 0x000000008ad00000, 0x000000008ae00000|  0%| F|  |TAMS 0x000000008ad00000, 0x000000008ad00000| Untracked 
|  92|0x000000008ae00000, 0x000000008ae00000, 0x000000008af00000|  0%| F|  |TAMS 0x000000008ae00000, 0x000000008ae00000| Untracked 
|  93|0x000000008af00000, 0x000000008af00000, 0x000000008b000000|  0%| F|  |TAMS 0x000000008af00000, 0x000000008af00000| Untracked 
|  94|0x000000008b000000, 0x000000008b000000, 0x000000008b100000|  0%| F|  |TAMS 0x000000008b000000, 0x000000008b000000| Untracked 
|  95|0x000000008b100000, 0x000000008b100000, 0x000000008b200000|  0%| F|  |TAMS 0x000000008b100000, 0x000000008b100000| Untracked 
|  96|0x000000008b200000, 0x000000008b200000, 0x000000008b300000|  0%| F|  |TAMS 0x000000008b200000, 0x000000008b200000| Untracked 
|  97|0x000000008b300000, 0x000000008b300000, 0x000000008b400000|  0%| F|  |TAMS 0x000000008b300000, 0x000000008b300000| Untracked 
|  98|0x000000008b400000, 0x000000008b400000, 0x000000008b500000|  0%| F|  |TAMS 0x000000008b400000, 0x000000008b400000| Untracked 
|  99|0x000000008b500000, 0x000000008b500000, 0x000000008b600000|  0%| F|  |TAMS 0x000000008b500000, 0x000000008b500000| Untracked 
| 100|0x000000008b600000, 0x000000008b600000, 0x000000008b700000|  0%| F|  |TAMS 0x000000008b600000, 0x000000008b600000| Untracked 
| 101|0x000000008b700000, 0x000000008b700000, 0x000000008b800000|  0%| F|  |TAMS 0x000000008b700000, 0x000000008b700000| Untracked 
| 102|0x000000008b800000, 0x000000008b800000, 0x000000008b900000|  0%| F|  |TAMS 0x000000008b800000, 0x000000008b800000| Untracked 
| 103|0x000000008b900000, 0x000000008b900000, 0x000000008ba00000|  0%| F|  |TAMS 0x000000008b900000, 0x000000008b900000| Untracked 
| 104|0x000000008ba00000, 0x000000008ba00000, 0x000000008bb00000|  0%| F|  |TAMS 0x000000008ba00000, 0x000000008ba00000| Untracked 
| 105|0x000000008bb00000, 0x000000008bb00000, 0x000000008bc00000|  0%| F|  |TAMS 0x000000008bb00000, 0x000000008bb00000| Untracked 
| 106|0x000000008bc00000, 0x000000008bc00000, 0x000000008bd00000|  0%| F|  |TAMS 0x000000008bc00000, 0x000000008bc00000| Untracked 
| 107|0x000000008bd00000, 0x000000008bd00000, 0x000000008be00000|  0%| F|  |TAMS 0x000000008bd00000, 0x000000008bd00000| Untracked 
| 108|0x000000008be00000, 0x000000008be00000, 0x000000008bf00000|  0%| F|  |TAMS 0x000000008be00000, 0x000000008be00000| Untracked 
| 109|0x000000008bf00000, 0x000000008bf00000, 0x000000008c000000|  0%| F|  |TAMS 0x000000008bf00000, 0x000000008bf00000| Untracked 
| 110|0x000000008c000000, 0x000000008c000000, 0x000000008c100000|  0%| F|  |TAMS 0x000000008c000000, 0x000000008c000000| Untracked 
| 111|0x000000008c100000, 0x000000008c100000, 0x000000008c200000|  0%| F|  |TAMS 0x000000008c100000, 0x000000008c100000| Untracked 
| 112|0x000000008c200000, 0x000000008c200000, 0x000000008c300000|  0%| F|  |TAMS 0x000000008c200000, 0x000000008c200000| Untracked 
| 113|0x000000008c300000, 0x000000008c300000, 0x000000008c400000|  0%| F|  |TAMS 0x000000008c300000, 0x000000008c300000| Untracked 
| 114|0x000000008c400000, 0x000000008c400000, 0x000000008c500000|  0%| F|  |TAMS 0x000000008c400000, 0x000000008c400000| Untracked 
| 115|0x000000008c500000, 0x000000008c500000, 0x000000008c600000|  0%| F|  |TAMS 0x000000008c500000, 0x000000008c500000| Untracked 
| 116|0x000000008c600000, 0x000000008c600000, 0x000000008c700000|  0%| F|  |TAMS 0x000000008c600000, 0x000000008c600000| Untracked 
| 117|0x000000008c700000, 0x000000008c700000, 0x000000008c800000|  0%| F|  |TAMS 0x000000008c700000, 0x000000008c700000| Untracked 
| 118|0x000000008c800000, 0x000000008c8ed0d8, 0x000000008c900000| 92%| E|  |TAMS 0x000000008c800000, 0x000000008c800000| Complete 
| 119|0x000000008c900000, 0x000000008ca00000, 0x000000008ca00000|100%| E|CS|TAMS 0x000000008c900000, 0x000000008c900000| Complete 
| 120|0x000000008ca00000, 0x000000008cb00000, 0x000000008cb00000|100%| E|CS|TAMS 0x000000008ca00000, 0x000000008ca00000| Complete 
| 121|0x000000008cb00000, 0x000000008cc00000, 0x000000008cc00000|100%| E|CS|TAMS 0x000000008cb00000, 0x000000008cb00000| Complete 
| 122|0x000000008cc00000, 0x000000008cd00000, 0x000000008cd00000|100%| E|CS|TAMS 0x000000008cc00000, 0x000000008cc00000| Complete 
| 123|0x000000008cd00000, 0x000000008ce00000, 0x000000008ce00000|100%| E|CS|TAMS 0x000000008cd00000, 0x000000008cd00000| Complete 

Card table byte_map: [0x0000014474aa0000,0x0000014474e80000] _byte_map_base: 0x0000014474677000

Marking Bits (Prev, Next): (CMBitMap*) 0x000001445d4af500, (CMBitMap*) 0x000001445d4af540
 Prev Bits: [0x0000014475260000, 0x0000014477118000)
 Next Bits: [0x0000014477120000, 0x0000014478fd8000)

Polling page: 0x000001445cc00000

Metaspace:

Usage:
  Non-class:      1.18 MB used.
      Class:    101.77 KB used.
       Both:      1.28 MB used.

Virtual space:
  Non-class space:       64.00 MB reserved,       1.25 MB (  2%) committed,  1 nodes.
      Class space:        1.00 GB reserved,     192.00 KB ( <1%) committed,  1 nodes.
             Both:        1.06 GB reserved,       1.44 MB ( <1%) committed. 

Chunk freelists:
   Non-Class:  3.93 MB
       Class:  3.73 MB
        Both:  7.66 MB

MaxMetaspaceSize: unlimited
CompressedClassSpaceSize: 1.00 GB
Initial GC threshold: 21.00 MB
Current GC threshold: 21.00 MB
CDS: on
MetaspaceReclaimPolicy: balanced
 - commit_granule_bytes: 65536.
 - commit_granule_words: 8192.
 - virtual_space_node_default_size: 8388608.
 - enlarge_chunks_in_place: 1.
 - new_chunks_are_fully_committed: 0.
 - uncommit_free_chunks: 1.
 - use_allocation_guard: 0.


Internal statistics:

num_allocs_failed_limit: 0.
num_arena_births: 28.
num_arena_deaths: 0.
num_vsnodes_births: 2.
num_vsnodes_deaths: 0.
num_space_committed: 23.
num_space_uncommitted: 0.
num_chunks_returned_to_freelist: 0.
num_chunks_taken_from_freelist: 37.
num_chunk_merges: 0.
num_chunk_splits: 21.
num_chunks_enlarged: 12.
num_inconsistent_stats: 0.

CodeHeap 'non-profiled nmethods': size=120000Kb used=135Kb max_used=135Kb free=119864Kb
 bounds [0x000001446ce60000, 0x000001446d0d0000, 0x0000014474390000]
CodeHeap 'profiled nmethods': size=120000Kb used=512Kb max_used=512Kb free=119487Kb
 bounds [0x0000014465390000, 0x0000014465600000, 0x000001446c8c0000]
CodeHeap 'non-nmethods': size=5760Kb used=1247Kb max_used=1261Kb free=4512Kb
 bounds [0x000001446c8c0000, 0x000001446cb30000, 0x000001446ce60000]
 total_blobs=853 nmethods=414 adapters=350
 compilation: enabled
              stopped_count=0, restarted_count=0
 full_count=0

Compilation events (20 events):
Event: 1.081 Thread 0x000001447b3f74e0 nmethod 402 0x000001446ce7f690 code [0x000001446ce7f820, 0x000001446ce7f8d8]
Event: 1.081 Thread 0x000001447b3f74e0  403       1       java.time.zone.ZoneOffsetTransition::getOffsetAfter (5 bytes)
Event: 1.081 Thread 0x000001447b3f74e0 nmethod 403 0x000001446ce7f990 code [0x000001446ce7fb20, 0x000001446ce7fbd8]
Event: 1.081 Thread 0x000001447b3f74e0  404       1       java.time.zone.ZoneOffsetTransition::getOffsetBefore (5 bytes)
Event: 1.081 Thread 0x000001447b3f74e0 nmethod 404 0x000001446ce7fc90 code [0x000001446ce7fe20, 0x000001446ce7fed8]
Event: 1.082 Thread 0x000001447b3eb170 nmethod 378 0x000001446ce7ff90 code [0x000001446ce80100, 0x000001446ce80238]
Event: 1.082 Thread 0x000001447b3eb170  405       4       java.util.HashMap::put (13 bytes)
Event: 1.083 Thread 0x000001447b3f74e0  407       3       java.lang.invoke.MemberName::getReferenceKind (12 bytes)
Event: 1.083 Thread 0x000001447b3f74e0 nmethod 407 0x0000014465404990 code [0x0000014465404b20, 0x0000014465404c38]
Event: 1.083 Thread 0x000001447feebe10 nmethod 371 0x000001446ce80690 code [0x000001446ce80840, 0x000001446ce80c18]
Event: 1.083 Thread 0x000001447feebe10  372       4       java.util.concurrent.locks.ReentrantLock$NonfairSync::initialTryLock (58 bytes)
Event: 1.084 Thread 0x000001447b3f74e0  408       3       java.util.Arrays::copyOf (40 bytes)
Event: 1.084 Thread 0x000001447feebe10 nmethod 372 0x000001446ce81310 code [0x000001446ce814a0, 0x000001446ce81618]
Event: 1.084 Thread 0x000001447feebe10  373       4       java.util.concurrent.locks.ReentrantLock$Sync::tryRelease (51 bytes)
Event: 1.084 Thread 0x000001447b3f74e0 nmethod 408 0x0000014465404d10 code [0x0000014465404f20, 0x0000014465405608]
Event: 1.084 Thread 0x000001447b3f74e0  410       3       java.lang.invoke.MemberName::isConstructor (8 bytes)
Event: 1.085 Thread 0x000001447b3f74e0 nmethod 410 0x0000014465405810 code [0x00000144654059c0, 0x0000014465405bf8]
Event: 1.086 Thread 0x000001447b3f74e0  411       3       jdk.internal.org.objectweb.asm.Frame::execute (2305 bytes)
Event: 1.086 Thread 0x000001447feebe10 nmethod 373 0x000001446ce81690 code [0x000001446ce81820, 0x000001446ce81958]
Event: 1.088 Thread 0x000001447feebe10  416       4       java.lang.String::coder (15 bytes)

GC Heap History (0 events):
No events

Dll operation events (10 events):
Event: 0.012 Loaded shared library C:\Users\Clara\.jdks\openjdk-19.0.1\bin\java.dll
Event: 0.023 Loaded shared library C:\Users\Clara\.jdks\openjdk-19.0.1\bin\jsvml.dll
Event: 0.101 Loaded shared library C:\Users\Clara\.jdks\openjdk-19.0.1\bin\zip.dll
Event: 0.103 Loaded shared library C:\Users\Clara\.jdks\openjdk-19.0.1\bin\instrument.dll
Event: 0.110 Loaded shared library C:\Users\Clara\.jdks\openjdk-19.0.1\bin\net.dll
Event: 0.112 Loaded shared library C:\Users\Clara\.jdks\openjdk-19.0.1\bin\nio.dll
Event: 0.114 Loaded shared library C:\Users\Clara\.jdks\openjdk-19.0.1\bin\zip.dll
Event: 0.137 Loaded shared library C:\Program Files\JetBrains\IntelliJ IDEA 2022.3.3\bin\breakgen64.dll
Event: 0.147 Loaded shared library C:\Users\Clara\.jdks\openjdk-19.0.1\bin\extnet.dll
Event: 0.153 Loaded shared library C:\Users\Clara\.jdks\openjdk-19.0.1\bin\jimage.dll

Deoptimization events (20 events):
Event: 0.139 Thread 0x000001445d451ee0 Uncommon trap: trap_request=0xffffff45 fr.pc=0x000001446ce6e844 relative=0x00000000000000a4
Event: 0.139 Thread 0x000001445d451ee0 Uncommon trap: reason=unstable_if action=reinterpret pc=0x000001446ce6e844 method=java.lang.String.isLatin1()Z @ 10 c2
Event: 0.139 Thread 0x000001445d451ee0 DEOPT PACKING pc=0x000001446ce6e844 sp=0x00000034b39ff2f0
Event: 0.139 Thread 0x000001445d451ee0 DEOPT UNPACKING pc=0x000001446c92a5a3 sp=0x00000034b39ff230 mode 2
Event: 0.172 Thread 0x000001445d451ee0 Uncommon trap: trap_request=0xffffff45 fr.pc=0x000001446ce79844 relative=0x00000000000005c4
Event: 0.172 Thread 0x000001445d451ee0 Uncommon trap: reason=unstable_if action=reinterpret pc=0x000001446ce79844 method=java.util.regex.Matcher.search(I)Z @ 30 c2
Event: 0.172 Thread 0x000001445d451ee0 DEOPT PACKING pc=0x000001446ce79844 sp=0x00000034b39ff5b0
Event: 0.172 Thread 0x000001445d451ee0 DEOPT UNPACKING pc=0x000001446c92a5a3 sp=0x00000034b39ff5a0 mode 2
Event: 1.066 Thread 0x000001447b3e4fc0 Uncommon trap: trap_request=0xffffff45 fr.pc=0x000001446ce78070 relative=0x0000000000000130
Event: 1.066 Thread 0x000001447b3e4fc0 Uncommon trap: reason=unstable_if action=reinterpret pc=0x000001446ce78070 method=java.util.regex.Pattern$BmpCharPropertyGreedy.match(Ljava/util/regex/Matcher;ILjava/lang/CharSequence;)Z @ 12 c2
Event: 1.066 Thread 0x000001447b3e4fc0 DEOPT PACKING pc=0x000001446ce78070 sp=0x00000034b43fe4e0
Event: 1.066 Thread 0x000001447b3e4fc0 DEOPT UNPACKING pc=0x000001446c92a5a3 sp=0x00000034b43fe478 mode 2
Event: 1.086 Thread 0x000001447b3e4fc0 Uncommon trap: trap_request=0xffffff45 fr.pc=0x000001446ce815d8 relative=0x0000000000000138
Event: 1.086 Thread 0x000001447b3e4fc0 Uncommon trap: reason=unstable_if action=reinterpret pc=0x000001446ce815d8 method=java.util.concurrent.locks.ReentrantLock$NonfairSync.initialTryLock()Z @ 10 c2
Event: 1.086 Thread 0x000001447b3e4fc0 DEOPT PACKING pc=0x000001446ce815d8 sp=0x00000034b43fee90
Event: 1.086 Thread 0x000001447b3e4fc0 DEOPT UNPACKING pc=0x000001446c92a5a3 sp=0x00000034b43fee38 mode 2
Event: 1.086 Thread 0x000001447b3e4fc0 Uncommon trap: trap_request=0xffffff45 fr.pc=0x000001446ce818dc relative=0x00000000000000bc
Event: 1.086 Thread 0x000001447b3e4fc0 Uncommon trap: reason=unstable_if action=reinterpret pc=0x000001446ce818dc method=java.util.concurrent.locks.ReentrantLock$Sync.tryRelease(I)Z @ 26 c2
Event: 1.086 Thread 0x000001447b3e4fc0 DEOPT PACKING pc=0x000001446ce818dc sp=0x00000034b43fee90
Event: 1.086 Thread 0x000001447b3e4fc0 DEOPT UNPACKING pc=0x000001446c92a5a3 sp=0x00000034b43fee30 mode 2

Classes loaded (20 events):
Event: 1.068 Loading class java/time/zone/TzdbZoneRulesProvider
Event: 1.068 Loading class java/time/zone/TzdbZoneRulesProvider done
Event: 1.073 Loading class java/time/zone/Ser
Event: 1.073 Loading class java/io/Externalizable
Event: 1.073 Loading class java/io/Externalizable done
Event: 1.073 Loading class java/time/zone/Ser done
Event: 1.073 Loading class java/time/Month
Event: 1.074 Loading class java/time/Month done
Event: 1.074 Loading class java/time/DayOfWeek
Event: 1.074 Loading class java/time/DayOfWeek done
Event: 1.075 Loading class java/time/zone/ZoneOffsetTransitionRule$TimeDefinition
Event: 1.075 Loading class java/time/zone/ZoneOffsetTransitionRule$TimeDefinition done
Event: 1.077 Loading class java/time/zone/ZoneOffsetTransition
Event: 1.077 Loading class java/time/zone/ZoneOffsetTransition done
Event: 1.079 Loading class sun/util/cldr/CLDRBaseLocaleDataMetaInfo$TZCanonicalIDMapHolder
Event: 1.080 Loading class sun/util/cldr/CLDRBaseLocaleDataMetaInfo$TZCanonicalIDMapHolder done
Event: 1.082 Loading class sun/util/resources/TimeZoneNames
Event: 1.082 Loading class sun/util/resources/TimeZoneNames done
Event: 1.083 Loading class sun/util/resources/TimeZoneNames_en
Event: 1.083 Loading class sun/util/resources/TimeZoneNames_en done

Classes unloaded (0 events):
No events

Classes redefined (0 events):
No events

Internal exceptions (4 events):
Event: 0.129 Thread 0x000001445d451ee0 Exception <a 'java/lang/NoSuchMethodError'{0x000000008ca0ba30}: 'void java.lang.invoke.DirectMethodHandle$Holder.invokeStatic(java.lang.Object, java.lang.Object, java.lang.Object)'> (0x000000008ca0ba30) 
thrown [s\open\src\hotspot\share\interpreter\linkResolver.cpp, line 774]
Event: 0.134 Thread 0x000001445d451ee0 Exception <a 'java/lang/NoSuchMethodError'{0x000000008ca24028}: 'java.lang.Object java.lang.invoke.Invokers$Holder.invokeExact_MT(java.lang.Object, java.lang.Object, java.lang.Object, java.lang.Object, java.lang.Object)'> (0x000000008ca24028) 
thrown [s\open\src\hotspot\share\interpreter\linkResolver.cpp, line 774]
Event: 0.148 Thread 0x000001447fe19e40 Exception <a 'java/lang/NoSuchMethodError'{0x000000008ca7efd8}: 'void java.lang.invoke.DirectMethodHandle$Holder.invokeStatic(java.lang.Object, java.lang.Object)'> (0x000000008ca7efd8) 
thrown [s\open\src\hotspot\share\interpreter\linkResolver.cpp, line 774]
Event: 1.084 Thread 0x000001447b3e4fc0 Exception <a 'java/lang/NoSuchMethodError'{0x000000008c85ca40}: 'java.lang.Object java.lang.invoke.Invokers$Holder.invokeExact_MT(java.lang.Object, java.lang.Object, java.lang.Object, java.lang.Object, java.lang.Object, java.lang.Object)'> (0x000000008c85ca40) 
thrown [s\open\src\hotspot\share\interpreter\linkResolver.cpp, line 774]

VM Operations (4 events):
Event: 0.090 Executing VM operation: HandshakeAllThreads
Event: 0.090 Executing VM operation: HandshakeAllThreads done
Event: 0.141 Executing VM operation: HandshakeAllThreads
Event: 0.141 Executing VM operation: HandshakeAllThreads done

Events (14 events):
Event: 0.024 Thread 0x000001445d451ee0 Thread added: 0x000001445d451ee0
Event: 0.041 Thread 0x000001447b3dc580 Thread added: 0x000001447b3dc580
Event: 0.041 Thread 0x000001447b3df4d0 Thread added: 0x000001447b3df4d0
Event: 0.041 Thread 0x000001447b3e4190 Thread added: 0x000001447b3e4190
Event: 0.042 Thread 0x000001447b3e4fc0 Thread added: 0x000001447b3e4fc0
Event: 0.042 Thread 0x000001447b3e59e0 Thread added: 0x000001447b3e59e0
Event: 0.042 Thread 0x000001447b3e8410 Thread added: 0x000001447b3e8410
Event: 0.042 Thread 0x000001447b3eb170 Thread added: 0x000001447b3eb170
Event: 0.042 Thread 0x000001447b3f74e0 Thread added: 0x000001447b3f74e0
Event: 0.042 Thread 0x000001447b3f8e60 Thread added: 0x000001447b3f8e60
Event: 0.077 Thread 0x000001447fcb60c0 Thread added: 0x000001447fcb60c0
Event: 0.138 Thread 0x000001447fe19e40 Thread added: 0x000001447fe19e40
Event: 0.138 Thread 0x000001447fe1a380 Thread added: 0x000001447fe1a380
Event: 1.069 Thread 0x000001447feebe10 Thread added: 0x000001447feebe10


Dynamic libraries:
0x00007ff6150f0000 - 0x00007ff6150fe000 	C:\Users\Clara\.jdks\openjdk-19.0.1\bin\java.exe
0x00007ffa09ad0000 - 0x00007ffa09ce4000 	C:\WINDOWS\SYSTEM32\ntdll.dll
0x00007ffa08690000 - 0x00007ffa08752000 	C:\WINDOWS\System32\KERNEL32.DLL
0x00007ffa07230000 - 0x00007ffa075d3000 	C:\WINDOWS\System32\KERNELBASE.dll
0x00007ffa006b0000 - 0x00007ffa00747000 	C:\WINDOWS\SYSTEM32\apphelp.dll
0x00007ffa06ed0000 - 0x00007ffa06fe1000 	C:\WINDOWS\System32\ucrtbase.dll
0x00007ff9e9900000 - 0x00007ff9e9917000 	C:\Users\Clara\.jdks\openjdk-19.0.1\bin\jli.dll
0x00007ff9e9520000 - 0x00007ff9e953b000 	C:\Users\Clara\.jdks\openjdk-19.0.1\bin\VCRUNTIME140.dll
0x00007ffa087a0000 - 0x00007ffa0894b000 	C:\WINDOWS\System32\USER32.dll
0x00007ff9f4b20000 - 0x00007ff9f4dae000 	C:\WINDOWS\WinSxS\amd64_microsoft.windows.common-controls_6595b64144ccf1df_6.0.22621.1635_none_270f70857386168e\COMCTL32.dll
0x00007ffa07110000 - 0x00007ffa07136000 	C:\WINDOWS\System32\win32u.dll
0x00007ffa08c90000 - 0x00007ffa08cb9000 	C:\WINDOWS\System32\GDI32.dll
0x00007ffa08a00000 - 0x00007ffa08aa7000 	C:\WINDOWS\System32\msvcrt.dll
0x00007ffa06ff0000 - 0x00007ffa07109000 	C:\WINDOWS\System32\gdi32full.dll
0x00007ffa075e0000 - 0x00007ffa0767a000 	C:\WINDOWS\System32\msvcp_win.dll
0x00007ffa08760000 - 0x00007ffa08791000 	C:\WINDOWS\System32\IMM32.DLL
0x00007ff9fa4f0000 - 0x00007ff9fa4fc000 	C:\Users\Clara\.jdks\openjdk-19.0.1\bin\vcruntime140_1.dll
0x00007ff9ced60000 - 0x00007ff9cedee000 	C:\Users\Clara\.jdks\openjdk-19.0.1\bin\msvcp140.dll
0x00007ff9bed90000 - 0x00007ff9bfa50000 	C:\Users\Clara\.jdks\openjdk-19.0.1\bin\server\jvm.dll
0x00007ffa08440000 - 0x00007ffa084ee000 	C:\WINDOWS\System32\ADVAPI32.dll
0x00007ffa07900000 - 0x00007ffa079a4000 	C:\WINDOWS\System32\sechost.dll
0x00007ffa09890000 - 0x00007ffa099a7000 	C:\WINDOWS\System32\RPCRT4.dll
0x00007ff9c8b60000 - 0x00007ff9c8b69000 	C:\WINDOWS\SYSTEM32\WSOCK32.dll
0x00007ff9fa3a0000 - 0x00007ff9fa3d4000 	C:\WINDOWS\SYSTEM32\WINMM.dll
0x00007ff9f48b0000 - 0x00007ff9f48ba000 	C:\WINDOWS\SYSTEM32\VERSION.dll
0x00007ffa082d0000 - 0x00007ffa08341000 	C:\WINDOWS\System32\WS2_32.dll
0x00007ffa05f00000 - 0x00007ffa05f18000 	C:\WINDOWS\SYSTEM32\kernel.appcore.dll
0x00007ff9ef0d0000 - 0x00007ff9ef0da000 	C:\Users\Clara\.jdks\openjdk-19.0.1\bin\jimage.dll
0x00007ffa04930000 - 0x00007ffa04b5e000 	C:\WINDOWS\SYSTEM32\DBGHELP.DLL
0x00007ffa09080000 - 0x00007ffa09409000 	C:\WINDOWS\System32\combase.dll
0x00007ffa099b0000 - 0x00007ffa09a87000 	C:\WINDOWS\System32\OLEAUT32.dll
0x00007ff9f3860000 - 0x00007ff9f3892000 	C:\WINDOWS\SYSTEM32\dbgcore.DLL
0x00007ffa071b0000 - 0x00007ffa0722b000 	C:\WINDOWS\System32\bcryptPrimitives.dll
0x00007ff9fb3a0000 - 0x00007ff9fb3ae000 	C:\Users\Clara\.jdks\openjdk-19.0.1\bin\instrument.dll
0x00007ff9e7330000 - 0x00007ff9e7356000 	C:\Users\Clara\.jdks\openjdk-19.0.1\bin\java.dll
0x00007ff9c2c50000 - 0x00007ff9c2d27000 	C:\Users\Clara\.jdks\openjdk-19.0.1\bin\jsvml.dll
0x00007ffa079b0000 - 0x00007ffa081aa000 	C:\WINDOWS\System32\SHELL32.dll
0x00007ffa04e80000 - 0x00007ffa0574e000 	C:\WINDOWS\SYSTEM32\windows.storage.dll
0x00007ffa04d40000 - 0x00007ffa04e7e000 	C:\WINDOWS\SYSTEM32\wintypes.dll
0x00007ffa08580000 - 0x00007ffa08671000 	C:\WINDOWS\System32\SHCORE.dll
0x00007ffa08e60000 - 0x00007ffa08ebe000 	C:\WINDOWS\System32\shlwapi.dll
0x00007ffa06e00000 - 0x00007ffa06e21000 	C:\WINDOWS\SYSTEM32\profapi.dll
0x00007ff9dcc30000 - 0x00007ff9dcc48000 	C:\Users\Clara\.jdks\openjdk-19.0.1\bin\zip.dll
0x00007ff9e35e0000 - 0x00007ff9e35f3000 	C:\Users\Clara\.jdks\openjdk-19.0.1\bin\net.dll
0x00007ff9fc400000 - 0x00007ff9fc537000 	C:\WINDOWS\SYSTEM32\WINHTTP.dll
0x00007ffa06390000 - 0x00007ffa063f9000 	C:\WINDOWS\system32\mswsock.dll
0x00007ff9dcdd0000 - 0x00007ff9dcde6000 	C:\Users\Clara\.jdks\openjdk-19.0.1\bin\nio.dll
0x00007ff9fb380000 - 0x00007ff9fb39a000 	C:\Program Files\JetBrains\IntelliJ IDEA 2022.3.3\bin\breakgen64.dll
0x00007ff9eadf0000 - 0x00007ff9eadf8000 	C:\Users\Clara\.jdks\openjdk-19.0.1\bin\extnet.dll

dbghelp: loaded successfully - version: 4.0.5 - missing functions: none
symbol engine: initialized successfully - sym options: 0x614 - pdb path: .;C:\Users\Clara\.jdks\openjdk-19.0.1\bin;C:\WINDOWS\SYSTEM32;C:\WINDOWS\WinSxS\amd64_microsoft.windows.common-controls_6595b64144ccf1df_6.0.22621.1635_none_270f70857386168e;C:\Users\Clara\.jdks\openjdk-19.0.1\bin\server;C:\Program Files\JetBrains\IntelliJ IDEA 2022.3.3\bin

VM Arguments:
jvm_args: -javaagent:C:\Program Files\JetBrains\IntelliJ IDEA 2022.3.3\lib\idea_rt.jar=51011:C:\Program Files\JetBrains\IntelliJ IDEA 2022.3.3\bin -Dfile.encoding=UTF-8 -Dsun.stdout.encoding=UTF-8 -Dsun.stderr.encoding=UTF-8 
java_command: AppMain.Main
java_class_path (initial): C:\Program Files\ing-sw-2023-spineto-solbiati-spezzi-romano\target\classes;C:\Users\Clara\.m2\repository\org\openjfx\javafx-base\20.0.1\javafx-base-20.0.1.jar;C:\Users\Clara\.m2\repository\org\openjfx\javafx-base\20.0.1\javafx-base-20.0.1-win.jar;C:\Users\Clara\.m2\repository\org\openjfx\javafx-controls\20.0.1\javafx-controls-20.0.1.jar;C:\Users\Clara\.m2\repository\org\openjfx\javafx-controls\20.0.1\javafx-controls-20.0.1-win.jar;C:\Users\Clara\.m2\repository\org\openjfx\javafx-fxml\20.0.1\javafx-fxml-20.0.1.jar;C:\Users\Clara\.m2\repository\org\openjfx\javafx-fxml\20.0.1\javafx-fxml-20.0.1-win.jar;C:\Users\Clara\.m2\repository\org\openjfx\javafx-swing\20.0.1\javafx-swing-20.0.1.jar;C:\Users\Clara\.m2\repository\org\openjfx\javafx-swing\20.0.1\javafx-swing-20.0.1-win.jar;C:\Users\Clara\.m2\repository\org\openjfx\javafx-graphics\20.0.1\javafx-graphics-20.0.1.jar;C:\Users\Clara\.m2\repository\org\openjfx\javafx-graphics\20.0.1\javafx-graphics-20.0.1-win.jar;C:\Users\Clara\.m2\repository\org\openjfx\javafx-media\20.0.1\javafx-media-20.0.1.jar;C:\Users\Clara\.m2\repository\org\openjfx\javafx-media\20.0.1\javafx-media-20.0.1-win.jar;C:\Users\Clara\.m2\repository\org\openjfx\javafx-web\20.0.1\javafx-web-20.0.1.jar;C:\Users\Clara\.m2\repository\org\openjfx\javafx-web\20.0.1\javafx-web-20.0.1-win.jar
Launcher Type: SUN_STANDARD

[Global flags]
     intx CICompilerCount                          = 4                                         {product} {ergonomic}
     uint ConcGCThreads                            = 2                                         {product} {ergonomic}
     uint G1ConcRefinementThreads                  = 8                                         {product} {ergonomic}
   size_t G1HeapRegionSize                         = 1048576                                   {product} {ergonomic}
    uintx GCDrainStackTargetSize                   = 64                                        {product} {ergonomic}
   size_t InitialHeapSize                          = 130023424                                 {product} {ergonomic}
   size_t MarkStackSize                            = 4194304                                   {product} {ergonomic}
   size_t MaxHeapSize                              = 2061500416                                {product} {ergonomic}
   size_t MaxNewSize                               = 1236271104                                {product} {ergonomic}
   size_t MinHeapDeltaBytes                        = 1048576                                   {product} {ergonomic}
   size_t MinHeapSize                              = 8388608                                   {product} {ergonomic}
    uintx NonNMethodCodeHeapSize                   = 5839372                                {pd product} {ergonomic}
    uintx NonProfiledCodeHeapSize                  = 122909434                              {pd product} {ergonomic}
    uintx ProfiledCodeHeapSize                     = 122909434                              {pd product} {ergonomic}
    uintx ReservedCodeCacheSize                    = 251658240                              {pd product} {ergonomic}
     bool SegmentedCodeCache                       = true                                      {product} {ergonomic}
   size_t SoftMaxHeapSize                          = 2061500416                             {manageable} {ergonomic}
     bool UseCompressedClassPointers               = true                           {product lp64_product} {ergonomic}
     bool UseCompressedOops                        = true                           {product lp64_product} {ergonomic}
     bool UseG1GC                                  = true                                      {product} {ergonomic}
     bool UseLargePagesIndividualAllocation        = false                                  {pd product} {ergonomic}

Logging:
Log output configuration:
 #0: stdout all=warning uptime,level,tags foldmultilines=false
 #1: stderr all=off uptime,level,tags foldmultilines=false

Environment Variables:
JAVA_HOME=C:\Program Files\Java\jdk-19.0.2
CLASSPATH=.;C:\Program Files\Java\jdk-19.0.2\lib
PATH=C:\Program Files\Common Files\Oracle\Java\javapath;C:\WINDOWS\system32;C:\WINDOWS;C:\WINDOWS\System32\Wbem;C:\WINDOWS\System32\WindowsPowerShell\v1.0\;C:\WINDOWS\System32\OpenSSH\;C:\MinGW\bin;C:\Program Files\MATLAB\R2021b\bin;C:\Program Files\Git\cmd;C:\Program Files\Java\jdk-19.0.2\bin;C:\Program Files\JetBrains\IntelliJ IDEA 2022.3.3\bin
USERNAME=Clara
OS=Windows_NT
PROCESSOR_IDENTIFIER=Intel64 Family 6 Model 126 Stepping 5, GenuineIntel
TMP=C:\Users\Clara\AppData\Local\Temp
TEMP=C:\Users\Clara\AppData\Local\Temp



---------------  S Y S T E M  ---------------

OS:
 Windows 11 , 64 bit Build 22621 (10.0.22621.1778)
OS uptime: 0 days 2:27 hours
Hyper-V role detected

CPU: total 8 (initial active 8) (4 cores per cpu, 2 threads per core) family 6 model 126 stepping 5 microcode 0x86, cx8, cmov, fxsr, ht, mmx, 3dnowpref, sse, sse2, sse3, ssse3, sse4.1, sse4.2, popcnt, lzcnt, tsc, tscinvbit, avx, avx2, aes, erms, clmul, bmi1, bmi2, adx, avx512f, avx512dq, avx512cd, avx512bw, avx512vl, sha, fma, vzeroupper, avx512_vpopcntdq, avx512_vpclmulqdq, avx512_vaes, avx512_vnni, clflush, clflushopt, avx512_vbmi2, avx512_vbmi, hv, rdtscp, rdpid, fsrm, gfni, avx512_bitalg

Memory: 4k page, system-wide physical 7857M (1660M free)
TotalPageFile size 7857M (AvailPageFile size 3M)
current process WorkingSet (physical memory assigned to process): 44M, peak: 44M
current process commit charge ("private bytes"): 212M, peak: 212M

vm_info: OpenJDK 64-Bit Server VM (19.0.1+10-21) for windows-amd64 JRE (19.0.1+10-21), built on 2022-09-14T12:45:06Z by "mach5one" with MS VC++ 17.1 (VS2022)

END.
