#
# There is insufficient memory for the Java Runtime Environment to continue.
# Native memory allocation (mmap) failed to map 130023424 bytes for G1 virtual space
# Possible reasons:
#   The system is out of physical RAM or swap space
#   The process is running with CompressedOops enabled, and the Java Heap may be blocking the growth of the native heap
# Possible solutions:
#   Reduce memory load on the system
#   Increase physical memory or swap space
#   Check if swap backing store is full
#   Decrease Java heap size (-Xmx/-Xms)
#   Decrease number of Java threads
#   Decrease Java thread stack sizes (-Xss)
#   Set larger code cache with -XX:ReservedCodeCacheSize=
#   JVM is running with Unscaled Compressed Oops mode in which the Java heap is
#     placed in the first 4GB address space. The Java Heap base address is the
#     maximum limit for the native heap growth. Please use -XX:HeapBaseMinAddress
#     to set the Java Heap base and to place the Java Heap above 4GB virtual address.
# This output file may be truncated or incomplete.
#
#  Out of Memory Error (os_windows.cpp:3771), pid=6344, tid=12184
#
# JRE version:  (17.0.7+10) (build )
# Java VM: OpenJDK 64-Bit Server VM (17.0.7+10-b829.16, mixed mode, sharing, tiered, compressed oops, compressed class ptrs, g1 gc, windows-amd64)
# No core dump will be written. Minidumps are not enabled by default on client versions of Windows
#

---------------  S U M M A R Y ------------

Command Line: git4idea.http.GitAskPassApp Username for 'https://github.com': 

Host: Intel(R) Core(TM) i5-1035G1 CPU @ 1.00GHz, 8 cores, 7G,  Windows 11 , 64 bit Build 22621 (10.0.22621.1778)
Time: Tue Jun 27 17:42:38 2023 ora legale Europa occidentale elapsed time: 0.018515 seconds (0d 0h 0m 0s)

---------------  T H R E A D  ---------------

Current thread (0x00000250b448c460):  JavaThread "Unknown thread" [_thread_in_vm, id=12184, stack(0x000000adacc00000,0x000000adacd00000)]

Stack: [0x000000adacc00000,0x000000adacd00000]
Native frames: (J=compiled Java code, j=interpreted, Vv=VM code, C=native code)
V  [jvm.dll+0x683cca]
V  [jvm.dll+0x8424b4]
V  [jvm.dll+0x843cae]
V  [jvm.dll+0x844313]
V  [jvm.dll+0x24ad2f]
V  [jvm.dll+0x680b99]
V  [jvm.dll+0x67526a]
V  [jvm.dll+0x30b3cb]
V  [jvm.dll+0x312876]
V  [jvm.dll+0x36221e]
V  [jvm.dll+0x36244f]
V  [jvm.dll+0x2e14a8]
V  [jvm.dll+0x2e2414]
V  [jvm.dll+0x814441]
V  [jvm.dll+0x36ffe1]
V  [jvm.dll+0x7f3a1c]
V  [jvm.dll+0x3f305f]
V  [jvm.dll+0x3f4b91]
C  [jli.dll+0x528f]
C  [ucrtbase.dll+0x29363]
C  [KERNEL32.DLL+0x126ad]
C  [ntdll.dll+0x5a9f8]


---------------  P R O C E S S  ---------------

Threads class SMR info:
_java_thread_list=0x00007ff99852b098, length=0, elements={
}

Java Threads: ( => current thread )

Other Threads:
  0x00000250b44e71b0 GCTaskThread "GC Thread#0" [stack: 0x000000adacd00000,0x000000adace00000] [id=7560]
  0x00000250b44f7810 ConcurrentGCThread "G1 Main Marker" [stack: 0x000000adace00000,0x000000adacf00000] [id=9984]
  0x00000250b44f8230 ConcurrentGCThread "G1 Conc#0" [stack: 0x000000adacf00000,0x000000adad000000] [id=6160]

[error occurred during error reporting (printing all threads), id 0xc0000005, EXCEPTION_ACCESS_VIOLATION (0xc0000005) at pc=0x00007ff997ce2087]

VM state: not at safepoint (not fully initialized)

VM Mutex/Monitor currently owned by a thread:  ([mutex/lock_event])
[0x00000250b4485cd0] Heap_lock - owner thread: 0x00000250b448c460

Heap address: 0x0000000085200000, size: 1966 MB, Compressed Oops mode: 32-bit

CDS archive(s) mapped at: [0x0000000000000000-0x0000000000000000-0x0000000000000000), size 0, SharedBaseAddress: 0x0000000800000000, ArchiveRelocationMode: 0.
Narrow klass base: 0x0000000000000000, Narrow klass shift: 0, Narrow klass range: 0x0

GC Precious Log:
<Empty>

Heap:
 garbage-first heap   total 0K, used 0K [0x0000000085200000, 0x0000000100000000)
  region size 1024K, 0 young (0K), 0 survivors (0K)

[error occurred during error reporting (printing heap information), id 0xc0000005, EXCEPTION_ACCESS_VIOLATION (0xc0000005) at pc=0x00007ff9980cdf59]

GC Heap History (0 events):
No events

Dll operation events (1 events):
Event: 0.013 Loaded shared library C:\Program Files\JetBrains\IntelliJ IDEA 2022.3.3\jbr\bin\java.dll

Deoptimization events (0 events):
No events

Classes unloaded (0 events):
No events

Classes redefined (0 events):
No events

Internal exceptions (0 events):
No events

VM Operations (0 events):
No events

Events (0 events):
No events


Dynamic libraries:
0x00007ff6d8100000 - 0x00007ff6d810a000 	C:\Program Files\JetBrains\IntelliJ IDEA 2022.3.3\jbr\bin\java.exe
0x00007ff9de4d0000 - 0x00007ff9de6e4000 	C:\WINDOWS\SYSTEM32\ntdll.dll
0x00007ff9dc2f0000 - 0x00007ff9dc3b2000 	C:\WINDOWS\System32\KERNEL32.DLL
0x00007ff9dbe60000 - 0x00007ff9dc203000 	C:\WINDOWS\System32\KERNELBASE.dll
0x00007ff9dba10000 - 0x00007ff9dbb21000 	C:\WINDOWS\System32\ucrtbase.dll
0x00007ff9c8c70000 - 0x00007ff9c8c87000 	C:\Program Files\JetBrains\IntelliJ IDEA 2022.3.3\jbr\bin\jli.dll
0x00007ff9c82a0000 - 0x00007ff9c82bb000 	C:\Program Files\JetBrains\IntelliJ IDEA 2022.3.3\jbr\bin\VCRUNTIME140.dll
0x00007ff9de120000 - 0x00007ff9de2cb000 	C:\WINDOWS\System32\USER32.dll
0x00007ff9cd2f0000 - 0x00007ff9cd57e000 	C:\WINDOWS\WinSxS\amd64_microsoft.windows.common-controls_6595b64144ccf1df_6.0.22621.1635_none_270f70857386168e\COMCTL32.dll
0x00007ff9dbc50000 - 0x00007ff9dbc76000 	C:\WINDOWS\System32\win32u.dll
0x00007ff9dd540000 - 0x00007ff9dd5e7000 	C:\WINDOWS\System32\msvcrt.dll
0x00007ff9de0f0000 - 0x00007ff9de119000 	C:\WINDOWS\System32\GDI32.dll
0x00007ff9dbb30000 - 0x00007ff9dbc49000 	C:\WINDOWS\System32\gdi32full.dll
0x00007ff9dc210000 - 0x00007ff9dc2aa000 	C:\WINDOWS\System32\msvcp_win.dll
0x00007ff9dc2b0000 - 0x00007ff9dc2e1000 	C:\WINDOWS\System32\IMM32.DLL
0x00007ff9c8290000 - 0x00007ff9c829c000 	C:\Program Files\JetBrains\IntelliJ IDEA 2022.3.3\jbr\bin\vcruntime140_1.dll
0x00007ff9be3e0000 - 0x00007ff9be46d000 	C:\Program Files\JetBrains\IntelliJ IDEA 2022.3.3\jbr\bin\msvcp140.dll
0x00007ff9979f0000 - 0x00007ff99865e000 	C:\Program Files\JetBrains\IntelliJ IDEA 2022.3.3\jbr\bin\server\jvm.dll
0x00007ff9dcaa0000 - 0x00007ff9dcb4e000 	C:\WINDOWS\System32\ADVAPI32.dll
0x00007ff9dcd50000 - 0x00007ff9dcdf4000 	C:\WINDOWS\System32\sechost.dll
0x00007ff9dce00000 - 0x00007ff9dcf17000 	C:\WINDOWS\System32\RPCRT4.dll
0x00007ff9d4f70000 - 0x00007ff9d4f79000 	C:\WINDOWS\SYSTEM32\WSOCK32.dll
0x00007ff9cfa00000 - 0x00007ff9cfa34000 	C:\WINDOWS\SYSTEM32\WINMM.dll
0x00007ff9cf690000 - 0x00007ff9cf69a000 	C:\WINDOWS\SYSTEM32\VERSION.dll
0x00007ff9dd3b0000 - 0x00007ff9dd421000 	C:\WINDOWS\System32\WS2_32.dll
0x00007ff9da8f0000 - 0x00007ff9da908000 	C:\WINDOWS\SYSTEM32\kernel.appcore.dll
0x00007ff9d5040000 - 0x00007ff9d504a000 	C:\Program Files\JetBrains\IntelliJ IDEA 2022.3.3\jbr\bin\jimage.dll
0x00007ff9d9310000 - 0x00007ff9d953e000 	C:\WINDOWS\SYSTEM32\DBGHELP.DLL
0x00007ff9dd020000 - 0x00007ff9dd3a9000 	C:\WINDOWS\System32\combase.dll
0x00007ff9dc9c0000 - 0x00007ff9dca97000 	C:\WINDOWS\System32\OLEAUT32.dll
0x00007ff9c8f20000 - 0x00007ff9c8f52000 	C:\WINDOWS\SYSTEM32\dbgcore.DLL
0x00007ff9db990000 - 0x00007ff9dba0b000 	C:\WINDOWS\System32\bcryptPrimitives.dll
0x00007ff9d1220000 - 0x00007ff9d1245000 	C:\Program Files\JetBrains\IntelliJ IDEA 2022.3.3\jbr\bin\java.dll

dbghelp: loaded successfully - version: 4.0.5 - missing functions: none
symbol engine: initialized successfully - sym options: 0x614 - pdb path: .;C:\Program Files\JetBrains\IntelliJ IDEA 2022.3.3\jbr\bin;C:\WINDOWS\SYSTEM32;C:\WINDOWS\WinSxS\amd64_microsoft.windows.common-controls_6595b64144ccf1df_6.0.22621.1635_none_270f70857386168e;C:\Program Files\JetBrains\IntelliJ IDEA 2022.3.3\jbr\bin\server

VM Arguments:
java_command: git4idea.http.GitAskPassApp Username for 'https://github.com': 
java_class_path (initial): C:/Program Files/JetBrains/IntelliJ IDEA 2022.3.3/plugins/vcs-git/lib/git4idea-rt.jar;C:/Program Files/JetBrains/IntelliJ IDEA 2022.3.3/lib/externalProcess-rt.jar
Launcher Type: SUN_STANDARD

[Global flags]
     intx CICompilerCount                          = 4                                         {product} {ergonomic}
     uint ConcGCThreads                            = 2                                         {product} {ergonomic}
     uint G1ConcRefinementThreads                  = 8                                         {product} {ergonomic}
   size_t G1HeapRegionSize                         = 1048576                                   {product} {ergonomic}
    uintx GCDrainStackTargetSize                   = 64                                        {product} {ergonomic}
   size_t InitialHeapSize                          = 130023424                                 {product} {ergonomic}
   size_t MarkStackSize                            = 4194304                                   {product} {ergonomic}
   size_t MaxHeapSize                              = 2061500416                                {product} {ergonomic}
   size_t MinHeapDeltaBytes                        = 1048576                                   {product} {ergonomic}
   size_t MinHeapSize                              = 8388608                                   {product} {ergonomic}
    uintx NonNMethodCodeHeapSize                   = 5839372                                {pd product} {ergonomic}
    uintx NonProfiledCodeHeapSize                  = 122909434                              {pd product} {ergonomic}
    uintx ProfiledCodeHeapSize                     = 122909434                              {pd product} {ergonomic}
    uintx ReservedCodeCacheSize                    = 251658240                              {pd product} {ergonomic}
     bool SegmentedCodeCache                       = true                                      {product} {ergonomic}
   size_t SoftMaxHeapSize                          = 2061500416                             {manageable} {ergonomic}
     bool UseCompressedClassPointers               = true                           {product lp64_product} {ergonomic}
     bool UseCompressedOops                        = true                           {product lp64_product} {ergonomic}
     bool UseG1GC                                  = true                                      {product} {ergonomic}
     bool UseLargePagesIndividualAllocation        = false                                  {pd product} {ergonomic}

Logging:
Log output configuration:
 #0: stdout all=warning uptime,level,tags
 #1: stderr all=off uptime,level,tags

Environment Variables:
JAVA_HOME=C:\Program Files\Java\jdk-19.0.2
CLASSPATH=.;C:\Program Files\Java\jdk-19.0.2\lib
PATH=C:/Program Files/Git/mingw64/libexec/git-core;C:/Program Files/Git/mingw64/libexec/git-core;C:\Program Files\Git\mingw64\bin;C:\Program Files\Git\usr\bin;C:\Users\Clara\bin;C:\Program Files\Common Files\Oracle\Java\javapath;C:\WINDOWS\system32;C:\WINDOWS;C:\WINDOWS\System32\Wbem;C:\WINDOWS\System32\WindowsPowerShell\v1.0\;C:\WINDOWS\System32\OpenSSH\;C:\MinGW\bin;C:\Program Files\MATLAB\R2021b\bin;C:\Program Files\Git\cmd;C:\Program Files\Java\jdk-19.0.2\bin;C:\Program Files\JetBrains\IntelliJ IDEA 2022.3.3\bin
USERNAME=Clara
DISPLAY=:0.0
LC_ALL=en_US.UTF-8
TERM=xterm-256color
TMPDIR=C:\Users\Clara\AppData\Local\Temp
OS=Windows_NT
PROCESSOR_IDENTIFIER=Intel64 Family 6 Model 126 Stepping 5, GenuineIntel
TMP=C:\Users\Clara\AppData\Local\Temp
TEMP=C:\Users\Clara\AppData\Local\Temp


JNI global refs:

[error occurred during error reporting (JNI global references), id 0xc0000005, EXCEPTION_ACCESS_VIOLATION (0xc0000005) at pc=0x00007ff997aa7fc0]


---------------  S Y S T E M  ---------------

OS:
 Windows 11 , 64 bit Build 22621 (10.0.22621.1778)
OS uptime: 0 days 2:13 hours
Hyper-V role detected

CPU: total 8 (initial active 8) (4 cores per cpu, 2 threads per core) family 6 model 126 stepping 5 microcode 0x86, cx8, cmov, fxsr, ht, mmx, 3dnowpref, sse, sse2, sse3, ssse3, sse4.1, sse4.2, popcnt, lzcnt, tsc, tscinvbit, avx, avx2, aes, erms, clmul, bmi1, bmi2, adx, avx512f, avx512dq, avx512cd, avx512bw, avx512vl, sha, fma, vzeroupper, avx512_vpopcntdq, avx512_vpclmulqdq, avx512_vaes, avx512_vnni, clflush, clflushopt, avx512_vbmi2, avx512_vbmi, hv

Memory: 4k page, system-wide physical 7857M (1847M free)
TotalPageFile size 7857M (AvailPageFile size 84M)
current process WorkingSet (physical memory assigned to process): 11M, peak: 11M
current process commit charge ("private bytes"): 60M, peak: 184M

vm_info: OpenJDK 64-Bit Server VM (17.0.7+10-b829.16) for windows-amd64 JRE (17.0.7+10-b829.16), built on 2023-06-02 by "builduser" with MS VC++ 16.10 / 16.11 (VS2019)

END.
