#
# There is insufficient memory for the Java Runtime Environment to continue.
# Native memory allocation (malloc) failed to allocate 1048576 bytes for AllocateHeap
# Possible reasons:
#   The system is out of physical RAM or swap space
#   The process is running with CompressedOops enabled, and the Java Heap may be blocking the growth of the native heap
# Possible solutions:
#   Reduce memory load on the system
#   Increase physical memory or swap space
#   Check if swap backing store is full
#   Decrease Java heap size (-Xmx/-Xms)
#   Decrease number of Java threads
#   Decrease Java thread stack sizes (-Xss)
#   Set larger code cache with -XX:ReservedCodeCacheSize=
#   JVM is running with Unscaled Compressed Oops mode in which the Java heap is
#     placed in the first 4GB address space. The Java Heap base address is the
#     maximum limit for the native heap growth. Please use -XX:HeapBaseMinAddress
#     to set the Java Heap base and to place the Java Heap above 4GB virtual address.
# This output file may be truncated or incomplete.
#
#  Out of Memory Error (allocation.cpp:44), pid=9980, tid=14748
#
# JRE version:  (17.0.6+10) (build )
# Java VM: OpenJDK 64-Bit Server VM (17.0.6+10-b829.5, mixed mode, sharing, tiered, compressed oops, compressed class ptrs, g1 gc, windows-amd64)
# No core dump will be written. Minidumps are not enabled by default on client versions of Windows
#

---------------  S U M M A R Y ------------

Command Line: git4idea.http.GitAskPassApp Username for 'https://github.com': 

Host: Intel(R) Core(TM) i5-1035G1 CPU @ 1.00GHz, 8 cores, 7G,  Windows 11 , 64 bit Build 22621 (10.0.22621.1485)
Time: Mon May  1 15:21:36 2023 ora legale Europa occidentale elapsed time: 0.033999 seconds (0d 0h 0m 0s)

---------------  T H R E A D  ---------------

Current thread (0x000002627f0194f0):  JavaThread "Unknown thread" [_thread_in_vm, id=14748, stack(0x000000ea3e200000,0x000000ea3e300000)]

Stack: [0x000000ea3e200000,0x000000ea3e300000]
Native frames: (J=compiled Java code, j=interpreted, Vv=VM code, C=native code)
V  [jvm.dll+0x683b4a]
V  [jvm.dll+0x842654]
V  [jvm.dll+0x843dfe]
V  [jvm.dll+0x844463]
V  [jvm.dll+0x249b75]
V  [jvm.dll+0xa641f]
V  [jvm.dll+0x2db8c4]
V  [jvm.dll+0x813f0c]
V  [jvm.dll+0x36e6a1]
V  [jvm.dll+0x7f347c]
V  [jvm.dll+0x3f0e8f]
V  [jvm.dll+0x3f29d1]
C  [jli.dll+0x526b]
C  [ucrtbase.dll+0x29363]
C  [KERNEL32.DLL+0x1269d]
C  [ntdll.dll+0x5a9f8]


---------------  P R O C E S S  ---------------

Threads class SMR info:
_java_thread_list=0x00007ffce8b2c058, length=0, elements={
}

Java Threads: ( => current thread )

Other Threads:

=>0x000002627f0194f0 (exited) JavaThread "Unknown thread" [_thread_in_vm, id=14748, stack(0x000000ea3e200000,0x000000ea3e300000)]

Threads with active compile tasks:

VM state: not at safepoint (not fully initialized)

VM Mutex/Monitor currently owned by a thread: None

Heap address: 0x0000000000000000, size: 0 MB, Compressed Oops mode: 32-bit

CDS archive(s) mapped at: [0x0000000000000000-0x0000000000000000-0x0000000000000000), size 0, SharedBaseAddress: 0x0000000800000000, ArchiveRelocationMode: 0.
Narrow klass base: 0x0000000000000000, Narrow klass shift: 0, Narrow klass range: 0x0

GC Precious Log:
<Empty>

GC Heap History (0 events):
No events

Dll operation events (1 events):
Event: 0.020 Loaded shared library C:\Program Files\JetBrains\IntelliJ IDEA 2022.3.3\jbr\bin\java.dll

Deoptimization events (0 events):
No events

Classes unloaded (0 events):
No events

Classes redefined (0 events):
No events

Internal exceptions (0 events):
No events

VM Operations (0 events):
No events

Events (0 events):
No events


Dynamic libraries:
0x00007ff6ef260000 - 0x00007ff6ef26a000 	C:\Program Files\JetBrains\IntelliJ IDEA 2022.3.3\jbr\bin\java.exe
0x00007ffd5cbd0000 - 0x00007ffd5cde4000 	C:\WINDOWS\SYSTEM32\ntdll.dll
0x00007ffd5c460000 - 0x00007ffd5c522000 	C:\WINDOWS\System32\KERNEL32.DLL
0x00007ffd5a280000 - 0x00007ffd5a61c000 	C:\WINDOWS\System32\KERNELBASE.dll
0x00007ffd5a0e0000 - 0x00007ffd5a1f1000 	C:\WINDOWS\System32\ucrtbase.dll
0x00007ffd218e0000 - 0x00007ffd218f7000 	C:\Program Files\JetBrains\IntelliJ IDEA 2022.3.3\jbr\bin\jli.dll
0x00007ffd407e0000 - 0x00007ffd407fb000 	C:\Program Files\JetBrains\IntelliJ IDEA 2022.3.3\jbr\bin\VCRUNTIME140.dll
0x00007ffd5ab00000 - 0x00007ffd5acab000 	C:\WINDOWS\System32\USER32.dll
0x00007ffd4d020000 - 0x00007ffd4d2ae000 	C:\WINDOWS\WinSxS\amd64_microsoft.windows.common-controls_6595b64144ccf1df_6.0.22621.608_none_a9444ca7c10bb01d\COMCTL32.dll
0x00007ffd5a0b0000 - 0x00007ffd5a0d6000 	C:\WINDOWS\System32\win32u.dll
0x00007ffd5acb0000 - 0x00007ffd5ad57000 	C:\WINDOWS\System32\msvcrt.dll
0x00007ffd5afd0000 - 0x00007ffd5aff9000 	C:\WINDOWS\System32\GDI32.dll
0x00007ffd5a620000 - 0x00007ffd5a733000 	C:\WINDOWS\System32\gdi32full.dll
0x00007ffd5a010000 - 0x00007ffd5a0aa000 	C:\WINDOWS\System32\msvcp_win.dll
0x00007ffd5c600000 - 0x00007ffd5c631000 	C:\WINDOWS\System32\IMM32.DLL
0x00007ffd40850000 - 0x00007ffd4085c000 	C:\Program Files\JetBrains\IntelliJ IDEA 2022.3.3\jbr\bin\vcruntime140_1.dll
0x00007ffd09ca0000 - 0x00007ffd09d2d000 	C:\Program Files\JetBrains\IntelliJ IDEA 2022.3.3\jbr\bin\msvcp140.dll
0x00007ffce7ff0000 - 0x00007ffce8c5d000 	C:\Program Files\JetBrains\IntelliJ IDEA 2022.3.3\jbr\bin\server\jvm.dll
0x00007ffd5b9a0000 - 0x00007ffd5ba4e000 	C:\WINDOWS\System32\ADVAPI32.dll
0x00007ffd5c530000 - 0x00007ffd5c5d4000 	C:\WINDOWS\System32\sechost.dll
0x00007ffd5bac0000 - 0x00007ffd5bbd7000 	C:\WINDOWS\System32\RPCRT4.dll
0x00007ffd2b9d0000 - 0x00007ffd2b9d9000 	C:\WINDOWS\SYSTEM32\WSOCK32.dll
0x00007ffd5b920000 - 0x00007ffd5b991000 	C:\WINDOWS\System32\WS2_32.dll
0x00007ffd4dcb0000 - 0x00007ffd4dce4000 	C:\WINDOWS\SYSTEM32\WINMM.dll
0x00007ffd4e060000 - 0x00007ffd4e06a000 	C:\WINDOWS\SYSTEM32\VERSION.dll
0x00007ffd59040000 - 0x00007ffd59058000 	C:\WINDOWS\SYSTEM32\kernel.appcore.dll
0x00007ffd4dd10000 - 0x00007ffd4dd1a000 	C:\Program Files\JetBrains\IntelliJ IDEA 2022.3.3\jbr\bin\jimage.dll
0x00007ffd57ab0000 - 0x00007ffd57cde000 	C:\WINDOWS\SYSTEM32\DBGHELP.DLL
0x00007ffd5c640000 - 0x00007ffd5c9c9000 	C:\WINDOWS\System32\combase.dll
0x00007ffd5b840000 - 0x00007ffd5b917000 	C:\WINDOWS\System32\OLEAUT32.dll
0x00007ffd4bf60000 - 0x00007ffd4bf92000 	C:\WINDOWS\SYSTEM32\dbgcore.DLL
0x00007ffd5a200000 - 0x00007ffd5a27b000 	C:\WINDOWS\System32\bcryptPrimitives.dll
0x00007ffd21d10000 - 0x00007ffd21d35000 	C:\Program Files\JetBrains\IntelliJ IDEA 2022.3.3\jbr\bin\java.dll

dbghelp: loaded successfully - version: 4.0.5 - missing functions: none
symbol engine: initialized successfully - sym options: 0x614 - pdb path: .;C:\Program Files\JetBrains\IntelliJ IDEA 2022.3.3\jbr\bin;C:\WINDOWS\SYSTEM32;C:\WINDOWS\WinSxS\amd64_microsoft.windows.common-controls_6595b64144ccf1df_6.0.22621.608_none_a9444ca7c10bb01d;C:\Program Files\JetBrains\IntelliJ IDEA 2022.3.3\jbr\bin\server

VM Arguments:
java_command: git4idea.http.GitAskPassApp Username for 'https://github.com': 
java_class_path (initial): C:/Program Files/JetBrains/IntelliJ IDEA 2022.3.3/plugins/vcs-git/lib/git4idea-rt.jar;C:/Program Files/JetBrains/IntelliJ IDEA 2022.3.3/lib/externalProcess-rt.jar
Launcher Type: SUN_STANDARD

[Global flags]
     intx CICompilerCount                          = 4                                         {product} {ergonomic}
     uint ConcGCThreads                            = 2                                         {product} {ergonomic}
     uint G1ConcRefinementThreads                  = 8                                         {product} {ergonomic}
   size_t G1HeapRegionSize                         = 1048576                                   {product} {ergonomic}
    uintx GCDrainStackTargetSize                   = 64                                        {product} {ergonomic}
   size_t InitialHeapSize                          = 130023424                                 {product} {ergonomic}
   size_t MarkStackSize                            = 4194304                                   {product} {ergonomic}
   size_t MaxHeapSize                              = 2061500416                                {product} {ergonomic}
   size_t MinHeapDeltaBytes                        = 1048576                                   {product} {ergonomic}
   size_t MinHeapSize                              = 8388608                                   {product} {ergonomic}
    uintx NonNMethodCodeHeapSize                   = 5839372                                {pd product} {ergonomic}
    uintx NonProfiledCodeHeapSize                  = 122909434                              {pd product} {ergonomic}
    uintx ProfiledCodeHeapSize                     = 122909434                              {pd product} {ergonomic}
    uintx ReservedCodeCacheSize                    = 251658240                              {pd product} {ergonomic}
     bool SegmentedCodeCache                       = true                                      {product} {ergonomic}
   size_t SoftMaxHeapSize                          = 2061500416                             {manageable} {ergonomic}
     bool UseCompressedClassPointers               = true                           {product lp64_product} {ergonomic}
     bool UseCompressedOops                        = true                           {product lp64_product} {ergonomic}
     bool UseG1GC                                  = true                                      {product} {ergonomic}
     bool UseLargePagesIndividualAllocation        = false                                  {pd product} {ergonomic}

Logging:
Log output configuration:
 #0: stdout all=warning uptime,level,tags
 #1: stderr all=off uptime,level,tags

Environment Variables:
JAVA_HOME=C:\Program Files\Java\jdk-19.0.2
CLASSPATH=.;C:\Program Files\Java\jdk-19.0.2\lib
PATH=C:/Program Files/Git/mingw64/libexec/git-core;C:/Program Files/Git/mingw64/libexec/git-core;C:\Program Files\Git\mingw64\bin;C:\Program Files\Git\usr\bin;C:\Users\Clara\bin;C:\Program Files\Common Files\Oracle\Java\javapath;C:\WINDOWS\system32;C:\WINDOWS;C:\WINDOWS\System32\Wbem;C:\WINDOWS\System32\WindowsPowerShell\v1.0\;C:\WINDOWS\System32\OpenSSH\;C:\MinGW\bin;C:\Program Files\MATLAB\R2021b\bin;C:\Program Files\Git\cmd;C:\Program Files\Java\jdk-19.0.2\bin;C:\Program Files\JetBrains\IntelliJ IDEA 2022.3.3\bin
USERNAME=Clara
DISPLAY=:0.0
LC_ALL=en_US.UTF-8
TERM=xterm-256color
TMPDIR=C:\Users\Clara\AppData\Local\Temp
OS=Windows_NT
PROCESSOR_IDENTIFIER=Intel64 Family 6 Model 126 Stepping 5, GenuineIntel
TMP=C:\Users\Clara\AppData\Local\Temp
TEMP=C:\Users\Clara\AppData\Local\Temp



---------------  S Y S T E M  ---------------

OS:
 Windows 11 , 64 bit Build 22621 (10.0.22621.1485)
OS uptime: 0 days 2:01 hours
Hyper-V role detected

CPU: total 8 (initial active 8) (4 cores per cpu, 2 threads per core) family 6 model 126 stepping 5 microcode 0x86, cx8, cmov, fxsr, ht, mmx, 3dnowpref, sse, sse2, sse3, ssse3, sse4.1, sse4.2, popcnt, lzcnt, tsc, tscinvbit, avx, avx2, aes, erms, clmul, bmi1, bmi2, adx, avx512f, avx512dq, avx512cd, avx512bw, avx512vl, sha, fma, vzeroupper, avx512_vpopcntdq, avx512_vpclmulqdq, avx512_vaes, avx512_vnni, clflush, clflushopt, avx512_vbmi2, avx512_vbmi, hv

Memory: 4k page, system-wide physical 7857M (2041M free)
TotalPageFile size 7857M (AvailPageFile size 5M)
current process WorkingSet (physical memory assigned to process): 10M, peak: 10M
current process commit charge ("private bytes"): 16M, peak: 17M

vm_info: OpenJDK 64-Bit Server VM (17.0.6+10-b829.5) for windows-amd64 JRE (17.0.6+10-b829.5), built on 2023-02-24 by "builduser" with MS VC++ 16.10 / 16.11 (VS2019)

END.
