#
# There is insufficient memory for the Java Runtime Environment to continue.
# Native memory allocation (mmap) failed to map 130023424 bytes for G1 virtual space
# Possible reasons:
#   The system is out of physical RAM or swap space
#   The process is running with CompressedOops enabled, and the Java Heap may be blocking the growth of the native heap
# Possible solutions:
#   Reduce memory load on the system
#   Increase physical memory or swap space
#   Check if swap backing store is full
#   Decrease Java heap size (-Xmx/-Xms)
#   Decrease number of Java threads
#   Decrease Java thread stack sizes (-Xss)
#   Set larger code cache with -XX:ReservedCodeCacheSize=
#   JVM is running with Unscaled Compressed Oops mode in which the Java heap is
#     placed in the first 4GB address space. The Java Heap base address is the
#     maximum limit for the native heap growth. Please use -XX:HeapBaseMinAddress
#     to set the Java Heap base and to place the Java Heap above 4GB virtual address.
# This output file may be truncated or incomplete.
#
#  Out of Memory Error (os_windows.cpp:3527), pid=8004, tid=1692
#
# JRE version:  (19.0.1+10) (build )
# Java VM: OpenJDK 64-Bit Server VM (19.0.1+10-21, mixed mode, sharing, tiered, compressed oops, compressed class ptrs, g1 gc, windows-amd64)
# No core dump will be written. Minidumps are not enabled by default on client versions of Windows
#

---------------  S U M M A R Y ------------

Command Line: -javaagent:C:\Program Files\JetBrains\IntelliJ IDEA 2022.3.3\lib\idea_rt.jar=50716:C:\Program Files\JetBrains\IntelliJ IDEA 2022.3.3\bin -Dfile.encoding=UTF-8 -Dsun.stdout.encoding=UTF-8 -Dsun.stderr.encoding=UTF-8 AppMain.Main

Host: Intel(R) Core(TM) i5-1035G1 CPU @ 1.00GHz, 8 cores, 7G,  Windows 11 , 64 bit Build 22621 (10.0.22621.1778)
Time: Tue Jun 27 17:42:38 2023 ora legale Europa occidentale elapsed time: 0.015051 seconds (0d 0h 0m 0s)

---------------  T H R E A D  ---------------

Current thread (0x0000024269189fc0):  JavaThread "Unknown thread" [_thread_in_vm, id=1692, stack(0x00000048f4000000,0x00000048f4100000)]

Stack: [0x00000048f4000000,0x00000048f4100000]
Native frames: (J=compiled Java code, j=interpreted, Vv=VM code, C=native code)
V  [jvm.dll+0x6ee8fa]
V  [jvm.dll+0x857a1e]
V  [jvm.dll+0x85940e]
V  [jvm.dll+0x859ac3]
V  [jvm.dll+0x28291f]
V  [jvm.dll+0x6eb6e9]
V  [jvm.dll+0x6e028a]
V  [jvm.dll+0x357136]
V  [jvm.dll+0x35eb96]
V  [jvm.dll+0x3b555e]
V  [jvm.dll+0x3b578f]
V  [jvm.dll+0x32c6ea]
V  [jvm.dll+0x32d59e]
V  [jvm.dll+0x821b20]
V  [jvm.dll+0x3c27c1]
V  [jvm.dll+0x8022f1]
V  [jvm.dll+0x44b30f]
V  [jvm.dll+0x44cc91]
C  [jli.dll+0x5287]
C  [ucrtbase.dll+0x29363]
C  [KERNEL32.DLL+0x126ad]
C  [ntdll.dll+0x5a9f8]


---------------  P R O C E S S  ---------------

Threads class SMR info:
_java_thread_list=0x00007ff99322d048, length=0, elements={
}

Java Threads: ( => current thread )

Other Threads:
  0x00000242691e8430 WorkerThread "GC Thread#0" [stack: 0x00000048f4100000,0x00000048f4200000] [id=9136]
  0x00000242691f8c50 ConcurrentGCThread "G1 Main Marker" [stack: 0x00000048f4200000,0x00000048f4300000] [id=648]
  0x00000242691fa690 WorkerThread "G1 Conc#0" [stack: 0x00000048f4300000,0x00000048f4400000] [id=11624]

[error occurred during error reporting (printing all threads), id 0xc0000005, EXCEPTION_ACCESS_VIOLATION (0xc0000005) at pc=0x00007ff9929ed127]

VM state: not at safepoint (not fully initialized)

VM Mutex/Monitor currently owned by a thread:  ([mutex/lock_event])
[0x0000024269185ca0] Heap_lock - owner thread: 0x0000024269189fc0

Heap address: 0x0000000085200000, size: 1966 MB, Compressed Oops mode: 32-bit

CDS archive(s) mapped at: [0x0000000000000000-0x0000000000000000-0x0000000000000000), size 0, SharedBaseAddress: 0x0000000800000000, ArchiveRelocationMode: 0.
Narrow klass base: 0x0000000000000000, Narrow klass shift: 0, Narrow klass range: 0x0

GC Precious Log:
 CardTable entry size: 512
 Card Set container configuration: InlinePtr #cards 5 size 8 Array Of Cards #cards 12 size 40 Howl #buckets 4 coarsen threshold 1843 Howl Bitmap #cards 512 size 80 coarsen threshold 460 Card regions per heap region 1 cards per card region 2048

Heap:
 garbage-first heap   total 0K, used 0K [0x0000000085200000, 0x0000000100000000)
  region size 1024K, 0 young (0K), 0 survivors (0K)

[error occurred during error reporting (printing heap information), id 0xc0000005, EXCEPTION_ACCESS_VIOLATION (0xc0000005) at pc=0x00007ff992df6959]

GC Heap History (0 events):
No events

Dll operation events (1 events):
Event: 0.010 Loaded shared library C:\Users\Clara\.jdks\openjdk-19.0.1\bin\java.dll

Deoptimization events (0 events):
No events

Classes loaded (0 events):
No events

Classes unloaded (0 events):
No events

Classes redefined (0 events):
No events

Internal exceptions (0 events):
No events

VM Operations (0 events):
No events

Events (0 events):
No events


Dynamic libraries:
0x00007ff649fe0000 - 0x00007ff649fee000 	C:\Users\Clara\.jdks\openjdk-19.0.1\bin\java.exe
0x00007ff9de4d0000 - 0x00007ff9de6e4000 	C:\WINDOWS\SYSTEM32\ntdll.dll
0x00007ff9dc2f0000 - 0x00007ff9dc3b2000 	C:\WINDOWS\System32\KERNEL32.DLL
0x00007ff9dbe60000 - 0x00007ff9dc203000 	C:\WINDOWS\System32\KERNELBASE.dll
0x00007ff9dba10000 - 0x00007ff9dbb21000 	C:\WINDOWS\System32\ucrtbase.dll
0x00007ff9c8be0000 - 0x00007ff9c8bfb000 	C:\Users\Clara\.jdks\openjdk-19.0.1\bin\VCRUNTIME140.dll
0x00007ff9c8550000 - 0x00007ff9c8567000 	C:\Users\Clara\.jdks\openjdk-19.0.1\bin\jli.dll
0x00007ff9de120000 - 0x00007ff9de2cb000 	C:\WINDOWS\System32\USER32.dll
0x00007ff9cd2f0000 - 0x00007ff9cd57e000 	C:\WINDOWS\WinSxS\amd64_microsoft.windows.common-controls_6595b64144ccf1df_6.0.22621.1635_none_270f70857386168e\COMCTL32.dll
0x00007ff9dbc50000 - 0x00007ff9dbc76000 	C:\WINDOWS\System32\win32u.dll
0x00007ff9dd540000 - 0x00007ff9dd5e7000 	C:\WINDOWS\System32\msvcrt.dll
0x00007ff9de0f0000 - 0x00007ff9de119000 	C:\WINDOWS\System32\GDI32.dll
0x00007ff9dbb30000 - 0x00007ff9dbc49000 	C:\WINDOWS\System32\gdi32full.dll
0x00007ff9dc210000 - 0x00007ff9dc2aa000 	C:\WINDOWS\System32\msvcp_win.dll
0x00007ff9dc2b0000 - 0x00007ff9dc2e1000 	C:\WINDOWS\System32\IMM32.DLL
0x00007ff9d3870000 - 0x00007ff9d387c000 	C:\Users\Clara\.jdks\openjdk-19.0.1\bin\vcruntime140_1.dll
0x00007ff9bf650000 - 0x00007ff9bf6de000 	C:\Users\Clara\.jdks\openjdk-19.0.1\bin\msvcp140.dll
0x00007ff9926b0000 - 0x00007ff993370000 	C:\Users\Clara\.jdks\openjdk-19.0.1\bin\server\jvm.dll
0x00007ff9dcaa0000 - 0x00007ff9dcb4e000 	C:\WINDOWS\System32\ADVAPI32.dll
0x00007ff9dcd50000 - 0x00007ff9dcdf4000 	C:\WINDOWS\System32\sechost.dll
0x00007ff9dce00000 - 0x00007ff9dcf17000 	C:\WINDOWS\System32\RPCRT4.dll
0x00007ff9d4f70000 - 0x00007ff9d4f79000 	C:\WINDOWS\SYSTEM32\WSOCK32.dll
0x00007ff9cfa00000 - 0x00007ff9cfa34000 	C:\WINDOWS\SYSTEM32\WINMM.dll
0x00007ff9cf690000 - 0x00007ff9cf69a000 	C:\WINDOWS\SYSTEM32\VERSION.dll
0x00007ff9dd3b0000 - 0x00007ff9dd421000 	C:\WINDOWS\System32\WS2_32.dll
0x00007ff9da8f0000 - 0x00007ff9da908000 	C:\WINDOWS\SYSTEM32\kernel.appcore.dll
0x00007ff9d30b0000 - 0x00007ff9d30ba000 	C:\Users\Clara\.jdks\openjdk-19.0.1\bin\jimage.dll
0x00007ff9d9310000 - 0x00007ff9d953e000 	C:\WINDOWS\SYSTEM32\DBGHELP.DLL
0x00007ff9dd020000 - 0x00007ff9dd3a9000 	C:\WINDOWS\System32\combase.dll
0x00007ff9dc9c0000 - 0x00007ff9dca97000 	C:\WINDOWS\System32\OLEAUT32.dll
0x00007ff9c8f20000 - 0x00007ff9c8f52000 	C:\WINDOWS\SYSTEM32\dbgcore.DLL
0x00007ff9db990000 - 0x00007ff9dba0b000 	C:\WINDOWS\System32\bcryptPrimitives.dll
0x00007ff9d39e0000 - 0x00007ff9d39ee000 	C:\Users\Clara\.jdks\openjdk-19.0.1\bin\instrument.dll
0x00007ff9c8520000 - 0x00007ff9c8546000 	C:\Users\Clara\.jdks\openjdk-19.0.1\bin\java.dll

dbghelp: loaded successfully - version: 4.0.5 - missing functions: none
symbol engine: initialized successfully - sym options: 0x614 - pdb path: .;C:\Users\Clara\.jdks\openjdk-19.0.1\bin;C:\WINDOWS\SYSTEM32;C:\WINDOWS\WinSxS\amd64_microsoft.windows.common-controls_6595b64144ccf1df_6.0.22621.1635_none_270f70857386168e;C:\Users\Clara\.jdks\openjdk-19.0.1\bin\server

VM Arguments:
jvm_args: -javaagent:C:\Program Files\JetBrains\IntelliJ IDEA 2022.3.3\lib\idea_rt.jar=50716:C:\Program Files\JetBrains\IntelliJ IDEA 2022.3.3\bin -Dfile.encoding=UTF-8 -Dsun.stdout.encoding=UTF-8 -Dsun.stderr.encoding=UTF-8 
java_command: AppMain.Main
java_class_path (initial): C:\Program Files\ing-sw-2023-spineto-solbiati-spezzi-romano\target\classes;C:\Users\Clara\.m2\repository\org\openjfx\javafx-base\20.0.1\javafx-base-20.0.1.jar;C:\Users\Clara\.m2\repository\org\openjfx\javafx-base\20.0.1\javafx-base-20.0.1-win.jar;C:\Users\Clara\.m2\repository\org\openjfx\javafx-controls\20.0.1\javafx-controls-20.0.1.jar;C:\Users\Clara\.m2\repository\org\openjfx\javafx-controls\20.0.1\javafx-controls-20.0.1-win.jar;C:\Users\Clara\.m2\repository\org\openjfx\javafx-fxml\20.0.1\javafx-fxml-20.0.1.jar;C:\Users\Clara\.m2\repository\org\openjfx\javafx-fxml\20.0.1\javafx-fxml-20.0.1-win.jar;C:\Users\Clara\.m2\repository\org\openjfx\javafx-swing\20.0.1\javafx-swing-20.0.1.jar;C:\Users\Clara\.m2\repository\org\openjfx\javafx-swing\20.0.1\javafx-swing-20.0.1-win.jar;C:\Users\Clara\.m2\repository\org\openjfx\javafx-graphics\20.0.1\javafx-graphics-20.0.1.jar;C:\Users\Clara\.m2\repository\org\openjfx\javafx-graphics\20.0.1\javafx-graphics-20.0.1-win.jar;C:\Users\Clara\.m2\repository\org\openjfx\javafx-media\20.0.1\javafx-media-20.0.1.jar;C:\Users\Clara\.m2\repository\org\openjfx\javafx-media\20.0.1\javafx-media-20.0.1-win.jar;C:\Users\Clara\.m2\repository\org\openjfx\javafx-web\20.0.1\javafx-web-20.0.1.jar;C:\Users\Clara\.m2\repository\org\openjfx\javafx-web\20.0.1\javafx-web-20.0.1-win.jar
Launcher Type: SUN_STANDARD

[Global flags]
     intx CICompilerCount                          = 4                                         {product} {ergonomic}
     uint ConcGCThreads                            = 2                                         {product} {ergonomic}
     uint G1ConcRefinementThreads                  = 8                                         {product} {ergonomic}
   size_t G1HeapRegionSize                         = 1048576                                   {product} {ergonomic}
    uintx GCDrainStackTargetSize                   = 64                                        {product} {ergonomic}
   size_t InitialHeapSize                          = 130023424                                 {product} {ergonomic}
   size_t MarkStackSize                            = 4194304                                   {product} {ergonomic}
   size_t MaxHeapSize                              = 2061500416                                {product} {ergonomic}
   size_t MinHeapDeltaBytes                        = 1048576                                   {product} {ergonomic}
   size_t MinHeapSize                              = 8388608                                   {product} {ergonomic}
    uintx NonNMethodCodeHeapSize                   = 5839372                                {pd product} {ergonomic}
    uintx NonProfiledCodeHeapSize                  = 122909434                              {pd product} {ergonomic}
    uintx ProfiledCodeHeapSize                     = 122909434                              {pd product} {ergonomic}
    uintx ReservedCodeCacheSize                    = 251658240                              {pd product} {ergonomic}
     bool SegmentedCodeCache                       = true                                      {product} {ergonomic}
   size_t SoftMaxHeapSize                          = 2061500416                             {manageable} {ergonomic}
     bool UseCompressedClassPointers               = true                           {product lp64_product} {ergonomic}
     bool UseCompressedOops                        = true                           {product lp64_product} {ergonomic}
     bool UseG1GC                                  = true                                      {product} {ergonomic}
     bool UseLargePagesIndividualAllocation        = false                                  {pd product} {ergonomic}

Logging:
Log output configuration:
 #0: stdout all=warning uptime,level,tags foldmultilines=false
 #1: stderr all=off uptime,level,tags foldmultilines=false

Environment Variables:
JAVA_HOME=C:\Program Files\Java\jdk-19.0.2
CLASSPATH=.;C:\Program Files\Java\jdk-19.0.2\lib
PATH=C:\Program Files\Common Files\Oracle\Java\javapath;C:\WINDOWS\system32;C:\WINDOWS;C:\WINDOWS\System32\Wbem;C:\WINDOWS\System32\WindowsPowerShell\v1.0\;C:\WINDOWS\System32\OpenSSH\;C:\MinGW\bin;C:\Program Files\MATLAB\R2021b\bin;C:\Program Files\Git\cmd;C:\Program Files\Java\jdk-19.0.2\bin;C:\Program Files\JetBrains\IntelliJ IDEA 2022.3.3\bin
USERNAME=Clara
OS=Windows_NT
PROCESSOR_IDENTIFIER=Intel64 Family 6 Model 126 Stepping 5, GenuineIntel
TMP=C:\Users\Clara\AppData\Local\Temp
TEMP=C:\Users\Clara\AppData\Local\Temp



---------------  S Y S T E M  ---------------

OS:
 Windows 11 , 64 bit Build 22621 (10.0.22621.1778)
OS uptime: 0 days 2:13 hours
Hyper-V role detected

CPU: total 8 (initial active 8) (4 cores per cpu, 2 threads per core) family 6 model 126 stepping 5 microcode 0x86, cx8, cmov, fxsr, ht, mmx, 3dnowpref, sse, sse2, sse3, ssse3, sse4.1, sse4.2, popcnt, lzcnt, tsc, tscinvbit, avx, avx2, aes, erms, clmul, bmi1, bmi2, adx, avx512f, avx512dq, avx512cd, avx512bw, avx512vl, sha, fma, vzeroupper, avx512_vpopcntdq, avx512_vpclmulqdq, avx512_vaes, avx512_vnni, clflush, clflushopt, avx512_vbmi2, avx512_vbmi, hv, rdtscp, rdpid, fsrm, gfni, avx512_bitalg

Memory: 4k page, system-wide physical 7857M (1843M free)
TotalPageFile size 7857M (AvailPageFile size 79M)
current process WorkingSet (physical memory assigned to process): 11M, peak: 11M
current process commit charge ("private bytes"): 60M, peak: 184M

vm_info: OpenJDK 64-Bit Server VM (19.0.1+10-21) for windows-amd64 JRE (19.0.1+10-21), built on 2022-09-14T12:45:06Z by "mach5one" with MS VC++ 17.1 (VS2022)

END.
